#
# There is insufficient memory for the Java Runtime Environment to continue.
# Native memory allocation (malloc) failed to allocate 590576 bytes for Chunk::new
# Possible reasons:
#   The system is out of physical RAM or swap space
#   The process is running with CompressedOops enabled, and the Java Heap may be blocking the growth of the native heap
# Possible solutions:
#   Reduce memory load on the system
#   Increase physical memory or swap space
#   Check if swap backing store is full
#   Decrease Java heap size (-Xmx/-Xms)
#   Decrease number of Java threads
#   Decrease Java thread stack sizes (-Xss)
#   Set larger code cache with -XX:ReservedCodeCacheSize=
#   JVM is running with Unscaled Compressed Oops mode in which the Java heap is
#     placed in the first 4GB address space. The Java Heap base address is the
#     maximum limit for the native heap growth. Please use -XX:HeapBaseMinAddress
#     to set the Java Heap base and to place the Java Heap above 4GB virtual address.
# This output file may be truncated or incomplete.
#
#  Out of Memory Error (arena.cpp:189), pid=5476, tid=24396
#
# JRE version: OpenJDK Runtime Environment Temurin-17.0.6+10 (17.0.6+10) (build 17.0.6+10)
# Java VM: OpenJDK 64-Bit Server VM Temurin-17.0.6+10 (17.0.6+10, mixed mode, tiered, compressed oops, compressed class ptrs, parallel gc, windows-amd64)
# No core dump will be written. Minidumps are not enabled by default on client versions of Windows
#

---------------  S U M M A R Y ------------

Command Line: --add-modules=ALL-SYSTEM --add-opens=java.base/java.util=ALL-UNNAMED --add-opens=java.base/java.lang=ALL-UNNAMED --add-opens=java.base/sun.nio.fs=ALL-UNNAMED -Declipse.application=org.eclipse.jdt.ls.core.id1 -Dosgi.bundles.defaultStartLevel=4 -Declipse.product=org.eclipse.jdt.ls.core.product -Djava.import.generatesMetadataFilesAtProjectRoot=false -Dfile.encoding=utf8 -XX:+UseParallelGC -XX:GCTimeRatio=4 -XX:AdaptiveSizePolicyWeight=90 -Dsun.zip.disableMemoryMapping=true -Xmx1G -Xms100m -Xlog:disable -javaagent:c:\Users\leroc\.vscode\extensions\redhat.java-1.17.0-win32-x64\lombok\lombok-1.18.24.jar -XX:+HeapDumpOnOutOfMemoryError -XX:HeapDumpPath=c:\Users\leroc\AppData\Roaming\Code\User\workspaceStorage\9dc55543878f886edee43ac7a1d2e9c6\redhat.java -Daether.dependencyCollector.impl=bf c:\Users\leroc\.vscode\extensions\redhat.java-1.17.0-win32-x64\server\plugins\org.eclipse.equinox.launcher_1.6.400.v20210924-0641.jar -configuration c:\Users\leroc\AppData\Roaming\Code\User\globalStorage\redhat.java\1.17.0\config_win -data c:\Users\leroc\AppData\Roaming\Code\User\workspaceStorage\9dc55543878f886edee43ac7a1d2e9c6\redhat.java\jdt_ws

Host: AMD Athlon 300U with Radeon Vega Mobile Gfx    , 4 cores, 3G,  Windows 10 , 64 bit Build 19041 (10.0.19041.2788)
Time: Mon Apr 24 19:30:50 2023 RTZ 6 (s 10 , 64 bit Build 19041 (10.0.19041.2788) elapsed time: 12.076765 seconds (0d 0h 0m 12s)

---------------  T H R E A D  ---------------

Current thread (0x000002096208cab0):  JavaThread "C2 CompilerThread0" daemon [_thread_in_native, id=24396, stack(0x000000e2fca00000,0x000000e2fcb00000)]


Current CompileTask:
C2:  12077 2466       4       sun.util.locale.BaseLocale::getInstance (149 bytes)

Stack: [0x000000e2fca00000,0x000000e2fcb00000]
Native frames: (J=compiled Java code, j=interpreted, Vv=VM code, C=native code)
V  [jvm.dll+0x67741a]
V  [jvm.dll+0x834434]
V  [jvm.dll+0x835bde]
V  [jvm.dll+0x836243]
V  [jvm.dll+0x2457b5]
V  [jvm.dll+0xabafc]
V  [jvm.dll+0xac0cc]
V  [jvm.dll+0x363492]
V  [jvm.dll+0x32dda1]
V  [jvm.dll+0x32d24a]
V  [jvm.dll+0x2185f1]
V  [jvm.dll+0x217a11]
V  [jvm.dll+0x1a3d0d]
V  [jvm.dll+0x22742a]
V  [jvm.dll+0x225565]
V  [jvm.dll+0x7ea2cb]
V  [jvm.dll+0x7e483a]
V  [jvm.dll+0x6762c5]
C  [ucrtbase.dll+0x21bb2]
C  [KERNEL32.DLL+0x17604]
C  [ntdll.dll+0x526a1]


---------------  P R O C E S S  ---------------

Threads class SMR info:
_java_thread_list=0x00000209643f8f20, length=21, elements={
0x000002094e2411b0, 0x000002094e2ec600, 0x000002094e2ee620, 0x0000020962086a80,
0x0000020962087800, 0x000002096208a490, 0x000002096208bec0, 0x000002096208cab0,
0x00000209620a8f10, 0x00000209620abfa0, 0x0000020963a87660, 0x0000020963cc0bb0,
0x000002096421c2d0, 0x00000209642177c0, 0x000002096445ff70, 0x000002096449b670,
0x00000209640038a0, 0x000002096509d020, 0x000002096439f060, 0x00000209643d4230,
0x00000209643d3d60
}

Java Threads: ( => current thread )
  0x000002094e2411b0 JavaThread "main" [_thread_blocked, id=21152, stack(0x000000e2fc100000,0x000000e2fc200000)]
  0x000002094e2ec600 JavaThread "Reference Handler" daemon [_thread_blocked, id=8908, stack(0x000000e2fc400000,0x000000e2fc500000)]
  0x000002094e2ee620 JavaThread "Finalizer" daemon [_thread_blocked, id=5860, stack(0x000000e2fc500000,0x000000e2fc600000)]
  0x0000020962086a80 JavaThread "Signal Dispatcher" daemon [_thread_blocked, id=24552, stack(0x000000e2fc600000,0x000000e2fc700000)]
  0x0000020962087800 JavaThread "Attach Listener" daemon [_thread_blocked, id=24500, stack(0x000000e2fc700000,0x000000e2fc800000)]
  0x000002096208a490 JavaThread "Service Thread" daemon [_thread_blocked, id=7064, stack(0x000000e2fc800000,0x000000e2fc900000)]
  0x000002096208bec0 JavaThread "Monitor Deflation Thread" daemon [_thread_blocked, id=22692, stack(0x000000e2fc900000,0x000000e2fca00000)]
=>0x000002096208cab0 JavaThread "C2 CompilerThread0" daemon [_thread_in_native, id=24396, stack(0x000000e2fca00000,0x000000e2fcb00000)]
  0x00000209620a8f10 JavaThread "C1 CompilerThread0" daemon [_thread_blocked, id=25432, stack(0x000000e2fcb00000,0x000000e2fcc00000)]
  0x00000209620abfa0 JavaThread "Sweeper thread" daemon [_thread_blocked, id=24912, stack(0x000000e2fcc00000,0x000000e2fcd00000)]
  0x0000020963a87660 JavaThread "Common-Cleaner" daemon [_thread_blocked, id=24804, stack(0x000000e2fcd00000,0x000000e2fce00000)]
  0x0000020963cc0bb0 JavaThread "Notification Thread" daemon [_thread_blocked, id=13544, stack(0x000000e2fce00000,0x000000e2fcf00000)]
  0x000002096421c2d0 JavaThread "Active Thread: Equinox Container: 60d0816d-b29e-4372-9939-120378189dc8" [_thread_blocked, id=19624, stack(0x000000e2fd300000,0x000000e2fd400000)]
  0x00000209642177c0 JavaThread "Framework Event Dispatcher: Equinox Container: 60d0816d-b29e-4372-9939-120378189dc8" daemon [_thread_blocked, id=8704, stack(0x000000e2fd400000,0x000000e2fd500000)]
  0x000002096445ff70 JavaThread "Start Level: Equinox Container: 60d0816d-b29e-4372-9939-120378189dc8" daemon [_thread_in_native, id=2540, stack(0x000000e2fd500000,0x000000e2fd600000)]
  0x000002096449b670 JavaThread "SCR Component Actor" daemon [_thread_blocked, id=24684, stack(0x000000e2fd600000,0x000000e2fd700000)]
  0x00000209640038a0 JavaThread "SCR Component Registry" daemon [_thread_blocked, id=17804, stack(0x000000e2fd700000,0x000000e2fd800000)]
  0x000002096509d020 JavaThread "Worker-JM" [_thread_blocked, id=24924, stack(0x000000e2fd800000,0x000000e2fd900000)]
  0x000002096439f060 JavaThread "Worker-0: Checking project encoding" [_thread_blocked, id=22492, stack(0x000000e2fd900000,0x000000e2fda00000)]
  0x00000209643d4230 JavaThread "Worker-1: Refreshing workspace" [_thread_blocked, id=16636, stack(0x000000e2fda00000,0x000000e2fdb00000)]
  0x00000209643d3d60 JavaThread "Worker-2" [_thread_blocked, id=10616, stack(0x000000e2fdb00000,0x000000e2fdc00000)]

Other Threads:
  0x000002096204c130 VMThread "VM Thread" [stack: 0x000000e2fc300000,0x000000e2fc400000] [id=10708]
  0x0000020963cccda0 WatcherThread [stack: 0x000000e2fcf00000,0x000000e2fd000000] [id=13320]
  0x000002094e256030 GCTaskThread "GC Thread#0" [stack: 0x000000e2fc200000,0x000000e2fc300000] [id=24304]
  0x00000209644501e0 GCTaskThread "GC Thread#1" [stack: 0x000000e2fd000000,0x000000e2fd100000] [id=20496]
  0x000002096405bfe0 GCTaskThread "GC Thread#2" [stack: 0x000000e2fd100000,0x000000e2fd200000] [id=21872]
  0x000002096405c290 GCTaskThread "GC Thread#3" [stack: 0x000000e2fd200000,0x000000e2fd300000] [id=9560]

Threads with active compile tasks:
C2 CompilerThread0    12169 2466       4       sun.util.locale.BaseLocale::getInstance (149 bytes)

VM state: not at safepoint (normal execution)

VM Mutex/Monitor currently owned by a thread: None

Heap address: 0x00000000c0000000, size: 1024 MB, Compressed Oops mode: 32-bit

CDS archive(s) not mapped
Compressed class space mapped at: 0x0000000100000000-0x0000000140000000, reserved size: 1073741824
Narrow klass base: 0x0000000000000000, Narrow klass shift: 3, Narrow klass range: 0x140000000

GC Precious Log:
 CPUs: 4 total, 4 available
 Memory: 3460M
 Large Page Support: Disabled
 NUMA Support: Disabled
 Compressed Oops: Enabled (32-bit)
 Alignments: Space 512K, Generation 512K, Heap 2M
 Heap Min Capacity: 100M
 Heap Initial Capacity: 100M
 Heap Max Capacity: 1G
 Pre-touch: Disabled
 Parallel Workers: 4

Heap:
 PSYoungGen      total 29696K, used 15574K [0x00000000eab00000, 0x00000000ecc00000, 0x0000000100000000)
  eden space 25600K, 60% used [0x00000000eab00000,0x00000000eba35bc8,0x00000000ec400000)
  from space 4096K, 0% used [0x00000000ec800000,0x00000000ec800000,0x00000000ecc00000)
  to   space 4096K, 0% used [0x00000000ec400000,0x00000000ec400000,0x00000000ec800000)
 ParOldGen       total 68608K, used 7886K [0x00000000c0000000, 0x00000000c4300000, 0x00000000eab00000)
  object space 68608K, 11% used [0x00000000c0000000,0x00000000c07b3828,0x00000000c4300000)
 Metaspace       used 22463K, committed 22912K, reserved 1073152K
  class space    used 2307K, committed 2496K, reserved 1048576K

Card table byte_map: [0x000002094dbd0000,0x000002094dde0000] _byte_map_base: 0x000002094d5d0000

Marking Bits: (ParMarkBitMap*) 0x00007ff86ba53e70
 Begin Bits: [0x000002095feb0000, 0x0000020960eb0000)
 End Bits:   [0x0000020960eb0000, 0x0000020961eb0000)

Polling page: 0x000002094c170000

Metaspace:

Usage:
  Non-class:     19.68 MB used.
      Class:      2.25 MB used.
       Both:     21.94 MB used.

Virtual space:
  Non-class space:       24.00 MB reserved,      19.94 MB ( 83%) committed,  3 nodes.
      Class space:        1.00 GB reserved,       2.44 MB ( <1%) committed,  1 nodes.
             Both:        1.02 GB reserved,      22.38 MB (  2%) committed. 

Chunk freelists:
   Non-Class:  3.77 MB
       Class:  1.57 MB
        Both:  5.34 MB

MaxMetaspaceSize: unlimited
CompressedClassSpaceSize: 1.00 GB
Initial GC threshold: 21.00 MB
Current GC threshold: 35.00 MB
CDS: off
MetaspaceReclaimPolicy: balanced
 - commit_granule_bytes: 65536.
 - commit_granule_words: 8192.
 - virtual_space_node_default_size: 1048576.
 - enlarge_chunks_in_place: 1.
 - new_chunks_are_fully_committed: 0.
 - uncommit_free_chunks: 1.
 - use_allocation_guard: 0.
 - handle_deallocations: 1.


Internal statistics:

num_allocs_failed_limit: 3.
num_arena_births: 206.
num_arena_deaths: 14.
num_vsnodes_births: 4.
num_vsnodes_deaths: 0.
num_space_committed: 358.
num_space_uncommitted: 0.
num_chunks_returned_to_freelist: 17.
num_chunks_taken_from_freelist: 763.
num_chunk_merges: 7.
num_chunk_splits: 494.
num_chunks_enlarged: 338.
num_purges: 2.
num_inconsistent_stats: 0.

CodeHeap 'non-profiled nmethods': size=120000Kb used=916Kb max_used=916Kb free=119083Kb
 bounds [0x0000020958980000, 0x0000020958bf0000, 0x000002095feb0000]
CodeHeap 'profiled nmethods': size=120000Kb used=4923Kb max_used=4923Kb free=115076Kb
 bounds [0x0000020950eb0000, 0x0000020951380000, 0x00000209583e0000]
CodeHeap 'non-nmethods': size=5760Kb used=1193Kb max_used=1217Kb free=4566Kb
 bounds [0x00000209583e0000, 0x0000020958650000, 0x0000020958980000]
 total_blobs=2966 nmethods=2471 adapters=409
 compilation: enabled
              stopped_count=0, restarted_count=0
 full_count=0

Compilation events (20 events):
Event: 11.980 Thread 0x00000209620a8f10 2458       3       sun.util.locale.InternalLocaleBuilder::getLocaleExtensions (65 bytes)
Event: 11.980 Thread 0x00000209620a8f10 nmethod 2458 0x0000020951378b10 code [0x0000020951378d40, 0x0000020951379588]
Event: 11.980 Thread 0x00000209620a8f10 2459       3       sun.util.locale.LocaleUtils::isEmpty (19 bytes)
Event: 11.980 Thread 0x00000209620a8f10 nmethod 2459 0x0000020951379790 code [0x0000020951379940, 0x0000020951379b88]
Event: 11.980 Thread 0x00000209620a8f10 2465       3       sun.util.locale.BaseLocale$Key::equals (109 bytes)
Event: 11.981 Thread 0x00000209620a8f10 nmethod 2465 0x0000020951379c90 code [0x0000020951379f00, 0x000002095137abd8]
Event: 11.981 Thread 0x00000209620a8f10 2461       3       sun.util.locale.LocaleObjectCache::cleanStaleEntries (34 bytes)
Event: 11.982 Thread 0x00000209620a8f10 nmethod 2461 0x000002095137af10 code [0x000002095137b100, 0x000002095137b6f8]
Event: 11.982 Thread 0x00000209620a8f10 2467       3       java.util.Locale::equals (75 bytes)
Event: 11.982 Thread 0x00000209620a8f10 nmethod 2467 0x000002095137b910 code [0x000002095137bb20, 0x000002095137c258]
Event: 11.982 Thread 0x00000209620a8f10 2468       3       java.util.Locale::hasExtensions (13 bytes)
Event: 11.982 Thread 0x00000209620a8f10 nmethod 2468 0x000002095137c410 code [0x000002095137c5a0, 0x000002095137c718]
Event: 11.982 Thread 0x00000209620a8f10 2469       3       sun.util.locale.BaseLocale::equals (71 bytes)
Event: 11.982 Thread 0x00000209620a8f10 nmethod 2469 0x000002095137c790 code [0x000002095137c960, 0x000002095137ce38]
Event: 11.982 Thread 0x00000209620a8f10 2470       3       java.util.Locale::stripExtensions (20 bytes)
Event: 11.983 Thread 0x00000209620a8f10 nmethod 2470 0x000002095137cf10 code [0x000002095137d0c0, 0x000002095137d348]
Event: 11.985 Thread 0x00000209620a8f10 2471       3       java.util.Calendar::internalSet (8 bytes)
Event: 11.986 Thread 0x00000209620a8f10 nmethod 2471 0x000002095137d410 code [0x000002095137d5a0, 0x000002095137d6d8]
Event: 11.987 Thread 0x000002096208cab0 nmethod 2462 0x0000020958a63e10 code [0x0000020958a63fc0, 0x0000020958a64638]
Event: 11.987 Thread 0x000002096208cab0 2466       4       sun.util.locale.BaseLocale::getInstance (149 bytes)

GC Heap History (10 events):
Event: 3.036 GC heap before
{Heap before GC invocations=1 (full 0):
 PSYoungGen      total 29696K, used 25600K [0x00000000eab00000, 0x00000000ecc00000, 0x0000000100000000)
  eden space 25600K, 100% used [0x00000000eab00000,0x00000000ec400000,0x00000000ec400000)
  from space 4096K, 0% used [0x00000000ec800000,0x00000000ec800000,0x00000000ecc00000)
  to   space 4096K, 0% used [0x00000000ec400000,0x00000000ec400000,0x00000000ec800000)
 ParOldGen       total 68608K, used 0K [0x00000000c0000000, 0x00000000c4300000, 0x00000000eab00000)
  object space 68608K, 0% used [0x00000000c0000000,0x00000000c0000000,0x00000000c4300000)
 Metaspace       used 11140K, committed 11328K, reserved 1064960K
  class space    used 1107K, committed 1216K, reserved 1048576K
}
Event: 3.055 GC heap after
{Heap after GC invocations=1 (full 0):
 PSYoungGen      total 29696K, used 3208K [0x00000000eab00000, 0x00000000ecc00000, 0x0000000100000000)
  eden space 25600K, 0% used [0x00000000eab00000,0x00000000eab00000,0x00000000ec400000)
  from space 4096K, 78% used [0x00000000ec400000,0x00000000ec722208,0x00000000ec800000)
  to   space 4096K, 0% used [0x00000000ec800000,0x00000000ec800000,0x00000000ecc00000)
 ParOldGen       total 68608K, used 0K [0x00000000c0000000, 0x00000000c4300000, 0x00000000eab00000)
  object space 68608K, 0% used [0x00000000c0000000,0x00000000c0000000,0x00000000c4300000)
 Metaspace       used 11140K, committed 11328K, reserved 1064960K
  class space    used 1107K, committed 1216K, reserved 1048576K
}
Event: 7.514 GC heap before
{Heap before GC invocations=2 (full 0):
 PSYoungGen      total 29696K, used 28808K [0x00000000eab00000, 0x00000000ecc00000, 0x0000000100000000)
  eden space 25600K, 100% used [0x00000000eab00000,0x00000000ec400000,0x00000000ec400000)
  from space 4096K, 78% used [0x00000000ec400000,0x00000000ec722208,0x00000000ec800000)
  to   space 4096K, 0% used [0x00000000ec800000,0x00000000ec800000,0x00000000ecc00000)
 ParOldGen       total 68608K, used 0K [0x00000000c0000000, 0x00000000c4300000, 0x00000000eab00000)
  object space 68608K, 0% used [0x00000000c0000000,0x00000000c0000000,0x00000000c4300000)
 Metaspace       used 15050K, committed 15296K, reserved 1064960K
  class space    used 1520K, committed 1664K, reserved 1048576K
}
Event: 7.525 GC heap after
{Heap after GC invocations=2 (full 0):
 PSYoungGen      total 29696K, used 4077K [0x00000000eab00000, 0x00000000ecc00000, 0x0000000100000000)
  eden space 25600K, 0% used [0x00000000eab00000,0x00000000eab00000,0x00000000ec400000)
  from space 4096K, 99% used [0x00000000ec800000,0x00000000ecbfb728,0x00000000ecc00000)
  to   space 4096K, 0% used [0x00000000ec400000,0x00000000ec400000,0x00000000ec800000)
 ParOldGen       total 68608K, used 1390K [0x00000000c0000000, 0x00000000c4300000, 0x00000000eab00000)
  object space 68608K, 2% used [0x00000000c0000000,0x00000000c015bb90,0x00000000c4300000)
 Metaspace       used 15050K, committed 15296K, reserved 1064960K
  class space    used 1520K, committed 1664K, reserved 1048576K
}
Event: 9.450 GC heap before
{Heap before GC invocations=3 (full 0):
 PSYoungGen      total 29696K, used 29677K [0x00000000eab00000, 0x00000000ecc00000, 0x0000000100000000)
  eden space 25600K, 100% used [0x00000000eab00000,0x00000000ec400000,0x00000000ec400000)
  from space 4096K, 99% used [0x00000000ec800000,0x00000000ecbfb728,0x00000000ecc00000)
  to   space 4096K, 0% used [0x00000000ec400000,0x00000000ec400000,0x00000000ec800000)
 ParOldGen       total 68608K, used 1390K [0x00000000c0000000, 0x00000000c4300000, 0x00000000eab00000)
  object space 68608K, 2% used [0x00000000c0000000,0x00000000c015bb90,0x00000000c4300000)
 Metaspace       used 19990K, committed 20416K, reserved 1073152K
  class space    used 2011K, committed 2240K, reserved 1048576K
}
Event: 9.459 GC heap after
{Heap after GC invocations=3 (full 0):
 PSYoungGen      total 29696K, used 4077K [0x00000000eab00000, 0x00000000ecc00000, 0x0000000100000000)
  eden space 25600K, 0% used [0x00000000eab00000,0x00000000eab00000,0x00000000ec400000)
  from space 4096K, 99% used [0x00000000ec400000,0x00000000ec7fb4a0,0x00000000ec800000)
  to   space 4096K, 0% used [0x00000000ec800000,0x00000000ec800000,0x00000000ecc00000)
 ParOldGen       total 68608K, used 3719K [0x00000000c0000000, 0x00000000c4300000, 0x00000000eab00000)
  object space 68608K, 5% used [0x00000000c0000000,0x00000000c03a1cd0,0x00000000c4300000)
 Metaspace       used 19990K, committed 20416K, reserved 1073152K
  class space    used 2011K, committed 2240K, reserved 1048576K
}
Event: 10.250 GC heap before
{Heap before GC invocations=4 (full 0):
 PSYoungGen      total 29696K, used 10516K [0x00000000eab00000, 0x00000000ecc00000, 0x0000000100000000)
  eden space 25600K, 25% used [0x00000000eab00000,0x00000000eb149b78,0x00000000ec400000)
  from space 4096K, 99% used [0x00000000ec400000,0x00000000ec7fb4a0,0x00000000ec800000)
  to   space 4096K, 0% used [0x00000000ec800000,0x00000000ec800000,0x00000000ecc00000)
 ParOldGen       total 68608K, used 3719K [0x00000000c0000000, 0x00000000c4300000, 0x00000000eab00000)
  object space 68608K, 5% used [0x00000000c0000000,0x00000000c03a1cd0,0x00000000c4300000)
 Metaspace       used 21042K, committed 21504K, reserved 1073152K
  class space    used 2128K, committed 2368K, reserved 1048576K
}
Event: 10.258 GC heap after
{Heap after GC invocations=4 (full 0):
 PSYoungGen      total 29696K, used 4084K [0x00000000eab00000, 0x00000000ecc00000, 0x0000000100000000)
  eden space 25600K, 0% used [0x00000000eab00000,0x00000000eab00000,0x00000000ec400000)
  from space 4096K, 99% used [0x00000000ec800000,0x00000000ecbfd058,0x00000000ecc00000)
  to   space 4096K, 0% used [0x00000000ec400000,0x00000000ec400000,0x00000000ec800000)
 ParOldGen       total 68608K, used 3943K [0x00000000c0000000, 0x00000000c4300000, 0x00000000eab00000)
  object space 68608K, 5% used [0x00000000c0000000,0x00000000c03d9cf0,0x00000000c4300000)
 Metaspace       used 21042K, committed 21504K, reserved 1073152K
  class space    used 2128K, committed 2368K, reserved 1048576K
}
Event: 10.258 GC heap before
{Heap before GC invocations=5 (full 1):
 PSYoungGen      total 29696K, used 4084K [0x00000000eab00000, 0x00000000ecc00000, 0x0000000100000000)
  eden space 25600K, 0% used [0x00000000eab00000,0x00000000eab00000,0x00000000ec400000)
  from space 4096K, 99% used [0x00000000ec800000,0x00000000ecbfd058,0x00000000ecc00000)
  to   space 4096K, 0% used [0x00000000ec400000,0x00000000ec400000,0x00000000ec800000)
 ParOldGen       total 68608K, used 3943K [0x00000000c0000000, 0x00000000c4300000, 0x00000000eab00000)
  object space 68608K, 5% used [0x00000000c0000000,0x00000000c03d9cf0,0x00000000c4300000)
 Metaspace       used 21042K, committed 21504K, reserved 1073152K
  class space    used 2128K, committed 2368K, reserved 1048576K
}
Event: 10.298 GC heap after
{Heap after GC invocations=5 (full 1):
 PSYoungGen      total 29696K, used 0K [0x00000000eab00000, 0x00000000ecc00000, 0x0000000100000000)
  eden space 25600K, 0% used [0x00000000eab00000,0x00000000eab00000,0x00000000ec400000)
  from space 4096K, 0% used [0x00000000ec800000,0x00000000ec800000,0x00000000ecc00000)
  to   space 4096K, 0% used [0x00000000ec400000,0x00000000ec400000,0x00000000ec800000)
 ParOldGen       total 68608K, used 7886K [0x00000000c0000000, 0x00000000c4300000, 0x00000000eab00000)
  object space 68608K, 11% used [0x00000000c0000000,0x00000000c07b3828,0x00000000c4300000)
 Metaspace       used 21029K, committed 21504K, reserved 1073152K
  class space    used 2125K, committed 2368K, reserved 1048576K
}

Dll operation events (9 events):
Event: 0.071 Loaded shared library c:\Users\leroc\.vscode\extensions\redhat.java-1.17.0-win32-x64\jre\17.0.6-win32-x86_64\bin\java.dll
Event: 0.620 Loaded shared library c:\Users\leroc\.vscode\extensions\redhat.java-1.17.0-win32-x64\jre\17.0.6-win32-x86_64\bin\zip.dll
Event: 0.651 Loaded shared library C:\Users\leroc\.vscode\extensions\redhat.java-1.17.0-win32-x64\jre\17.0.6-win32-x86_64\bin\instrument.dll
Event: 0.700 Loaded shared library C:\Users\leroc\.vscode\extensions\redhat.java-1.17.0-win32-x64\jre\17.0.6-win32-x86_64\bin\net.dll
Event: 0.727 Loaded shared library C:\Users\leroc\.vscode\extensions\redhat.java-1.17.0-win32-x64\jre\17.0.6-win32-x86_64\bin\nio.dll
Event: 0.766 Loaded shared library C:\Users\leroc\.vscode\extensions\redhat.java-1.17.0-win32-x64\jre\17.0.6-win32-x86_64\bin\zip.dll
Event: 0.819 Loaded shared library C:\Users\leroc\.vscode\extensions\redhat.java-1.17.0-win32-x64\jre\17.0.6-win32-x86_64\bin\jimage.dll
Event: 1.000 Loaded shared library c:\Users\leroc\.vscode\extensions\redhat.java-1.17.0-win32-x64\jre\17.0.6-win32-x86_64\bin\verify.dll
Event: 6.186 Loaded shared library C:\Users\leroc\AppData\Roaming\Code\User\globalStorage\redhat.java\1.17.0\config_win\org.eclipse.equinox.launcher\org.eclipse.equinox.launcher.win32.win32.x86_64_1.2.700.v20221108-1024\eclipse_11801.dll

Deoptimization events (20 events):
Event: 9.335 Thread 0x000002096445ff70 DEOPT PACKING pc=0x0000020958a3e988 sp=0x000000e2fd5f7ab0
Event: 9.335 Thread 0x000002096445ff70 DEOPT UNPACKING pc=0x00000209584366a3 sp=0x000000e2fd5f7aa0 mode 2
Event: 9.469 Thread 0x000002096445ff70 Uncommon trap: trap_request=0xffffff45 fr.pc=0x00000209589ee9b4 relative=0x0000000000000094
Event: 9.469 Thread 0x000002096445ff70 Uncommon trap: reason=unstable_if action=reinterpret pc=0x00000209589ee9b4 method=org.eclipse.osgi.container.ModuleRevisionBuilder.unmodifiableMap(Ljava/util/Map;)Ljava/util/Map; @ 27 c2
Event: 9.469 Thread 0x000002096445ff70 DEOPT PACKING pc=0x00000209589ee9b4 sp=0x000000e2fd5f9850
Event: 9.469 Thread 0x000002096445ff70 DEOPT UNPACKING pc=0x00000209584366a3 sp=0x000000e2fd5f97d0 mode 2
Event: 9.989 Thread 0x000002096445ff70 Uncommon trap: trap_request=0xffffff45 fr.pc=0x0000020958a0f140 relative=0x0000000000000040
Event: 9.989 Thread 0x000002096445ff70 Uncommon trap: reason=unstable_if action=reinterpret pc=0x0000020958a0f140 method=sun.nio.fs.WindowsPathParser.isSlash(C)Z @ 9 c2
Event: 9.989 Thread 0x000002096445ff70 DEOPT PACKING pc=0x0000020958a0f140 sp=0x000000e2fd5f9100
Event: 9.989 Thread 0x000002096445ff70 DEOPT UNPACKING pc=0x00000209584366a3 sp=0x000000e2fd5f9088 mode 2
Event: 10.860 Thread 0x000002096445ff70 Uncommon trap: trap_request=0xffffff45 fr.pc=0x00000209589bac6c relative=0x000000000000248c
Event: 10.860 Thread 0x000002096445ff70 Uncommon trap: reason=unstable_if action=reinterpret pc=0x00000209589bac6c method=java.util.jar.Manifest$FastInputStream.peek()B @ 8 c2
Event: 10.860 Thread 0x000002096445ff70 DEOPT PACKING pc=0x00000209589bac6c sp=0x000000e2fd5f06a0
Event: 10.860 Thread 0x000002096445ff70 DEOPT UNPACKING pc=0x00000209584366a3 sp=0x000000e2fd5f0638 mode 2
Event: 11.049 Thread 0x000002096445ff70 Uncommon trap: trap_request=0xffffff45 fr.pc=0x00000209589cb804 relative=0x0000000000000084
Event: 11.049 Thread 0x000002096445ff70 Uncommon trap: reason=unstable_if action=reinterpret pc=0x00000209589cb804 method=java.util.jar.Manifest$FastInputStream.peek()B @ 8 c2
Event: 11.049 Thread 0x000002096445ff70 DEOPT PACKING pc=0x00000209589cb804 sp=0x000000e2fd5f06a0
Event: 11.049 Thread 0x000002096445ff70 DEOPT UNPACKING pc=0x00000209584366a3 sp=0x000000e2fd5f0638 mode 2
Event: 11.801 Thread 0x000002096445ff70 DEOPT PACKING pc=0x0000020950f8e79e sp=0x000000e2fd5f20d0
Event: 11.802 Thread 0x000002096445ff70 DEOPT UNPACKING pc=0x0000020958436e43 sp=0x000000e2fd5f15c8 mode 0

Classes unloaded (7 events):
Event: 10.266 Thread 0x000002096204c130 Unloading class 0x000000010021a400 'java/lang/invoke/LambdaForm$MH+0x000000010021a400'
Event: 10.266 Thread 0x000002096204c130 Unloading class 0x000000010021a000 'java/lang/invoke/LambdaForm$MH+0x000000010021a000'
Event: 10.266 Thread 0x000002096204c130 Unloading class 0x0000000100219c00 'java/lang/invoke/LambdaForm$MH+0x0000000100219c00'
Event: 10.266 Thread 0x000002096204c130 Unloading class 0x0000000100219400 'java/lang/invoke/LambdaForm$MH+0x0000000100219400'
Event: 10.266 Thread 0x000002096204c130 Unloading class 0x0000000100219000 'java/lang/invoke/LambdaForm$BMH+0x0000000100219000'
Event: 10.266 Thread 0x000002096204c130 Unloading class 0x0000000100218c00 'java/lang/invoke/LambdaForm$DMH+0x0000000100218c00'
Event: 10.266 Thread 0x000002096204c130 Unloading class 0x0000000100216000 'java/lang/invoke/LambdaForm$DMH+0x0000000100216000'

Classes redefined (0 events):
No events

Internal exceptions (20 events):
Event: 8.938 Thread 0x000002096445ff70 Exception <a 'java/lang/NoSuchMethodError'{0x00000000ec135eb0}: 'void java.lang.invoke.DirectMethodHandle$Holder.invokeStatic(java.lang.Object, java.lang.Object, int, java.lang.Object)'> (0x00000000ec135eb0) 
thrown [s\src\hotspot\share\interpreter\linkResolver.cpp, line 759]
Event: 8.946 Thread 0x000002096445ff70 Exception <a 'java/lang/NoSuchMethodError'{0x00000000ec13d5e0}: 'void java.lang.invoke.DelegatingMethodHandle$Holder.delegate(java.lang.Object, java.lang.Object, int, java.lang.Object)'> (0x00000000ec13d5e0) 
thrown [s\src\hotspot\share\interpreter\linkResolver.cpp, line 759]
Event: 8.951 Thread 0x000002096445ff70 Exception <a 'java/lang/NoSuchMethodError'{0x00000000ec141c08}: 'int java.lang.invoke.DirectMethodHandle$Holder.invokeSpecial(java.lang.Object, java.lang.Object, java.lang.Object)'> (0x00000000ec141c08) 
thrown [s\src\hotspot\share\interpreter\linkResolver.cpp, line 759]
Event: 8.966 Thread 0x000002096445ff70 Exception <a 'java/lang/NoSuchMethodError'{0x00000000ec1521f8}: 'int java.lang.invoke.DirectMethodHandle$Holder.invokeStatic(java.lang.Object, java.lang.Object, int)'> (0x00000000ec1521f8) 
thrown [s\src\hotspot\share\interpreter\linkResolver.cpp, line 759]
Event: 8.973 Thread 0x000002096445ff70 Exception <a 'java/lang/NoSuchMethodError'{0x00000000ec1565f0}: 'int java.lang.invoke.DirectMethodHandle$Holder.invokeSpecial(java.lang.Object, java.lang.Object, java.lang.Object, int)'> (0x00000000ec1565f0) 
thrown [s\src\hotspot\share\interpreter\linkResolver.cpp, line 759]
Event: 8.995 Thread 0x000002096445ff70 Exception <a 'java/lang/NoSuchMethodError'{0x00000000ec1712c0}: 'java.lang.Object java.lang.invoke.DirectMethodHandle$Holder.invokeStatic(java.lang.Object, java.lang.Object, java.lang.Object, java.lang.Object, int)'> (0x00000000ec1712c0) 
thrown [s\src\hotspot\share\interpreter\linkResolver.cpp, line 759]
Event: 9.000 Thread 0x000002096445ff70 Exception <a 'java/lang/NoSuchMethodError'{0x00000000ec17d2b8}: 'java.lang.Object java.lang.invoke.DelegatingMethodHandle$Holder.reinvoke_L(java.lang.Object, java.lang.Object, java.lang.Object, java.lang.Object, int, int)'> (0x00000000ec17d2b8) 
thrown [s\src\hotspot\share\interpreter\linkResolver.cpp, line 759]
Event: 9.034 Thread 0x000002096445ff70 Exception <a 'java/lang/NoSuchMethodError'{0x00000000ec195078}: 'java.lang.Object java.lang.invoke.Invokers$Holder.invokeExact_MT(java.lang.Object, java.lang.Object, java.lang.Object, java.lang.Object)'> (0x00000000ec195078) 
thrown [s\src\hotspot\share\interpreter\linkResolver.cpp, line 759]
Event: 10.134 Thread 0x000002096445ff70 Exception <a 'java/lang/NoSuchMethodError'{0x00000000eb0617b0}: 'java.lang.Object java.lang.invoke.DirectMethodHandle$Holder.invokeSpecial(java.lang.Object, java.lang.Object, java.lang.Object, long, java.lang.Object)'> (0x00000000eb0617b0) 
thrown [s\src\hotspot\share\interpreter\linkResolver.cpp, line 759]
Event: 10.136 Thread 0x000002096445ff70 Exception <a 'java/lang/NoSuchMethodError'{0x00000000eb069968}: 'java.lang.Object java.lang.invoke.DirectMethodHandle$Holder.newInvokeSpecial(java.lang.Object, java.lang.Object, java.lang.Object, long)'> (0x00000000eb069968) 
thrown [s\src\hotspot\share\interpreter\linkResolver.cpp, line 759]
Event: 10.138 Thread 0x000002096445ff70 Exception <a 'java/lang/NoSuchMethodError'{0x00000000eb06df08}: 'java.lang.Object java.lang.invoke.DirectMethodHandle$Holder.invokeSpecial(java.lang.Object, java.lang.Object, java.lang.Object, java.lang.Object, long)'> (0x00000000eb06df08) 
thrown [s\src\hotspot\share\interpreter\linkResolver.cpp, line 759]
Event: 10.231 Thread 0x000002096445ff70 Exception <a 'java/lang/NoSuchMethodError'{0x00000000eb0c01f8}: 'int java.lang.invoke.DirectMethodHandle$Holder.invokeStaticInit(java.lang.Object, java.lang.Object, java.lang.Object)'> (0x00000000eb0c01f8) 
thrown [s\src\hotspot\share\interpreter\linkResolver.cpp, line 759]
Event: 10.376 Thread 0x000002096445ff70 Exception <a 'java/lang/IncompatibleClassChangeError'{0x00000000eab78ea0}: Found class java.lang.Object, but interface was expected> (0x00000000eab78ea0) 
thrown [s\src\hotspot\share\interpreter\linkResolver.cpp, line 826]
Event: 10.564 Thread 0x000002096445ff70 Exception <a 'java/lang/NoSuchMethodError'{0x00000000eabb1c48}: 'java.lang.Object java.lang.invoke.DirectMethodHandle$Holder.invokeSpecial(java.lang.Object, java.lang.Object, java.lang.Object, int, java.lang.Object, java.lang.Object)'> (0x00000000eabb1c48) 
thrown [s\src\hotspot\share\interpreter\linkResolver.cpp, line 759]
Event: 10.569 Thread 0x000002096445ff70 Exception <a 'java/lang/NoSuchMethodError'{0x00000000eabba450}: 'java.lang.Object java.lang.invoke.DirectMethodHandle$Holder.newInvokeSpecial(java.lang.Object, java.lang.Object, java.lang.Object, int, java.lang.Object)'> (0x00000000eabba450) 
thrown [s\src\hotspot\share\interpreter\linkResolver.cpp, line 759]
Event: 10.570 Thread 0x000002096445ff70 Exception <a 'java/lang/NoSuchMethodError'{0x00000000eabbe8a8}: 'java.lang.Object java.lang.invoke.DirectMethodHandle$Holder.invokeSpecial(java.lang.Object, java.lang.Object, java.lang.Object, java.lang.Object, int, java.lang.Object)'> (0x00000000eabbe8a8) 
thrown [s\src\hotspot\share\interpreter\linkResolver.cpp, line 759]
Event: 10.588 Thread 0x000002096439f060 Exception <a 'java/lang/NoSuchMethodError'{0x00000000eabf9028}: 'java.lang.Object java.lang.invoke.DirectMethodHandle$Holder.invokeSpecial(java.lang.Object, java.lang.Object, int, java.lang.Object, java.lang.Object)'> (0x00000000eabf9028) 
thrown [s\src\hotspot\share\interpreter\linkResolver.cpp, line 759]
Event: 10.592 Thread 0x000002096439f060 Exception <a 'java/lang/NoSuchMethodError'{0x00000000eac006f8}: 'java.lang.Object java.lang.invoke.DirectMethodHandle$Holder.newInvokeSpecial(java.lang.Object, java.lang.Object, int, java.lang.Object)'> (0x00000000eac006f8) 
thrown [s\src\hotspot\share\interpreter\linkResolver.cpp, line 759]
Event: 10.593 Thread 0x000002096439f060 Exception <a 'java/lang/NoSuchMethodError'{0x00000000eac04208}: 'java.lang.Object java.lang.invoke.DirectMethodHandle$Holder.invokeSpecial(java.lang.Object, java.lang.Object, java.lang.Object, int, java.lang.Object)'> (0x00000000eac04208) 
thrown [s\src\hotspot\share\interpreter\linkResolver.cpp, line 759]
Event: 11.887 Thread 0x000002096445ff70 Exception <a 'java/io/FileNotFoundException'{0x00000000eb677578}> (0x00000000eb677578) 
thrown [s\src\hotspot\share\prims\jni.cpp, line 516]

VM Operations (20 events):
Event: 8.458 Executing VM operation: HandshakeAllThreads
Event: 8.459 Executing VM operation: HandshakeAllThreads done
Event: 8.560 Executing VM operation: HandshakeAllThreads
Event: 8.560 Executing VM operation: HandshakeAllThreads done
Event: 8.560 Executing VM operation: Cleanup
Event: 8.561 Executing VM operation: Cleanup done
Event: 8.566 Executing VM operation: HandshakeAllThreads
Event: 8.566 Executing VM operation: HandshakeAllThreads done
Event: 8.929 Executing VM operation: HandshakeAllThreads
Event: 8.929 Executing VM operation: HandshakeAllThreads done
Event: 9.450 Executing VM operation: ParallelGCFailedAllocation
Event: 9.461 Executing VM operation: ParallelGCFailedAllocation done
Event: 10.250 Executing VM operation: CollectForMetadataAllocation
Event: 10.299 Executing VM operation: CollectForMetadataAllocation done
Event: 10.639 Executing VM operation: HandshakeAllThreads
Event: 10.639 Executing VM operation: HandshakeAllThreads done
Event: 11.552 Executing VM operation: HandshakeAllThreads
Event: 11.552 Executing VM operation: HandshakeAllThreads done
Event: 11.552 Executing VM operation: Cleanup
Event: 11.552 Executing VM operation: Cleanup done

Events (20 events):
Event: 10.645 loading class java/lang/invoke/VarHandleLongs$FieldInstanceReadOnly
Event: 10.645 loading class java/lang/invoke/VarHandleLongs$FieldInstanceReadOnly done
Event: 10.645 loading class java/lang/invoke/VarHandleLongs$FieldInstanceReadWrite done
Event: 10.645 loading class java/util/concurrent/atomic/Striped64$1
Event: 10.645 loading class java/util/concurrent/atomic/Striped64$1 done
Event: 10.771 loading class java/security/Policy$UnsupportedEmptyCollection
Event: 10.771 loading class java/security/Policy$UnsupportedEmptyCollection done
Event: 10.771 loading class java/security/Policy$PolicyInfo
Event: 10.772 loading class java/security/Policy$PolicyInfo done
Event: 10.792 Thread 0x00000209643d3d60 Thread added: 0x00000209643d3d60
Event: 11.807 loading class java/text/MessageFormat
Event: 11.808 loading class java/text/MessageFormat done
Event: 11.808 loading class java/text/MessageFormat$Field
Event: 11.809 loading class java/text/MessageFormat$Field done
Event: 11.974 loading class java/text/ParseException
Event: 11.975 loading class java/text/ParseException done
Event: 11.983 loading class sun/text/resources/cldr/FormatData_en
Event: 11.984 loading class sun/text/resources/cldr/FormatData_en done
Event: 11.984 loading class sun/text/resources/cldr/FormatData_en_US
Event: 11.984 loading class sun/text/resources/cldr/FormatData_en_US done


Dynamic libraries:
0x00007ff762030000 - 0x00007ff76203e000 	c:\Users\leroc\.vscode\extensions\redhat.java-1.17.0-win32-x64\jre\17.0.6-win32-x86_64\bin\java.exe
0x00007ff8a3b50000 - 0x00007ff8a3d48000 	C:\Windows\SYSTEM32\ntdll.dll
0x00007ff8a25e0000 - 0x00007ff8a269f000 	C:\Windows\System32\KERNEL32.DLL
0x00007ff8a1260000 - 0x00007ff8a153a000 	C:\Windows\System32\KERNELBASE.dll
0x00007ff8a1a10000 - 0x00007ff8a1b10000 	C:\Windows\System32\ucrtbase.dll
0x00007ff896810000 - 0x00007ff896827000 	c:\Users\leroc\.vscode\extensions\redhat.java-1.17.0-win32-x64\jre\17.0.6-win32-x86_64\bin\jli.dll
0x00007ff8a1c10000 - 0x00007ff8a1dad000 	C:\Windows\System32\USER32.dll
0x00007ff8a1b80000 - 0x00007ff8a1ba2000 	C:\Windows\System32\win32u.dll
0x00007ff8a3a60000 - 0x00007ff8a3a8b000 	C:\Windows\System32\GDI32.dll
0x00007ff8a1710000 - 0x00007ff8a1820000 	C:\Windows\System32\gdi32full.dll
0x00007ff8a1590000 - 0x00007ff8a162d000 	C:\Windows\System32\msvcp_win.dll
0x00007ff896830000 - 0x00007ff896849000 	c:\Users\leroc\.vscode\extensions\redhat.java-1.17.0-win32-x64\jre\17.0.6-win32-x86_64\bin\VCRUNTIME140.dll
0x00007ff8894c0000 - 0x00007ff88975a000 	C:\Windows\WinSxS\amd64_microsoft.windows.common-controls_6595b64144ccf1df_6.0.19041.1110_none_60b5254171f9507e\COMCTL32.dll
0x00007ff8a3540000 - 0x00007ff8a35de000 	C:\Windows\System32\msvcrt.dll
0x00007ff8a2220000 - 0x00007ff8a2250000 	C:\Windows\System32\IMM32.DLL
0x0000000067fa0000 - 0x0000000067fac000 	C:\Program Files (x86)\360\Total Security\safemon\SafeWrapper.dll
0x00007ff8a2530000 - 0x00007ff8a25de000 	C:\Windows\System32\ADVAPI32.dll
0x00007ff8a3420000 - 0x00007ff8a34bc000 	C:\Windows\System32\sechost.dll
0x00007ff8a2250000 - 0x00007ff8a2376000 	C:\Windows\System32\RPCRT4.dll
0x00007ff86ccd0000 - 0x00007ff86cd62000 	C:\Program Files (x86)\360\Total Security\safemon\libzdtp64.dll
0x00007ff8a2cd0000 - 0x00007ff8a3414000 	C:\Windows\System32\SHELL32.dll
0x00007ff8a37d0000 - 0x00007ff8a3825000 	C:\Windows\System32\SHLWAPI.dll
0x00007ff8a0d10000 - 0x00007ff8a0d1a000 	C:\Windows\SYSTEM32\VERSION.dll
0x00007ff896b90000 - 0x00007ff896b9c000 	c:\Users\leroc\.vscode\extensions\redhat.java-1.17.0-win32-x64\jre\17.0.6-win32-x86_64\bin\vcruntime140_1.dll
0x00007ff8834e0000 - 0x00007ff883571000 	c:\Users\leroc\.vscode\extensions\redhat.java-1.17.0-win32-x64\jre\17.0.6-win32-x86_64\bin\msvcp140.dll
0x00007ff86aed0000 - 0x00007ff86bb17000 	c:\Users\leroc\.vscode\extensions\redhat.java-1.17.0-win32-x64\jre\17.0.6-win32-x86_64\bin\server\jvm.dll
0x00007ff889c60000 - 0x00007ff889c69000 	C:\Windows\SYSTEM32\WSOCK32.dll
0x00007ff8a34d0000 - 0x00007ff8a353b000 	C:\Windows\System32\WS2_32.dll
0x00007ff89fcc0000 - 0x00007ff89fce7000 	C:\Windows\SYSTEM32\WINMM.dll
0x00007ff89f550000 - 0x00007ff89f562000 	C:\Windows\SYSTEM32\kernel.appcore.dll
0x00007ff896b00000 - 0x00007ff896b0a000 	c:\Users\leroc\.vscode\extensions\redhat.java-1.17.0-win32-x64\jre\17.0.6-win32-x86_64\bin\jimage.dll
0x00007ff89f340000 - 0x00007ff89f524000 	C:\Windows\SYSTEM32\DBGHELP.DLL
0x00007ff87c250000 - 0x00007ff87c284000 	C:\Windows\SYSTEM32\dbgcore.DLL
0x00007ff8a1820000 - 0x00007ff8a18a2000 	C:\Windows\System32\bcryptPrimitives.dll
0x00007ff8966e0000 - 0x00007ff8966ee000 	c:\Users\leroc\.vscode\extensions\redhat.java-1.17.0-win32-x64\jre\17.0.6-win32-x86_64\bin\instrument.dll
0x00007ff884080000 - 0x00007ff8840a5000 	c:\Users\leroc\.vscode\extensions\redhat.java-1.17.0-win32-x64\jre\17.0.6-win32-x86_64\bin\java.dll
0x00007ff896590000 - 0x00007ff8965a8000 	c:\Users\leroc\.vscode\extensions\redhat.java-1.17.0-win32-x64\jre\17.0.6-win32-x86_64\bin\zip.dll
0x00007ff89e8e0000 - 0x00007ff89f073000 	C:\Windows\SYSTEM32\windows.storage.dll
0x00007ff8a2970000 - 0x00007ff8a2cc4000 	C:\Windows\System32\combase.dll
0x00007ff8a0b40000 - 0x00007ff8a0b6e000 	C:\Windows\SYSTEM32\Wldp.dll
0x00007ff8a3640000 - 0x00007ff8a36ed000 	C:\Windows\System32\SHCORE.dll
0x00007ff8a11a0000 - 0x00007ff8a11bf000 	C:\Windows\SYSTEM32\profapi.dll
0x00007ff88bec0000 - 0x00007ff88bed9000 	C:\Users\leroc\.vscode\extensions\redhat.java-1.17.0-win32-x64\jre\17.0.6-win32-x86_64\bin\net.dll
0x00007ff894550000 - 0x00007ff89465a000 	C:\Windows\SYSTEM32\WINHTTP.dll
0x00007ff8a0870000 - 0x00007ff8a08da000 	C:\Windows\system32\mswsock.dll
0x00007ff8863f0000 - 0x00007ff886405000 	C:\Users\leroc\.vscode\extensions\redhat.java-1.17.0-win32-x64\jre\17.0.6-win32-x86_64\bin\nio.dll
0x00007ff8966a0000 - 0x00007ff8966b0000 	c:\Users\leroc\.vscode\extensions\redhat.java-1.17.0-win32-x64\jre\17.0.6-win32-x86_64\bin\verify.dll
0x00007ff883460000 - 0x00007ff88349e000 	C:\Users\leroc\AppData\Roaming\Code\User\globalStorage\redhat.java\1.17.0\config_win\org.eclipse.equinox.launcher\org.eclipse.equinox.launcher.win32.win32.x86_64_1.2.700.v20221108-1024\eclipse_11801.dll
0x00007ff8a2400000 - 0x00007ff8a252a000 	C:\Windows\System32\ole32.dll

dbghelp: loaded successfully - version: 4.0.5 - missing functions: none
symbol engine: initialized successfully - sym options: 0x614 - pdb path: .;c:\Users\leroc\.vscode\extensions\redhat.java-1.17.0-win32-x64\jre\17.0.6-win32-x86_64\bin;C:\Windows\SYSTEM32;C:\Windows\WinSxS\amd64_microsoft.windows.common-controls_6595b64144ccf1df_6.0.19041.1110_none_60b5254171f9507e;C:\Program Files (x86)\360\Total Security\safemon;c:\Users\leroc\.vscode\extensions\redhat.java-1.17.0-win32-x64\jre\17.0.6-win32-x86_64\bin\server;C:\Users\leroc\AppData\Roaming\Code\User\globalStorage\redhat.java\1.17.0\config_win\org.eclipse.equinox.launcher\org.eclipse.equinox.launcher.win32.win32.x86_64_1.2.700.v20221108-1024

VM Arguments:
jvm_args: --add-modules=ALL-SYSTEM --add-opens=java.base/java.util=ALL-UNNAMED --add-opens=java.base/java.lang=ALL-UNNAMED --add-opens=java.base/sun.nio.fs=ALL-UNNAMED -Declipse.application=org.eclipse.jdt.ls.core.id1 -Dosgi.bundles.defaultStartLevel=4 -Declipse.product=org.eclipse.jdt.ls.core.product -Djava.import.generatesMetadataFilesAtProjectRoot=false -Dfile.encoding=utf8 -XX:+UseParallelGC -XX:GCTimeRatio=4 -XX:AdaptiveSizePolicyWeight=90 -Dsun.zip.disableMemoryMapping=true -Xmx1G -Xms100m -Xlog:disable -javaagent:c:\Users\leroc\.vscode\extensions\redhat.java-1.17.0-win32-x64\lombok\lombok-1.18.24.jar -XX:+HeapDumpOnOutOfMemoryError -XX:HeapDumpPath=c:\Users\leroc\AppData\Roaming\Code\User\workspaceStorage\9dc55543878f886edee43ac7a1d2e9c6\redhat.java -Daether.dependencyCollector.impl=bf 
java_command: c:\Users\leroc\.vscode\extensions\redhat.java-1.17.0-win32-x64\server\plugins\org.eclipse.equinox.launcher_1.6.400.v20210924-0641.jar -configuration c:\Users\leroc\AppData\Roaming\Code\User\globalStorage\redhat.java\1.17.0\config_win -data c:\Users\leroc\AppData\Roaming\Code\User\workspaceStorage\9dc55543878f886edee43ac7a1d2e9c6\redhat.java\jdt_ws
java_class_path (initial): c:\Users\leroc\.vscode\extensions\redhat.java-1.17.0-win32-x64\server\plugins\org.eclipse.equinox.launcher_1.6.400.v20210924-0641.jar
Launcher Type: SUN_STANDARD

[Global flags]
    uintx AdaptiveSizePolicyWeight                 = 90                                        {product} {command line}
     intx CICompilerCount                          = 3                                         {product} {ergonomic}
    uintx GCTimeRatio                              = 4                                         {product} {command line}
     bool HeapDumpOnOutOfMemoryError               = true                                   {manageable} {command line}
    ccstr HeapDumpPath                             = c:\Users\leroc\AppData\Roaming\Code\User\workspaceStorage\9dc55543878f886edee43ac7a1d2e9c6\redhat.java         {manageable} {command line}
   size_t InitialHeapSize                          = 104857600                                 {product} {command line}
   size_t MaxHeapSize                              = 1073741824                                {product} {command line}
   size_t MaxNewSize                               = 357564416                                 {product} {ergonomic}
   size_t MinHeapDeltaBytes                        = 524288                                    {product} {ergonomic}
   size_t MinHeapSize                              = 104857600                                 {product} {command line}
   size_t NewSize                                  = 34603008                                  {product} {ergonomic}
    uintx NonNMethodCodeHeapSize                   = 5832780                                {pd product} {ergonomic}
    uintx NonProfiledCodeHeapSize                  = 122912730                              {pd product} {ergonomic}
   size_t OldSize                                  = 70254592                                  {product} {ergonomic}
    uintx ProfiledCodeHeapSize                     = 122912730                              {pd product} {ergonomic}
    uintx ReservedCodeCacheSize                    = 251658240                              {pd product} {ergonomic}
     bool SegmentedCodeCache                       = true                                      {product} {ergonomic}
   size_t SoftMaxHeapSize                          = 1073741824                             {manageable} {ergonomic}
     bool UseCompressedClassPointers               = true                           {product lp64_product} {ergonomic}
     bool UseCompressedOops                        = true                           {product lp64_product} {ergonomic}
     bool UseLargePagesIndividualAllocation        = false                                  {pd product} {ergonomic}
     bool UseParallelGC                            = true                                      {product} {command line}

Logging:
Log output configuration:
 #0: stdout all=off uptime,level,tags
 #1: stderr all=off uptime,level,tags

Environment Variables:
PATH=C:\Program Files\Common Files\Oracle\Java\javapath;C:\Program Files\Eclipse Adoptium\jdk-11.0.17.8-hotspot\bin;C:\Program Files (x86)\Common Files\Intel\Shared Files\cpp\bin\Intel64;C:\Windows\system32;C:\Windows;C:\Windows\System32\Wbem;C:\Windows\System32\WindowsPowerShell\v1.0\;C:\Windows\System32\OpenSSH\;C:\Program Files\Git\cmd;C:\Users\leroc\AppData\Local\Microsoft\WindowsApps;;C:\Users\leroc\AppData\Local\Programs\Microsoft VS Code\bin
USERNAME=leroc
OS=Windows_NT
PROCESSOR_IDENTIFIER=AMD64 Family 23 Model 24 Stepping 1, AuthenticAMD
TMP=C:\Users\leroc\AppData\Local\Temp
TEMP=C:\Users\leroc\AppData\Local\Temp



---------------  S Y S T E M  ---------------

OS:
 Windows 10 , 64 bit Build 19041 (10.0.19041.2788)
OS uptime: 2 days 0:59 hours

CPU: total 4 (initial active 4) (4 cores per cpu, 2 threads per core) family 23 model 24 stepping 1 microcode 0x0, cx8, cmov, fxsr, ht, mmx, 3dnowpref, sse, sse2, sse3, ssse3, sse4a, sse4.1, sse4.2, popcnt, lzcnt, tsc, tscinvbit, avx, avx2, aes, clmul, bmi1, bmi2, adx, sha, fma, vzeroupper, clflush, clflushopt

Memory: 4k page, system-wide physical 3460M (131M free)
TotalPageFile size 14212M (AvailPageFile size 4M)
current process WorkingSet (physical memory assigned to process): 112M, peak: 112M
current process commit charge ("private bytes"): 208M, peak: 208M

vm_info: OpenJDK 64-Bit Server VM (17.0.6+10) for windows-amd64 JRE (17.0.6+10), built on Jan 18 2023 10:08:59 by "temurin" with MS VC++ 16.7 (VS2019)

END.
