#
# There is insufficient memory for the Java Runtime Environment to continue.
# Native memory allocation (malloc) failed to allocate 395920 bytes for Chunk::new
# Possible reasons:
#   The system is out of physical RAM or swap space
#   The process is running with CompressedOops enabled, and the Java Heap may be blocking the growth of the native heap
# Possible solutions:
#   Reduce memory load on the system
#   Increase physical memory or swap space
#   Check if swap backing store is full
#   Decrease Java heap size (-Xmx/-Xms)
#   Decrease number of Java threads
#   Decrease Java thread stack sizes (-Xss)
#   Set larger code cache with -XX:ReservedCodeCacheSize=
#   JVM is running with Unscaled Compressed Oops mode in which the Java heap is
#     placed in the first 4GB address space. The Java Heap base address is the
#     maximum limit for the native heap growth. Please use -XX:HeapBaseMinAddress
#     to set the Java Heap base and to place the Java Heap above 4GB virtual address.
# This output file may be truncated or incomplete.
#
#  Out of Memory Error (./src/hotspot/share/memory/arena.cpp:197), pid=18332, tid=25140
#
# JRE version: OpenJDK Runtime Environment Temurin-11.0.17+8 (11.0.17+8) (build 11.0.17+8)
# Java VM: OpenJDK 64-Bit Server VM Temurin-11.0.17+8 (11.0.17+8, mixed mode, tiered, compressed oops, g1 gc, windows-amd64)
# No core dump will be written. Minidumps are not enabled by default on client versions of Windows
#

---------------  S U M M A R Y ------------

Command Line: --add-opens=java.base/java.util=ALL-UNNAMED --add-opens=java.base/java.lang=ALL-UNNAMED --add-opens=java.base/java.lang.invoke=ALL-UNNAMED --add-opens=java.base/java.util=ALL-UNNAMED --add-opens=java.prefs/java.util.prefs=ALL-UNNAMED --add-opens=java.prefs/java.util.prefs=ALL-UNNAMED --add-opens=java.base/java.nio.charset=ALL-UNNAMED --add-opens=java.base/java.net=ALL-UNNAMED --add-opens=java.base/java.util.concurrent.atomic=ALL-UNNAMED -XX:MaxMetaspaceSize=256m -XX:+HeapDumpOnOutOfMemoryError -Xms256m -Xmx512m -Dfile.encoding=utf8 -Duser.country=RU -Duser.language=ru -Duser.variant org.gradle.launcher.daemon.bootstrap.GradleDaemon 7.5.1

Host: AMD Athlon 300U with Radeon Vega Mobile Gfx    , 4 cores, 3G,  Windows 10 , 64 bit Build 19041 (10.0.19041.2788)
Time: Mon Apr 24 19:30:35 2023 RTZ 6 (s 10 , 64 bit Build 19041 (10.0.19041.2788) elapsed time: 39.165278 seconds (0d 0h 0m 39s)

---------------  T H R E A D  ---------------

Current thread (0x000001d6fc99c000):  JavaThread "C2 CompilerThread0" daemon [_thread_in_native, id=25140, stack(0x00000084a3b00000,0x00000084a3c00000)]


Current CompileTask:
C2:  39165 4837       4       org.codehaus.groovy.runtime.metaclass.MetaMethodIndex::addMethodToList (131 bytes)

Stack: [0x00000084a3b00000,0x00000084a3c00000]
Native frames: (J=compiled Java code, j=interpreted, Vv=VM code, C=native code)
V  [jvm.dll+0x61f5ba]
V  [jvm.dll+0x7abf79]
V  [jvm.dll+0x7ad668]
V  [jvm.dll+0x7add43]
V  [jvm.dll+0x24fd88]
V  [jvm.dll+0xc262c]
V  [jvm.dll+0xc2bec]
V  [jvm.dll+0x2087e7]
V  [jvm.dll+0x5b2875]
V  [jvm.dll+0x5b170e]
V  [jvm.dll+0x208edd]
V  [jvm.dll+0x20815d]
V  [jvm.dll+0x18a3b1]
V  [jvm.dll+0x217a34]
V  [jvm.dll+0x215c7b]
V  [jvm.dll+0x76ea70]
V  [jvm.dll+0x7679a4]
V  [jvm.dll+0x61e425]
C  [ucrtbase.dll+0x21bb2]
C  [KERNEL32.DLL+0x17604]
C  [ntdll.dll+0x526a1]


---------------  P R O C E S S  ---------------

Threads class SMR info:
_java_thread_list=0x000001d6ff2337f0, length=35, elements={
0x000001d6df21c000, 0x000001d6fc111000, 0x000001d6fc114000, 0x000001d6fc996800,
0x000001d6fc998000, 0x000001d6fc99b000, 0x000001d6fc99c000, 0x000001d6fc99d000,
0x000001d6fc9ae000, 0x000001d6fcb06000, 0x000001d6fd048800, 0x000001d6fe364000,
0x000001d6fe1dc800, 0x000001d6fe362000, 0x000001d6fd645800, 0x000001d6fd646800,
0x000001d6fdf06000, 0x000001d6fdf07000, 0x000001d6fcc7d800, 0x000001d6fcc7e800,
0x000001d6fe595000, 0x000001d6fe593000, 0x000001d6fe595800, 0x000001d6fe594000,
0x000001d6fe596800, 0x000001d6fe597000, 0x000001d6fe598000, 0x000001d6fe592800,
0x000001d6fe599000, 0x000001d6fed3e000, 0x000001d6fed3f000, 0x000001d6fed39800,
0x000001d6fed3c000, 0x000001d6fed40000, 0x000001d6fed3d800
}

Java Threads: ( => current thread )
  0x000001d6df21c000 JavaThread "main" [_thread_blocked, id=15116, stack(0x00000084a2f00000,0x00000084a3000000)]
  0x000001d6fc111000 JavaThread "Reference Handler" daemon [_thread_blocked, id=22396, stack(0x00000084a3600000,0x00000084a3700000)]
  0x000001d6fc114000 JavaThread "Finalizer" daemon [_thread_blocked, id=12956, stack(0x00000084a3700000,0x00000084a3800000)]
  0x000001d6fc996800 JavaThread "Signal Dispatcher" daemon [_thread_blocked, id=8184, stack(0x00000084a3800000,0x00000084a3900000)]
  0x000001d6fc998000 JavaThread "Attach Listener" daemon [_thread_blocked, id=23316, stack(0x00000084a3900000,0x00000084a3a00000)]
  0x000001d6fc99b000 JavaThread "Service Thread" daemon [_thread_blocked, id=12796, stack(0x00000084a3a00000,0x00000084a3b00000)]
=>0x000001d6fc99c000 JavaThread "C2 CompilerThread0" daemon [_thread_in_native, id=25140, stack(0x00000084a3b00000,0x00000084a3c00000)]
  0x000001d6fc99d000 JavaThread "C1 CompilerThread0" daemon [_thread_blocked, id=20060, stack(0x00000084a3c00000,0x00000084a3d00000)]
  0x000001d6fc9ae000 JavaThread "Sweeper thread" daemon [_thread_blocked, id=17136, stack(0x00000084a3d00000,0x00000084a3e00000)]
  0x000001d6fcb06000 JavaThread "Common-Cleaner" daemon [_thread_blocked, id=19108, stack(0x00000084a3e00000,0x00000084a3f00000)]
  0x000001d6fd048800 JavaThread "Daemon health stats" [_thread_blocked, id=24644, stack(0x00000084a4300000,0x00000084a4400000)]
  0x000001d6fe364000 JavaThread "Incoming local TCP Connector on port 60226" [_thread_in_native, id=21996, stack(0x00000084a4400000,0x00000084a4500000)]
  0x000001d6fe1dc800 JavaThread "Daemon periodic checks" [_thread_blocked, id=18680, stack(0x00000084a4500000,0x00000084a4600000)]
  0x000001d6fe362000 JavaThread "Daemon" [_thread_blocked, id=12200, stack(0x00000084a4600000,0x00000084a4700000)]
  0x000001d6fd645800 JavaThread "Handler for socket connection from /127.0.0.1:60226 to /127.0.0.1:60230" [_thread_in_native, id=1720, stack(0x00000084a4700000,0x00000084a4800000)]
  0x000001d6fd646800 JavaThread "Cancel handler" [_thread_blocked, id=25508, stack(0x00000084a4800000,0x00000084a4900000)]
  0x000001d6fdf06000 JavaThread "Daemon worker" [_thread_in_native, id=23336, stack(0x00000084a4900000,0x00000084a4a00000)]
  0x000001d6fdf07000 JavaThread "Asynchronous log dispatcher for DefaultDaemonConnection: socket connection from /127.0.0.1:60226 to /127.0.0.1:60230" [_thread_blocked, id=18236, stack(0x00000084a4a00000,0x00000084a4b00000)]
  0x000001d6fcc7d800 JavaThread "Stdin handler" [_thread_blocked, id=25168, stack(0x00000084a4b00000,0x00000084a4c00000)]
  0x000001d6fcc7e800 JavaThread "Daemon client event forwarder" [_thread_in_native, id=14408, stack(0x00000084a4c00000,0x00000084a4d00000)]
  0x000001d6fe595000 JavaThread "Cache worker for journal cache (C:\Users\leroc\.gradle\caches\journal-1)" [_thread_blocked, id=5592, stack(0x00000084a4d00000,0x00000084a4e00000)]
  0x000001d6fe593000 JavaThread "File lock request listener" [_thread_in_native, id=18844, stack(0x00000084a4e00000,0x00000084a4f00000)]
  0x000001d6fe595800 JavaThread "Cache worker for file hash cache (C:\Users\leroc\.gradle\caches\7.5.1\fileHashes)" [_thread_blocked, id=1356, stack(0x00000084a4f00000,0x00000084a5000000)]
  0x000001d6fe594000 JavaThread "File watcher server" daemon [_thread_in_native, id=19444, stack(0x00000084a5000000,0x00000084a5100000)]
  0x000001d6fe596800 JavaThread "File watcher consumer" daemon [_thread_blocked, id=17792, stack(0x00000084a5100000,0x00000084a5200000)]
  0x000001d6fe597000 JavaThread "Cache worker for checksums cache (C:\Users\leroc\OneDrive\AllHomeWorks\HomeWork1.1\.gradle\7.5.1\checksums)" [_thread_blocked, id=20184, stack(0x00000084a5200000,0x00000084a5300000)]
  0x000001d6fe598000 JavaThread "Cache worker for cache directory md-rule (C:\Users\leroc\.gradle\caches\7.5.1\md-rule)" [_thread_blocked, id=7572, stack(0x00000084a5300000,0x00000084a5400000)]
  0x000001d6fe592800 JavaThread "Cache worker for file content cache (C:\Users\leroc\.gradle\caches\7.5.1\fileContent)" [_thread_blocked, id=24700, stack(0x00000084a5400000,0x00000084a5500000)]
  0x000001d6fe599000 JavaThread "Cache worker for file hash cache (C:\Users\leroc\OneDrive\AllHomeWorks\HomeWork1.1\.gradle\7.5.1\fileHashes)" [_thread_blocked, id=11008, stack(0x00000084a5500000,0x00000084a5600000)]
  0x000001d6fed3e000 JavaThread "Cache worker for cache directory md-supplier (C:\Users\leroc\.gradle\caches\7.5.1\md-supplier)" [_thread_blocked, id=10056, stack(0x00000084a5600000,0x00000084a5700000)]
  0x000001d6fed3f000 JavaThread "Cache worker for execution history cache (C:\Users\leroc\.gradle\caches\7.5.1\executionHistory)" [_thread_blocked, id=25332, stack(0x00000084a5700000,0x00000084a5800000)]
  0x000001d6fed39800 JavaThread "jar transforms" [_thread_blocked, id=23700, stack(0x00000084a5800000,0x00000084a5900000)]
  0x000001d6fed3c000 JavaThread "jar transforms Thread 2" [_thread_blocked, id=25248, stack(0x00000084a5900000,0x00000084a5a00000)]
  0x000001d6fed40000 JavaThread "jar transforms Thread 3" [_thread_blocked, id=4036, stack(0x00000084a5c00000,0x00000084a5d00000)]
  0x000001d6fed3d800 JavaThread "jar transforms Thread 4" [_thread_blocked, id=11700, stack(0x00000084a5d00000,0x00000084a5e00000)]

Other Threads:
  0x000001d6fc13c000 VMThread "VM Thread" [stack: 0x00000084a3500000,0x00000084a3600000] [id=23280]
  0x000001d6fcb38800 WatcherThread [stack: 0x00000084a3f00000,0x00000084a4000000] [id=21960]
  0x000001d6df286800 GCTaskThread "GC Thread#0" [stack: 0x00000084a3000000,0x00000084a3100000] [id=24968]
  0x000001d6fd067800 GCTaskThread "GC Thread#1" [stack: 0x00000084a4000000,0x00000084a4100000] [id=22004]
  0x000001d6fcf19000 GCTaskThread "GC Thread#2" [stack: 0x00000084a4100000,0x00000084a4200000] [id=2016]
  0x000001d6fcf19800 GCTaskThread "GC Thread#3" [stack: 0x00000084a4200000,0x00000084a4300000] [id=12560]
  0x000001d6df297800 ConcurrentGCThread "G1 Main Marker" [stack: 0x00000084a3100000,0x00000084a3200000] [id=22020]
  0x000001d6df298800 ConcurrentGCThread "G1 Conc#0" [stack: 0x00000084a3200000,0x00000084a3300000] [id=14744]
  0x000001d6fbfae800 ConcurrentGCThread "G1 Refine#0" [stack: 0x00000084a3300000,0x00000084a3400000] [id=21548]
  0x000001d6fbfaf800 ConcurrentGCThread "G1 Young RemSet Sampling" [stack: 0x00000084a3400000,0x00000084a3500000] [id=12148]

Threads with active compile tasks:
C2 CompilerThread0    39294 4837       4       org.codehaus.groovy.runtime.metaclass.MetaMethodIndex::addMethodToList (131 bytes)

VM state:not at safepoint (normal execution)

VM Mutex/Monitor currently owned by a thread: None

Heap address: 0x00000000e0000000, size: 512 MB, Compressed Oops mode: 32-bit
Narrow klass base: 0x0000000000000000, Narrow klass shift: 3
Compressed class space size: 260046848 Address: 0x0000000100000000

Heap:
 garbage-first heap   total 262144K, used 91075K [0x00000000e0000000, 0x0000000100000000)
  region size 1024K, 71 young (72704K), 10 survivors (10240K)
 Metaspace       used 47470K, capacity 48606K, committed 48848K, reserved 296960K
  class space    used 5994K, capacity 6412K, committed 6528K, reserved 253952K
Heap Regions: E=young(eden), S=young(survivor), O=old, HS=humongous(starts), HC=humongous(continues), CS=collection set, F=free, A=archive, TAMS=top-at-mark-start (previous, next)
|   0|0x00000000e0000000, 0x00000000e0100000, 0x00000000e0100000|100%|HS|  |TAMS 0x00000000e0100000, 0x00000000e0000000| Complete 
|   1|0x00000000e0100000, 0x00000000e0200000, 0x00000000e0200000|100%|HC|  |TAMS 0x00000000e0200000, 0x00000000e0100000| Complete 
|   2|0x00000000e0200000, 0x00000000e0300000, 0x00000000e0300000|100%|HC|  |TAMS 0x00000000e0300000, 0x00000000e0200000| Complete 
|   3|0x00000000e0300000, 0x00000000e0400000, 0x00000000e0400000|100%| O|  |TAMS 0x00000000e0400000, 0x00000000e0300000| Untracked 
|   4|0x00000000e0400000, 0x00000000e0500000, 0x00000000e0500000|100%| O|  |TAMS 0x00000000e0500000, 0x00000000e0400000| Untracked 
|   5|0x00000000e0500000, 0x00000000e0600000, 0x00000000e0600000|100%| O|  |TAMS 0x00000000e0600000, 0x00000000e0500000| Untracked 
|   6|0x00000000e0600000, 0x00000000e0700000, 0x00000000e0700000|100%| O|  |TAMS 0x00000000e0700000, 0x00000000e0600000| Untracked 
|   7|0x00000000e0700000, 0x00000000e0800000, 0x00000000e0800000|100%| O|  |TAMS 0x00000000e0800000, 0x00000000e0700000| Untracked 
|   8|0x00000000e0800000, 0x00000000e0900000, 0x00000000e0900000|100%| O|  |TAMS 0x00000000e0900000, 0x00000000e0800000| Untracked 
|   9|0x00000000e0900000, 0x00000000e0a00000, 0x00000000e0a00000|100%| O|  |TAMS 0x00000000e0a00000, 0x00000000e0900000| Untracked 
|  10|0x00000000e0a00000, 0x00000000e0b00000, 0x00000000e0b00000|100%| O|  |TAMS 0x00000000e0b00000, 0x00000000e0a00000| Untracked 
|  11|0x00000000e0b00000, 0x00000000e0c00000, 0x00000000e0c00000|100%| O|  |TAMS 0x00000000e0c00000, 0x00000000e0b00000| Untracked 
|  12|0x00000000e0c00000, 0x00000000e0d00000, 0x00000000e0d00000|100%| O|  |TAMS 0x00000000e0d00000, 0x00000000e0c00000| Untracked 
|  13|0x00000000e0d00000, 0x00000000e0e00000, 0x00000000e0e00000|100%| O|  |TAMS 0x00000000e0e00000, 0x00000000e0d00000| Untracked 
|  14|0x00000000e0e00000, 0x00000000e0f00000, 0x00000000e0f00000|100%| O|  |TAMS 0x00000000e0f00000, 0x00000000e0e00000| Untracked 
|  15|0x00000000e0f00000, 0x00000000e1000000, 0x00000000e1000000|100%| O|  |TAMS 0x00000000e1000000, 0x00000000e0f00000| Untracked 
|  16|0x00000000e1000000, 0x00000000e104a200, 0x00000000e1100000| 28%| O|  |TAMS 0x00000000e104a200, 0x00000000e1000000| Untracked 
|  17|0x00000000e1100000, 0x00000000e1200000, 0x00000000e1200000|100%|HS|  |TAMS 0x00000000e1100000, 0x00000000e1100000| Complete 
|  18|0x00000000e1200000, 0x00000000e1300000, 0x00000000e1300000|100%|HS|  |TAMS 0x00000000e1200000, 0x00000000e1200000| Complete 
|  19|0x00000000e1300000, 0x00000000e1400000, 0x00000000e1400000|100%|HC|  |TAMS 0x00000000e1300000, 0x00000000e1300000| Complete 
|  20|0x00000000e1400000, 0x00000000e1400000, 0x00000000e1500000|  0%| F|  |TAMS 0x00000000e1400000, 0x00000000e1400000| Untracked 
|  21|0x00000000e1500000, 0x00000000e1500000, 0x00000000e1600000|  0%| F|  |TAMS 0x00000000e1500000, 0x00000000e1500000| Untracked 
|  22|0x00000000e1600000, 0x00000000e1600000, 0x00000000e1700000|  0%| F|  |TAMS 0x00000000e1600000, 0x00000000e1600000| Untracked 
|  23|0x00000000e1700000, 0x00000000e1700000, 0x00000000e1800000|  0%| F|  |TAMS 0x00000000e1700000, 0x00000000e1700000| Untracked 
|  24|0x00000000e1800000, 0x00000000e1800000, 0x00000000e1900000|  0%| F|  |TAMS 0x00000000e1800000, 0x00000000e1800000| Untracked 
|  25|0x00000000e1900000, 0x00000000e1900000, 0x00000000e1a00000|  0%| F|  |TAMS 0x00000000e1900000, 0x00000000e1900000| Untracked 
|  26|0x00000000e1a00000, 0x00000000e1a00000, 0x00000000e1b00000|  0%| F|  |TAMS 0x00000000e1a00000, 0x00000000e1a00000| Untracked 
|  27|0x00000000e1b00000, 0x00000000e1b00000, 0x00000000e1c00000|  0%| F|  |TAMS 0x00000000e1b00000, 0x00000000e1b00000| Untracked 
|  28|0x00000000e1c00000, 0x00000000e1c00000, 0x00000000e1d00000|  0%| F|  |TAMS 0x00000000e1c00000, 0x00000000e1c00000| Untracked 
|  29|0x00000000e1d00000, 0x00000000e1d00000, 0x00000000e1e00000|  0%| F|  |TAMS 0x00000000e1d00000, 0x00000000e1d00000| Untracked 
|  30|0x00000000e1e00000, 0x00000000e1e00000, 0x00000000e1f00000|  0%| F|  |TAMS 0x00000000e1e00000, 0x00000000e1e00000| Untracked 
|  31|0x00000000e1f00000, 0x00000000e1f00000, 0x00000000e2000000|  0%| F|  |TAMS 0x00000000e1f00000, 0x00000000e1f00000| Untracked 
|  32|0x00000000e2000000, 0x00000000e2000000, 0x00000000e2100000|  0%| F|  |TAMS 0x00000000e2000000, 0x00000000e2000000| Untracked 
|  33|0x00000000e2100000, 0x00000000e2100000, 0x00000000e2200000|  0%| F|  |TAMS 0x00000000e2100000, 0x00000000e2100000| Untracked 
|  34|0x00000000e2200000, 0x00000000e2200000, 0x00000000e2300000|  0%| F|  |TAMS 0x00000000e2200000, 0x00000000e2200000| Untracked 
|  35|0x00000000e2300000, 0x00000000e2300000, 0x00000000e2400000|  0%| F|  |TAMS 0x00000000e2300000, 0x00000000e2300000| Untracked 
|  36|0x00000000e2400000, 0x00000000e2400000, 0x00000000e2500000|  0%| F|  |TAMS 0x00000000e2400000, 0x00000000e2400000| Untracked 
|  37|0x00000000e2500000, 0x00000000e2500000, 0x00000000e2600000|  0%| F|  |TAMS 0x00000000e2500000, 0x00000000e2500000| Untracked 
|  38|0x00000000e2600000, 0x00000000e2600000, 0x00000000e2700000|  0%| F|  |TAMS 0x00000000e2600000, 0x00000000e2600000| Untracked 
|  39|0x00000000e2700000, 0x00000000e2700000, 0x00000000e2800000|  0%| F|  |TAMS 0x00000000e2700000, 0x00000000e2700000| Untracked 
|  40|0x00000000e2800000, 0x00000000e2800000, 0x00000000e2900000|  0%| F|  |TAMS 0x00000000e2800000, 0x00000000e2800000| Untracked 
|  41|0x00000000e2900000, 0x00000000e2900000, 0x00000000e2a00000|  0%| F|  |TAMS 0x00000000e2900000, 0x00000000e2900000| Untracked 
|  42|0x00000000e2a00000, 0x00000000e2a00000, 0x00000000e2b00000|  0%| F|  |TAMS 0x00000000e2a00000, 0x00000000e2a00000| Untracked 
|  43|0x00000000e2b00000, 0x00000000e2b00000, 0x00000000e2c00000|  0%| F|  |TAMS 0x00000000e2b00000, 0x00000000e2b00000| Untracked 
|  44|0x00000000e2c00000, 0x00000000e2c00000, 0x00000000e2d00000|  0%| F|  |TAMS 0x00000000e2c00000, 0x00000000e2c00000| Untracked 
|  45|0x00000000e2d00000, 0x00000000e2d00000, 0x00000000e2e00000|  0%| F|  |TAMS 0x00000000e2d00000, 0x00000000e2d00000| Untracked 
|  46|0x00000000e2e00000, 0x00000000e2e00000, 0x00000000e2f00000|  0%| F|  |TAMS 0x00000000e2e00000, 0x00000000e2e00000| Untracked 
|  47|0x00000000e2f00000, 0x00000000e2f00000, 0x00000000e3000000|  0%| F|  |TAMS 0x00000000e2f00000, 0x00000000e2f00000| Untracked 
|  48|0x00000000e3000000, 0x00000000e3000000, 0x00000000e3100000|  0%| F|  |TAMS 0x00000000e3000000, 0x00000000e3000000| Untracked 
|  49|0x00000000e3100000, 0x00000000e3100000, 0x00000000e3200000|  0%| F|  |TAMS 0x00000000e3100000, 0x00000000e3100000| Untracked 
|  50|0x00000000e3200000, 0x00000000e3200000, 0x00000000e3300000|  0%| F|  |TAMS 0x00000000e3200000, 0x00000000e3200000| Untracked 
|  51|0x00000000e3300000, 0x00000000e3300000, 0x00000000e3400000|  0%| F|  |TAMS 0x00000000e3300000, 0x00000000e3300000| Untracked 
|  52|0x00000000e3400000, 0x00000000e3400000, 0x00000000e3500000|  0%| F|  |TAMS 0x00000000e3400000, 0x00000000e3400000| Untracked 
|  53|0x00000000e3500000, 0x00000000e3500000, 0x00000000e3600000|  0%| F|  |TAMS 0x00000000e3500000, 0x00000000e3500000| Untracked 
|  54|0x00000000e3600000, 0x00000000e3600000, 0x00000000e3700000|  0%| F|  |TAMS 0x00000000e3600000, 0x00000000e3600000| Untracked 
|  55|0x00000000e3700000, 0x00000000e3700000, 0x00000000e3800000|  0%| F|  |TAMS 0x00000000e3700000, 0x00000000e3700000| Untracked 
|  56|0x00000000e3800000, 0x00000000e3800000, 0x00000000e3900000|  0%| F|  |TAMS 0x00000000e3800000, 0x00000000e3800000| Untracked 
|  57|0x00000000e3900000, 0x00000000e3900000, 0x00000000e3a00000|  0%| F|  |TAMS 0x00000000e3900000, 0x00000000e3900000| Untracked 
|  58|0x00000000e3a00000, 0x00000000e3a00000, 0x00000000e3b00000|  0%| F|  |TAMS 0x00000000e3a00000, 0x00000000e3a00000| Untracked 
|  59|0x00000000e3b00000, 0x00000000e3b00000, 0x00000000e3c00000|  0%| F|  |TAMS 0x00000000e3b00000, 0x00000000e3b00000| Untracked 
|  60|0x00000000e3c00000, 0x00000000e3c00000, 0x00000000e3d00000|  0%| F|  |TAMS 0x00000000e3c00000, 0x00000000e3c00000| Untracked 
|  61|0x00000000e3d00000, 0x00000000e3d00000, 0x00000000e3e00000|  0%| F|  |TAMS 0x00000000e3d00000, 0x00000000e3d00000| Untracked 
|  62|0x00000000e3e00000, 0x00000000e3e00000, 0x00000000e3f00000|  0%| F|  |TAMS 0x00000000e3e00000, 0x00000000e3e00000| Untracked 
|  63|0x00000000e3f00000, 0x00000000e3f00000, 0x00000000e4000000|  0%| F|  |TAMS 0x00000000e3f00000, 0x00000000e3f00000| Untracked 
|  64|0x00000000e4000000, 0x00000000e4000000, 0x00000000e4100000|  0%| F|  |TAMS 0x00000000e4000000, 0x00000000e4000000| Untracked 
|  65|0x00000000e4100000, 0x00000000e4100000, 0x00000000e4200000|  0%| F|  |TAMS 0x00000000e4100000, 0x00000000e4100000| Untracked 
|  66|0x00000000e4200000, 0x00000000e4200000, 0x00000000e4300000|  0%| F|  |TAMS 0x00000000e4200000, 0x00000000e4200000| Untracked 
|  67|0x00000000e4300000, 0x00000000e4300000, 0x00000000e4400000|  0%| F|  |TAMS 0x00000000e4300000, 0x00000000e4300000| Untracked 
|  68|0x00000000e4400000, 0x00000000e4400000, 0x00000000e4500000|  0%| F|  |TAMS 0x00000000e4400000, 0x00000000e4400000| Untracked 
|  69|0x00000000e4500000, 0x00000000e4500000, 0x00000000e4600000|  0%| F|  |TAMS 0x00000000e4500000, 0x00000000e4500000| Untracked 
|  70|0x00000000e4600000, 0x00000000e4600000, 0x00000000e4700000|  0%| F|  |TAMS 0x00000000e4600000, 0x00000000e4600000| Untracked 
|  71|0x00000000e4700000, 0x00000000e4700000, 0x00000000e4800000|  0%| F|  |TAMS 0x00000000e4700000, 0x00000000e4700000| Untracked 
|  72|0x00000000e4800000, 0x00000000e4800000, 0x00000000e4900000|  0%| F|  |TAMS 0x00000000e4800000, 0x00000000e4800000| Untracked 
|  73|0x00000000e4900000, 0x00000000e4900000, 0x00000000e4a00000|  0%| F|  |TAMS 0x00000000e4900000, 0x00000000e4900000| Untracked 
|  74|0x00000000e4a00000, 0x00000000e4a00000, 0x00000000e4b00000|  0%| F|  |TAMS 0x00000000e4a00000, 0x00000000e4a00000| Untracked 
|  75|0x00000000e4b00000, 0x00000000e4b00000, 0x00000000e4c00000|  0%| F|  |TAMS 0x00000000e4b00000, 0x00000000e4b00000| Untracked 
|  76|0x00000000e4c00000, 0x00000000e4c00000, 0x00000000e4d00000|  0%| F|  |TAMS 0x00000000e4c00000, 0x00000000e4c00000| Untracked 
|  77|0x00000000e4d00000, 0x00000000e4d00000, 0x00000000e4e00000|  0%| F|  |TAMS 0x00000000e4d00000, 0x00000000e4d00000| Untracked 
|  78|0x00000000e4e00000, 0x00000000e4e00000, 0x00000000e4f00000|  0%| F|  |TAMS 0x00000000e4e00000, 0x00000000e4e00000| Untracked 
|  79|0x00000000e4f00000, 0x00000000e4f00000, 0x00000000e5000000|  0%| F|  |TAMS 0x00000000e4f00000, 0x00000000e4f00000| Untracked 
|  80|0x00000000e5000000, 0x00000000e5000000, 0x00000000e5100000|  0%| F|  |TAMS 0x00000000e5000000, 0x00000000e5000000| Untracked 
|  81|0x00000000e5100000, 0x00000000e5100000, 0x00000000e5200000|  0%| F|  |TAMS 0x00000000e5100000, 0x00000000e5100000| Untracked 
|  82|0x00000000e5200000, 0x00000000e5200000, 0x00000000e5300000|  0%| F|  |TAMS 0x00000000e5200000, 0x00000000e5200000| Untracked 
|  83|0x00000000e5300000, 0x00000000e5300000, 0x00000000e5400000|  0%| F|  |TAMS 0x00000000e5300000, 0x00000000e5300000| Untracked 
|  84|0x00000000e5400000, 0x00000000e5400000, 0x00000000e5500000|  0%| F|  |TAMS 0x00000000e5400000, 0x00000000e5400000| Untracked 
|  85|0x00000000e5500000, 0x00000000e5500000, 0x00000000e5600000|  0%| F|  |TAMS 0x00000000e5500000, 0x00000000e5500000| Untracked 
|  86|0x00000000e5600000, 0x00000000e5600000, 0x00000000e5700000|  0%| F|  |TAMS 0x00000000e5600000, 0x00000000e5600000| Untracked 
|  87|0x00000000e5700000, 0x00000000e5700000, 0x00000000e5800000|  0%| F|  |TAMS 0x00000000e5700000, 0x00000000e5700000| Untracked 
|  88|0x00000000e5800000, 0x00000000e5800000, 0x00000000e5900000|  0%| F|  |TAMS 0x00000000e5800000, 0x00000000e5800000| Untracked 
|  89|0x00000000e5900000, 0x00000000e5900000, 0x00000000e5a00000|  0%| F|  |TAMS 0x00000000e5900000, 0x00000000e5900000| Untracked 
|  90|0x00000000e5a00000, 0x00000000e5a00000, 0x00000000e5b00000|  0%| F|  |TAMS 0x00000000e5a00000, 0x00000000e5a00000| Untracked 
|  91|0x00000000e5b00000, 0x00000000e5b00000, 0x00000000e5c00000|  0%| F|  |TAMS 0x00000000e5b00000, 0x00000000e5b00000| Untracked 
|  92|0x00000000e5c00000, 0x00000000e5c00000, 0x00000000e5d00000|  0%| F|  |TAMS 0x00000000e5c00000, 0x00000000e5c00000| Untracked 
|  93|0x00000000e5d00000, 0x00000000e5d00000, 0x00000000e5e00000|  0%| F|  |TAMS 0x00000000e5d00000, 0x00000000e5d00000| Untracked 
|  94|0x00000000e5e00000, 0x00000000e5e00000, 0x00000000e5f00000|  0%| F|  |TAMS 0x00000000e5e00000, 0x00000000e5e00000| Untracked 
|  95|0x00000000e5f00000, 0x00000000e5f00000, 0x00000000e6000000|  0%| F|  |TAMS 0x00000000e5f00000, 0x00000000e5f00000| Untracked 
|  96|0x00000000e6000000, 0x00000000e6000000, 0x00000000e6100000|  0%| F|  |TAMS 0x00000000e6000000, 0x00000000e6000000| Untracked 
|  97|0x00000000e6100000, 0x00000000e6100000, 0x00000000e6200000|  0%| F|  |TAMS 0x00000000e6100000, 0x00000000e6100000| Untracked 
|  98|0x00000000e6200000, 0x00000000e6200000, 0x00000000e6300000|  0%| F|  |TAMS 0x00000000e6200000, 0x00000000e6200000| Untracked 
|  99|0x00000000e6300000, 0x00000000e6300000, 0x00000000e6400000|  0%| F|  |TAMS 0x00000000e6300000, 0x00000000e6300000| Untracked 
| 100|0x00000000e6400000, 0x00000000e6400000, 0x00000000e6500000|  0%| F|  |TAMS 0x00000000e6400000, 0x00000000e6400000| Untracked 
| 101|0x00000000e6500000, 0x00000000e6500000, 0x00000000e6600000|  0%| F|  |TAMS 0x00000000e6500000, 0x00000000e6500000| Untracked 
| 102|0x00000000e6600000, 0x00000000e6600000, 0x00000000e6700000|  0%| F|  |TAMS 0x00000000e6600000, 0x00000000e6600000| Untracked 
| 103|0x00000000e6700000, 0x00000000e6700000, 0x00000000e6800000|  0%| F|  |TAMS 0x00000000e6700000, 0x00000000e6700000| Untracked 
| 104|0x00000000e6800000, 0x00000000e6800000, 0x00000000e6900000|  0%| F|  |TAMS 0x00000000e6800000, 0x00000000e6800000| Untracked 
| 105|0x00000000e6900000, 0x00000000e6900000, 0x00000000e6a00000|  0%| F|  |TAMS 0x00000000e6900000, 0x00000000e6900000| Untracked 
| 106|0x00000000e6a00000, 0x00000000e6a00000, 0x00000000e6b00000|  0%| F|  |TAMS 0x00000000e6a00000, 0x00000000e6a00000| Untracked 
| 107|0x00000000e6b00000, 0x00000000e6b00000, 0x00000000e6c00000|  0%| F|  |TAMS 0x00000000e6b00000, 0x00000000e6b00000| Untracked 
| 108|0x00000000e6c00000, 0x00000000e6c00000, 0x00000000e6d00000|  0%| F|  |TAMS 0x00000000e6c00000, 0x00000000e6c00000| Untracked 
| 109|0x00000000e6d00000, 0x00000000e6d00000, 0x00000000e6e00000|  0%| F|  |TAMS 0x00000000e6d00000, 0x00000000e6d00000| Untracked 
| 110|0x00000000e6e00000, 0x00000000e6e00000, 0x00000000e6f00000|  0%| F|  |TAMS 0x00000000e6e00000, 0x00000000e6e00000| Untracked 
| 111|0x00000000e6f00000, 0x00000000e6f00000, 0x00000000e7000000|  0%| F|  |TAMS 0x00000000e6f00000, 0x00000000e6f00000| Untracked 
| 112|0x00000000e7000000, 0x00000000e7000000, 0x00000000e7100000|  0%| F|  |TAMS 0x00000000e7000000, 0x00000000e7000000| Untracked 
| 113|0x00000000e7100000, 0x00000000e7100000, 0x00000000e7200000|  0%| F|  |TAMS 0x00000000e7100000, 0x00000000e7100000| Untracked 
| 114|0x00000000e7200000, 0x00000000e7200000, 0x00000000e7300000|  0%| F|  |TAMS 0x00000000e7200000, 0x00000000e7200000| Untracked 
| 115|0x00000000e7300000, 0x00000000e7300000, 0x00000000e7400000|  0%| F|  |TAMS 0x00000000e7300000, 0x00000000e7300000| Untracked 
| 116|0x00000000e7400000, 0x00000000e7400000, 0x00000000e7500000|  0%| F|  |TAMS 0x00000000e7400000, 0x00000000e7400000| Untracked 
| 117|0x00000000e7500000, 0x00000000e7500000, 0x00000000e7600000|  0%| F|  |TAMS 0x00000000e7500000, 0x00000000e7500000| Untracked 
| 118|0x00000000e7600000, 0x00000000e7600000, 0x00000000e7700000|  0%| F|  |TAMS 0x00000000e7600000, 0x00000000e7600000| Untracked 
| 119|0x00000000e7700000, 0x00000000e7700000, 0x00000000e7800000|  0%| F|  |TAMS 0x00000000e7700000, 0x00000000e7700000| Untracked 
| 120|0x00000000e7800000, 0x00000000e7800000, 0x00000000e7900000|  0%| F|  |TAMS 0x00000000e7800000, 0x00000000e7800000| Untracked 
| 121|0x00000000e7900000, 0x00000000e7900000, 0x00000000e7a00000|  0%| F|  |TAMS 0x00000000e7900000, 0x00000000e7900000| Untracked 
| 122|0x00000000e7a00000, 0x00000000e7a00000, 0x00000000e7b00000|  0%| F|  |TAMS 0x00000000e7a00000, 0x00000000e7a00000| Untracked 
| 123|0x00000000e7b00000, 0x00000000e7b00000, 0x00000000e7c00000|  0%| F|  |TAMS 0x00000000e7b00000, 0x00000000e7b00000| Untracked 
| 124|0x00000000e7c00000, 0x00000000e7c00000, 0x00000000e7d00000|  0%| F|  |TAMS 0x00000000e7c00000, 0x00000000e7c00000| Untracked 
| 125|0x00000000e7d00000, 0x00000000e7d00000, 0x00000000e7e00000|  0%| F|  |TAMS 0x00000000e7d00000, 0x00000000e7d00000| Untracked 
| 126|0x00000000e7e00000, 0x00000000e7e00000, 0x00000000e7f00000|  0%| F|  |TAMS 0x00000000e7e00000, 0x00000000e7e00000| Untracked 
| 127|0x00000000e7f00000, 0x00000000e7f00000, 0x00000000e8000000|  0%| F|  |TAMS 0x00000000e7f00000, 0x00000000e7f00000| Untracked 
| 128|0x00000000e8000000, 0x00000000e8000000, 0x00000000e8100000|  0%| F|  |TAMS 0x00000000e8000000, 0x00000000e8000000| Untracked 
| 129|0x00000000e8100000, 0x00000000e8100000, 0x00000000e8200000|  0%| F|  |TAMS 0x00000000e8100000, 0x00000000e8100000| Untracked 
| 130|0x00000000e8200000, 0x00000000e8200000, 0x00000000e8300000|  0%| F|  |TAMS 0x00000000e8200000, 0x00000000e8200000| Untracked 
| 131|0x00000000e8300000, 0x00000000e8300000, 0x00000000e8400000|  0%| F|  |TAMS 0x00000000e8300000, 0x00000000e8300000| Untracked 
| 132|0x00000000e8400000, 0x00000000e8400000, 0x00000000e8500000|  0%| F|  |TAMS 0x00000000e8400000, 0x00000000e8400000| Untracked 
| 133|0x00000000e8500000, 0x00000000e8500000, 0x00000000e8600000|  0%| F|  |TAMS 0x00000000e8500000, 0x00000000e8500000| Untracked 
| 134|0x00000000e8600000, 0x00000000e8600000, 0x00000000e8700000|  0%| F|  |TAMS 0x00000000e8600000, 0x00000000e8600000| Untracked 
| 135|0x00000000e8700000, 0x00000000e8700000, 0x00000000e8800000|  0%| F|  |TAMS 0x00000000e8700000, 0x00000000e8700000| Untracked 
| 136|0x00000000e8800000, 0x00000000e8800000, 0x00000000e8900000|  0%| F|  |TAMS 0x00000000e8800000, 0x00000000e8800000| Untracked 
| 137|0x00000000e8900000, 0x00000000e8900000, 0x00000000e8a00000|  0%| F|  |TAMS 0x00000000e8900000, 0x00000000e8900000| Untracked 
| 138|0x00000000e8a00000, 0x00000000e8a00000, 0x00000000e8b00000|  0%| F|  |TAMS 0x00000000e8a00000, 0x00000000e8a00000| Untracked 
| 139|0x00000000e8b00000, 0x00000000e8b00000, 0x00000000e8c00000|  0%| F|  |TAMS 0x00000000e8b00000, 0x00000000e8b00000| Untracked 
| 140|0x00000000e8c00000, 0x00000000e8c00000, 0x00000000e8d00000|  0%| F|  |TAMS 0x00000000e8c00000, 0x00000000e8c00000| Untracked 
| 141|0x00000000e8d00000, 0x00000000e8d00000, 0x00000000e8e00000|  0%| F|  |TAMS 0x00000000e8d00000, 0x00000000e8d00000| Untracked 
| 142|0x00000000e8e00000, 0x00000000e8e00000, 0x00000000e8f00000|  0%| F|  |TAMS 0x00000000e8e00000, 0x00000000e8e00000| Untracked 
| 143|0x00000000e8f00000, 0x00000000e8f00000, 0x00000000e9000000|  0%| F|  |TAMS 0x00000000e8f00000, 0x00000000e8f00000| Untracked 
| 144|0x00000000e9000000, 0x00000000e9000000, 0x00000000e9100000|  0%| F|  |TAMS 0x00000000e9000000, 0x00000000e9000000| Untracked 
| 145|0x00000000e9100000, 0x00000000e9100000, 0x00000000e9200000|  0%| F|  |TAMS 0x00000000e9100000, 0x00000000e9100000| Untracked 
| 146|0x00000000e9200000, 0x00000000e9200000, 0x00000000e9300000|  0%| F|  |TAMS 0x00000000e9200000, 0x00000000e9200000| Untracked 
| 147|0x00000000e9300000, 0x00000000e9300000, 0x00000000e9400000|  0%| F|  |TAMS 0x00000000e9300000, 0x00000000e9300000| Untracked 
| 148|0x00000000e9400000, 0x00000000e9400000, 0x00000000e9500000|  0%| F|  |TAMS 0x00000000e9400000, 0x00000000e9400000| Untracked 
| 149|0x00000000e9500000, 0x00000000e9500000, 0x00000000e9600000|  0%| F|  |TAMS 0x00000000e9500000, 0x00000000e9500000| Untracked 
| 150|0x00000000e9600000, 0x00000000e9600000, 0x00000000e9700000|  0%| F|  |TAMS 0x00000000e9600000, 0x00000000e9600000| Untracked 
| 151|0x00000000e9700000, 0x00000000e9700000, 0x00000000e9800000|  0%| F|  |TAMS 0x00000000e9700000, 0x00000000e9700000| Untracked 
| 152|0x00000000e9800000, 0x00000000e9800000, 0x00000000e9900000|  0%| F|  |TAMS 0x00000000e9800000, 0x00000000e9800000| Untracked 
| 153|0x00000000e9900000, 0x00000000e9900000, 0x00000000e9a00000|  0%| F|  |TAMS 0x00000000e9900000, 0x00000000e9900000| Untracked 
| 154|0x00000000e9a00000, 0x00000000e9aa6ad0, 0x00000000e9b00000| 65%| S|CS|TAMS 0x00000000e9a00000, 0x00000000e9a00000| Complete 
| 155|0x00000000e9b00000, 0x00000000e9c00000, 0x00000000e9c00000|100%| S|CS|TAMS 0x00000000e9b00000, 0x00000000e9b00000| Complete 
| 156|0x00000000e9c00000, 0x00000000e9d00000, 0x00000000e9d00000|100%| S|CS|TAMS 0x00000000e9c00000, 0x00000000e9c00000| Complete 
| 157|0x00000000e9d00000, 0x00000000e9e00000, 0x00000000e9e00000|100%| S|CS|TAMS 0x00000000e9d00000, 0x00000000e9d00000| Complete 
| 158|0x00000000e9e00000, 0x00000000e9f00000, 0x00000000e9f00000|100%| S|CS|TAMS 0x00000000e9e00000, 0x00000000e9e00000| Complete 
| 159|0x00000000e9f00000, 0x00000000ea000000, 0x00000000ea000000|100%| S|CS|TAMS 0x00000000e9f00000, 0x00000000e9f00000| Complete 
| 160|0x00000000ea000000, 0x00000000ea100000, 0x00000000ea100000|100%| S|CS|TAMS 0x00000000ea000000, 0x00000000ea000000| Complete 
| 161|0x00000000ea100000, 0x00000000ea200000, 0x00000000ea200000|100%| S|CS|TAMS 0x00000000ea100000, 0x00000000ea100000| Complete 
| 162|0x00000000ea200000, 0x00000000ea300000, 0x00000000ea300000|100%| S|CS|TAMS 0x00000000ea200000, 0x00000000ea200000| Complete 
| 163|0x00000000ea300000, 0x00000000ea400000, 0x00000000ea400000|100%| S|CS|TAMS 0x00000000ea300000, 0x00000000ea300000| Complete 
| 164|0x00000000ea400000, 0x00000000ea400000, 0x00000000ea500000|  0%| F|  |TAMS 0x00000000ea400000, 0x00000000ea400000| Untracked 
| 165|0x00000000ea500000, 0x00000000ea500000, 0x00000000ea600000|  0%| F|  |TAMS 0x00000000ea500000, 0x00000000ea500000| Untracked 
| 166|0x00000000ea600000, 0x00000000ea600000, 0x00000000ea700000|  0%| F|  |TAMS 0x00000000ea600000, 0x00000000ea600000| Untracked 
| 167|0x00000000ea700000, 0x00000000ea700000, 0x00000000ea800000|  0%| F|  |TAMS 0x00000000ea700000, 0x00000000ea700000| Untracked 
| 168|0x00000000ea800000, 0x00000000ea800000, 0x00000000ea900000|  0%| F|  |TAMS 0x00000000ea800000, 0x00000000ea800000| Untracked 
| 169|0x00000000ea900000, 0x00000000ea900000, 0x00000000eaa00000|  0%| F|  |TAMS 0x00000000ea900000, 0x00000000ea900000| Untracked 
| 170|0x00000000eaa00000, 0x00000000eaa00000, 0x00000000eab00000|  0%| F|  |TAMS 0x00000000eaa00000, 0x00000000eaa00000| Untracked 
| 171|0x00000000eab00000, 0x00000000eab00000, 0x00000000eac00000|  0%| F|  |TAMS 0x00000000eab00000, 0x00000000eab00000| Untracked 
| 172|0x00000000eac00000, 0x00000000eac00000, 0x00000000ead00000|  0%| F|  |TAMS 0x00000000eac00000, 0x00000000eac00000| Untracked 
| 173|0x00000000ead00000, 0x00000000ead00000, 0x00000000eae00000|  0%| F|  |TAMS 0x00000000ead00000, 0x00000000ead00000| Untracked 
| 174|0x00000000eae00000, 0x00000000eae00000, 0x00000000eaf00000|  0%| F|  |TAMS 0x00000000eae00000, 0x00000000eae00000| Untracked 
| 175|0x00000000eaf00000, 0x00000000eaf00000, 0x00000000eb000000|  0%| F|  |TAMS 0x00000000eaf00000, 0x00000000eaf00000| Untracked 
| 176|0x00000000eb000000, 0x00000000eb000000, 0x00000000eb100000|  0%| F|  |TAMS 0x00000000eb000000, 0x00000000eb000000| Untracked 
| 177|0x00000000eb100000, 0x00000000eb100000, 0x00000000eb200000|  0%| F|  |TAMS 0x00000000eb100000, 0x00000000eb100000| Untracked 
| 178|0x00000000eb200000, 0x00000000eb200000, 0x00000000eb300000|  0%| F|  |TAMS 0x00000000eb200000, 0x00000000eb200000| Untracked 
| 179|0x00000000eb300000, 0x00000000eb300000, 0x00000000eb400000|  0%| F|  |TAMS 0x00000000eb300000, 0x00000000eb300000| Untracked 
| 180|0x00000000eb400000, 0x00000000eb400000, 0x00000000eb500000|  0%| F|  |TAMS 0x00000000eb400000, 0x00000000eb400000| Untracked 
| 181|0x00000000eb500000, 0x00000000eb500000, 0x00000000eb600000|  0%| F|  |TAMS 0x00000000eb500000, 0x00000000eb500000| Untracked 
| 182|0x00000000eb600000, 0x00000000eb600000, 0x00000000eb700000|  0%| F|  |TAMS 0x00000000eb600000, 0x00000000eb600000| Untracked 
| 183|0x00000000eb700000, 0x00000000eb700000, 0x00000000eb800000|  0%| F|  |TAMS 0x00000000eb700000, 0x00000000eb700000| Untracked 
| 184|0x00000000eb800000, 0x00000000eb800000, 0x00000000eb900000|  0%| F|  |TAMS 0x00000000eb800000, 0x00000000eb800000| Untracked 
| 185|0x00000000eb900000, 0x00000000eb900000, 0x00000000eba00000|  0%| F|  |TAMS 0x00000000eb900000, 0x00000000eb900000| Untracked 
| 186|0x00000000eba00000, 0x00000000eba00000, 0x00000000ebb00000|  0%| F|  |TAMS 0x00000000eba00000, 0x00000000eba00000| Untracked 
| 187|0x00000000ebb00000, 0x00000000ebb00000, 0x00000000ebc00000|  0%| F|  |TAMS 0x00000000ebb00000, 0x00000000ebb00000| Untracked 
| 188|0x00000000ebc00000, 0x00000000ebc00000, 0x00000000ebd00000|  0%| F|  |TAMS 0x00000000ebc00000, 0x00000000ebc00000| Untracked 
| 189|0x00000000ebd00000, 0x00000000ebd00000, 0x00000000ebe00000|  0%| F|  |TAMS 0x00000000ebd00000, 0x00000000ebd00000| Untracked 
| 190|0x00000000ebe00000, 0x00000000ebe00000, 0x00000000ebf00000|  0%| F|  |TAMS 0x00000000ebe00000, 0x00000000ebe00000| Untracked 
| 191|0x00000000ebf00000, 0x00000000ebf00000, 0x00000000ec000000|  0%| F|  |TAMS 0x00000000ebf00000, 0x00000000ebf00000| Untracked 
| 192|0x00000000ec000000, 0x00000000ec000000, 0x00000000ec100000|  0%| F|  |TAMS 0x00000000ec000000, 0x00000000ec000000| Untracked 
| 193|0x00000000ec100000, 0x00000000ec100000, 0x00000000ec200000|  0%| F|  |TAMS 0x00000000ec100000, 0x00000000ec100000| Untracked 
| 194|0x00000000ec200000, 0x00000000ec200000, 0x00000000ec300000|  0%| F|  |TAMS 0x00000000ec200000, 0x00000000ec200000| Untracked 
| 195|0x00000000ec300000, 0x00000000ec400000, 0x00000000ec400000|100%| E|  |TAMS 0x00000000ec300000, 0x00000000ec300000| Complete 
| 196|0x00000000ec400000, 0x00000000ec500000, 0x00000000ec500000|100%| E|CS|TAMS 0x00000000ec400000, 0x00000000ec400000| Complete 
| 197|0x00000000ec500000, 0x00000000ec600000, 0x00000000ec600000|100%| E|CS|TAMS 0x00000000ec500000, 0x00000000ec500000| Complete 
| 198|0x00000000ec600000, 0x00000000ec700000, 0x00000000ec700000|100%| E|CS|TAMS 0x00000000ec600000, 0x00000000ec600000| Complete 
| 199|0x00000000ec700000, 0x00000000ec800000, 0x00000000ec800000|100%| E|CS|TAMS 0x00000000ec700000, 0x00000000ec700000| Complete 
| 200|0x00000000ec800000, 0x00000000ec900000, 0x00000000ec900000|100%| E|CS|TAMS 0x00000000ec800000, 0x00000000ec800000| Complete 
| 201|0x00000000ec900000, 0x00000000eca00000, 0x00000000eca00000|100%| E|CS|TAMS 0x00000000ec900000, 0x00000000ec900000| Complete 
| 202|0x00000000eca00000, 0x00000000ecb00000, 0x00000000ecb00000|100%| E|CS|TAMS 0x00000000eca00000, 0x00000000eca00000| Complete 
| 203|0x00000000ecb00000, 0x00000000ecc00000, 0x00000000ecc00000|100%| E|CS|TAMS 0x00000000ecb00000, 0x00000000ecb00000| Complete 
| 204|0x00000000ecc00000, 0x00000000ecd00000, 0x00000000ecd00000|100%| E|CS|TAMS 0x00000000ecc00000, 0x00000000ecc00000| Complete 
| 205|0x00000000ecd00000, 0x00000000ece00000, 0x00000000ece00000|100%| E|CS|TAMS 0x00000000ecd00000, 0x00000000ecd00000| Complete 
| 206|0x00000000ece00000, 0x00000000ecf00000, 0x00000000ecf00000|100%| E|CS|TAMS 0x00000000ece00000, 0x00000000ece00000| Complete 
| 207|0x00000000ecf00000, 0x00000000ed000000, 0x00000000ed000000|100%| E|CS|TAMS 0x00000000ecf00000, 0x00000000ecf00000| Complete 
| 208|0x00000000ed000000, 0x00000000ed100000, 0x00000000ed100000|100%| E|CS|TAMS 0x00000000ed000000, 0x00000000ed000000| Complete 
| 209|0x00000000ed100000, 0x00000000ed200000, 0x00000000ed200000|100%| E|CS|TAMS 0x00000000ed100000, 0x00000000ed100000| Complete 
| 210|0x00000000ed200000, 0x00000000ed300000, 0x00000000ed300000|100%| E|CS|TAMS 0x00000000ed200000, 0x00000000ed200000| Complete 
| 211|0x00000000ed300000, 0x00000000ed400000, 0x00000000ed400000|100%| E|CS|TAMS 0x00000000ed300000, 0x00000000ed300000| Complete 
| 212|0x00000000ed400000, 0x00000000ed500000, 0x00000000ed500000|100%| E|CS|TAMS 0x00000000ed400000, 0x00000000ed400000| Complete 
| 213|0x00000000ed500000, 0x00000000ed600000, 0x00000000ed600000|100%| E|CS|TAMS 0x00000000ed500000, 0x00000000ed500000| Complete 
| 214|0x00000000ed600000, 0x00000000ed700000, 0x00000000ed700000|100%| E|CS|TAMS 0x00000000ed600000, 0x00000000ed600000| Complete 
| 215|0x00000000ed700000, 0x00000000ed800000, 0x00000000ed800000|100%| E|CS|TAMS 0x00000000ed700000, 0x00000000ed700000| Complete 
| 216|0x00000000ed800000, 0x00000000ed900000, 0x00000000ed900000|100%| E|CS|TAMS 0x00000000ed800000, 0x00000000ed800000| Complete 
| 217|0x00000000ed900000, 0x00000000eda00000, 0x00000000eda00000|100%| E|CS|TAMS 0x00000000ed900000, 0x00000000ed900000| Complete 
| 218|0x00000000eda00000, 0x00000000edb00000, 0x00000000edb00000|100%| E|CS|TAMS 0x00000000eda00000, 0x00000000eda00000| Complete 
| 219|0x00000000edb00000, 0x00000000edc00000, 0x00000000edc00000|100%| E|CS|TAMS 0x00000000edb00000, 0x00000000edb00000| Complete 
| 220|0x00000000edc00000, 0x00000000edd00000, 0x00000000edd00000|100%| E|CS|TAMS 0x00000000edc00000, 0x00000000edc00000| Complete 
| 221|0x00000000edd00000, 0x00000000ede00000, 0x00000000ede00000|100%| E|CS|TAMS 0x00000000edd00000, 0x00000000edd00000| Complete 
| 222|0x00000000ede00000, 0x00000000edf00000, 0x00000000edf00000|100%| E|CS|TAMS 0x00000000ede00000, 0x00000000ede00000| Complete 
| 223|0x00000000edf00000, 0x00000000ee000000, 0x00000000ee000000|100%| E|CS|TAMS 0x00000000edf00000, 0x00000000edf00000| Complete 
| 224|0x00000000ee000000, 0x00000000ee100000, 0x00000000ee100000|100%| E|CS|TAMS 0x00000000ee000000, 0x00000000ee000000| Complete 
| 225|0x00000000ee100000, 0x00000000ee200000, 0x00000000ee200000|100%| E|CS|TAMS 0x00000000ee100000, 0x00000000ee100000| Complete 
| 226|0x00000000ee200000, 0x00000000ee300000, 0x00000000ee300000|100%| E|CS|TAMS 0x00000000ee200000, 0x00000000ee200000| Complete 
| 227|0x00000000ee300000, 0x00000000ee400000, 0x00000000ee400000|100%| E|CS|TAMS 0x00000000ee300000, 0x00000000ee300000| Complete 
| 228|0x00000000ee400000, 0x00000000ee500000, 0x00000000ee500000|100%| E|CS|TAMS 0x00000000ee400000, 0x00000000ee400000| Complete 
| 229|0x00000000ee500000, 0x00000000ee600000, 0x00000000ee600000|100%| E|CS|TAMS 0x00000000ee500000, 0x00000000ee500000| Complete 
| 230|0x00000000ee600000, 0x00000000ee700000, 0x00000000ee700000|100%| E|CS|TAMS 0x00000000ee600000, 0x00000000ee600000| Complete 
| 231|0x00000000ee700000, 0x00000000ee800000, 0x00000000ee800000|100%| E|CS|TAMS 0x00000000ee700000, 0x00000000ee700000| Complete 
| 232|0x00000000ee800000, 0x00000000ee900000, 0x00000000ee900000|100%| E|CS|TAMS 0x00000000ee800000, 0x00000000ee800000| Complete 
| 233|0x00000000ee900000, 0x00000000eea00000, 0x00000000eea00000|100%| E|CS|TAMS 0x00000000ee900000, 0x00000000ee900000| Complete 
| 234|0x00000000eea00000, 0x00000000eeb00000, 0x00000000eeb00000|100%| E|CS|TAMS 0x00000000eea00000, 0x00000000eea00000| Complete 
| 235|0x00000000eeb00000, 0x00000000eec00000, 0x00000000eec00000|100%| E|CS|TAMS 0x00000000eeb00000, 0x00000000eeb00000| Complete 
| 236|0x00000000eec00000, 0x00000000eed00000, 0x00000000eed00000|100%| E|CS|TAMS 0x00000000eec00000, 0x00000000eec00000| Complete 
| 237|0x00000000eed00000, 0x00000000eee00000, 0x00000000eee00000|100%| E|CS|TAMS 0x00000000eed00000, 0x00000000eed00000| Complete 
| 238|0x00000000eee00000, 0x00000000eef00000, 0x00000000eef00000|100%| E|CS|TAMS 0x00000000eee00000, 0x00000000eee00000| Complete 
| 239|0x00000000eef00000, 0x00000000ef000000, 0x00000000ef000000|100%| E|CS|TAMS 0x00000000eef00000, 0x00000000eef00000| Complete 
| 240|0x00000000ef000000, 0x00000000ef100000, 0x00000000ef100000|100%| E|CS|TAMS 0x00000000ef000000, 0x00000000ef000000| Complete 
| 241|0x00000000ef100000, 0x00000000ef200000, 0x00000000ef200000|100%| E|CS|TAMS 0x00000000ef100000, 0x00000000ef100000| Complete 
| 242|0x00000000ef200000, 0x00000000ef300000, 0x00000000ef300000|100%| E|CS|TAMS 0x00000000ef200000, 0x00000000ef200000| Complete 
| 243|0x00000000ef300000, 0x00000000ef400000, 0x00000000ef400000|100%| E|CS|TAMS 0x00000000ef300000, 0x00000000ef300000| Complete 
| 244|0x00000000ef400000, 0x00000000ef500000, 0x00000000ef500000|100%| E|CS|TAMS 0x00000000ef400000, 0x00000000ef400000| Complete 
| 245|0x00000000ef500000, 0x00000000ef600000, 0x00000000ef600000|100%| E|CS|TAMS 0x00000000ef500000, 0x00000000ef500000| Complete 
| 246|0x00000000ef600000, 0x00000000ef700000, 0x00000000ef700000|100%| E|CS|TAMS 0x00000000ef600000, 0x00000000ef600000| Complete 
| 247|0x00000000ef700000, 0x00000000ef800000, 0x00000000ef800000|100%| E|CS|TAMS 0x00000000ef700000, 0x00000000ef700000| Complete 
| 248|0x00000000ef800000, 0x00000000ef900000, 0x00000000ef900000|100%| E|CS|TAMS 0x00000000ef800000, 0x00000000ef800000| Complete 
| 249|0x00000000ef900000, 0x00000000efa00000, 0x00000000efa00000|100%| E|CS|TAMS 0x00000000ef900000, 0x00000000ef900000| Complete 
| 250|0x00000000efa00000, 0x00000000efb00000, 0x00000000efb00000|100%| E|CS|TAMS 0x00000000efa00000, 0x00000000efa00000| Complete 
| 251|0x00000000efb00000, 0x00000000efc00000, 0x00000000efc00000|100%| E|CS|TAMS 0x00000000efb00000, 0x00000000efb00000| Complete 
| 252|0x00000000efc00000, 0x00000000efd00000, 0x00000000efd00000|100%| E|CS|TAMS 0x00000000efc00000, 0x00000000efc00000| Complete 
| 253|0x00000000efd00000, 0x00000000efe00000, 0x00000000efe00000|100%| E|CS|TAMS 0x00000000efd00000, 0x00000000efd00000| Complete 
| 254|0x00000000efe00000, 0x00000000eff00000, 0x00000000eff00000|100%| E|CS|TAMS 0x00000000efe00000, 0x00000000efe00000| Complete 
| 255|0x00000000eff00000, 0x00000000f0000000, 0x00000000f0000000|100%| E|CS|TAMS 0x00000000eff00000, 0x00000000eff00000| Complete 

Card table byte_map: [0x000001d6f8900000,0x000001d6f8a00000] _byte_map_base: 0x000001d6f8200000

Marking Bits (Prev, Next): (CMBitMap*) 0x000001d6df294b98, (CMBitMap*) 0x000001d6df294bd0
 Prev Bits: [0x000001d6f8b00000, 0x000001d6f9300000)
 Next Bits: [0x000001d6f9300000, 0x000001d6f9b00000)

Polling page: 0x000001d6df0b0000

Metaspace:

Usage:
  Non-class:     41.21 MB capacity,    40.51 MB ( 98%) used,   587.78 KB (  1%) free+waste,   124.50 KB ( <1%) overhead. 
      Class:      6.26 MB capacity,     5.86 MB ( 93%) used,   358.81 KB (  6%) free+waste,    59.13 KB ( <1%) overhead. 
       Both:     47.47 MB capacity,    46.37 MB ( 98%) used,   946.59 KB (  2%) free+waste,   183.63 KB ( <1%) overhead. 

Virtual space:
  Non-class space:       42.00 MB reserved,      41.33 MB ( 98%) committed 
      Class space:      248.00 MB reserved,       6.38 MB (  3%) committed 
             Both:      290.00 MB reserved,      47.70 MB ( 16%) committed 

Chunk freelists:
   Non-Class:  0 bytes
       Class:  18.00 KB
        Both:  18.00 KB

MaxMetaspaceSize: 256.00 MB
CompressedClassSpaceSize: 248.00 MB
Initial GC threshold: 20.80 MB
Current GC threshold: 58.67 MB
CDS: off

CodeHeap 'non-profiled nmethods': size=120064Kb used=2713Kb max_used=2713Kb free=117350Kb
 bounds [0x000001d6f0ca0000, 0x000001d6f0f50000, 0x000001d6f81e0000]
CodeHeap 'profiled nmethods': size=120000Kb used=10140Kb max_used=10140Kb free=109859Kb
 bounds [0x000001d6e9770000, 0x000001d6ea160000, 0x000001d6f0ca0000]
CodeHeap 'non-nmethods': size=5696Kb used=2301Kb max_used=2329Kb free=3394Kb
 bounds [0x000001d6e91e0000, 0x000001d6e9450000, 0x000001d6e9770000]
 total_blobs=5646 nmethods=4844 adapters=714
 compilation: enabled
              stopped_count=0, restarted_count=0
 full_count=0

Compilation events (20 events):
Event: 39.105 Thread 0x000001d6fc99d000 4853       1       java.beans.FeatureDescriptor::setPreferred (6 bytes)
Event: 39.105 Thread 0x000001d6fc99d000 nmethod 4853 0x000001d6f0f45690 code [0x000001d6f0f45840, 0x000001d6f0f458f8]
Event: 39.107 Thread 0x000001d6fc99d000 4854       3       com.sun.beans.TypeResolver::resolveInClass (9 bytes)
Event: 39.108 Thread 0x000001d6fc99d000 nmethod 4854 0x000001d6ea146b10 code [0x000001d6ea146d60, 0x000001d6ea147578]
Event: 39.108 Thread 0x000001d6fc99d000 4856       3       java.util.Collections$UnmodifiableMap$UnmodifiableEntrySet$UnmodifiableEntry::getValue (10 bytes)
Event: 39.108 Thread 0x000001d6fc99d000 nmethod 4856 0x000001d6ea147810 code [0x000001d6ea1479c0, 0x000001d6ea147b88]
Event: 39.108 Thread 0x000001d6fc99d000 4855       3       java.beans.PropertyDescriptor::setClass0 (25 bytes)
Event: 39.109 Thread 0x000001d6fc99d000 nmethod 4855 0x000001d6ea147c90 code [0x000001d6ea147ee0, 0x000001d6ea148978]
Event: 39.109 Thread 0x000001d6fc99d000 4857  s!   3       java.beans.PropertyDescriptor::getPropertyType (33 bytes)
Event: 39.110 Thread 0x000001d6fc99d000 nmethod 4857 0x000001d6ea148c10 code [0x000001d6ea148e60, 0x000001d6ea1498c8]
Event: 39.110 Thread 0x000001d6fc99d000 4858       3       java.beans.FeatureDescriptor::addTable (20 bytes)
Event: 39.110 Thread 0x000001d6fc99d000 nmethod 4858 0x000001d6ea149c10 code [0x000001d6ea149e20, 0x000001d6ea14a328]
Event: 39.110 Thread 0x000001d6fc99d000 4859       3       java.beans.PropertyDescriptor::setPropertyType (9 bytes)
Event: 39.111 Thread 0x000001d6fc99d000 nmethod 4859 0x000001d6ea14a510 code [0x000001d6ea14a700, 0x000001d6ea14aa88]
Event: 39.122 Thread 0x000001d6fc99d000 4860       3       com.sun.beans.util.Cache$Kind$Soft::getReferent (5 bytes)
Event: 39.122 Thread 0x000001d6fc99d000 nmethod 4860 0x000001d6ea14ac10 code [0x000001d6ea14adc0, 0x000001d6ea14b058]
Event: 39.131 Thread 0x000001d6fc99d000 4862       3       java.io.ObjectOutputStream$BlockDataOutputStream::drain (45 bytes)
Event: 39.131 Thread 0x000001d6fc99d000 nmethod 4862 0x000001d6ea14b110 code [0x000001d6ea14b2e0, 0x000001d6ea14b598]
Event: 39.131 Thread 0x000001d6fc99d000 4863       3       java.io.ObjectStreamField::isPrimitive (23 bytes)
Event: 39.132 Thread 0x000001d6fc99d000 nmethod 4863 0x000001d6ea14b690 code [0x000001d6ea14b8a0, 0x000001d6ea14be28]

GC Heap History (16 events):
Event: 2.404 GC heap before
{Heap before GC invocations=0 (full 0):
 garbage-first heap   total 262144K, used 16384K [0x00000000e0000000, 0x0000000100000000)
  region size 1024K, 14 young (14336K), 0 survivors (0K)
 Metaspace       used 6789K, capacity 6993K, committed 7168K, reserved 262144K
  class space    used 573K, capacity 650K, committed 768K, reserved 253952K
}
Event: 2.662 GC heap after
{Heap after GC invocations=1 (full 0):
 garbage-first heap   total 262144K, used 3849K [0x00000000e0000000, 0x0000000100000000)
  region size 1024K, 2 young (2048K), 2 survivors (2048K)
 Metaspace       used 6789K, capacity 6993K, committed 7168K, reserved 262144K
  class space    used 573K, capacity 650K, committed 768K, reserved 253952K
}
Event: 3.840 GC heap before
{Heap before GC invocations=1 (full 0):
 garbage-first heap   total 262144K, used 17161K [0x00000000e0000000, 0x0000000100000000)
  region size 1024K, 13 young (13312K), 2 survivors (2048K)
 Metaspace       used 10195K, capacity 10456K, committed 10624K, reserved 264192K
  class space    used 1034K, capacity 1105K, committed 1152K, reserved 253952K
}
Event: 3.845 GC heap after
{Heap after GC invocations=2 (full 0):
 garbage-first heap   total 262144K, used 9308K [0x00000000e0000000, 0x0000000100000000)
  region size 1024K, 2 young (2048K), 2 survivors (2048K)
 Metaspace       used 10195K, capacity 10456K, committed 10624K, reserved 264192K
  class space    used 1034K, capacity 1105K, committed 1152K, reserved 253952K
}
Event: 5.279 GC heap before
{Heap before GC invocations=2 (full 0):
 garbage-first heap   total 262144K, used 36956K [0x00000000e0000000, 0x0000000100000000)
  region size 1024K, 29 young (29696K), 2 survivors (2048K)
 Metaspace       used 11263K, capacity 11509K, committed 11776K, reserved 266240K
  class space    used 1146K, capacity 1243K, committed 1280K, reserved 253952K
}
Event: 5.287 GC heap after
{Heap after GC invocations=3 (full 0):
 garbage-first heap   total 262144K, used 12059K [0x00000000e0000000, 0x0000000100000000)
  region size 1024K, 4 young (4096K), 4 survivors (4096K)
 Metaspace       used 11263K, capacity 11509K, committed 11776K, reserved 266240K
  class space    used 1146K, capacity 1243K, committed 1280K, reserved 253952K
}
Event: 8.905 GC heap before
{Heap before GC invocations=3 (full 0):
 garbage-first heap   total 262144K, used 53019K [0x00000000e0000000, 0x0000000100000000)
  region size 1024K, 43 young (44032K), 4 survivors (4096K)
 Metaspace       used 17738K, capacity 18134K, committed 18432K, reserved 270336K
  class space    used 2054K, capacity 2178K, committed 2304K, reserved 253952K
}
Event: 8.916 GC heap after
{Heap after GC invocations=4 (full 0):
 garbage-first heap   total 262144K, used 16832K [0x00000000e0000000, 0x0000000100000000)
  region size 1024K, 6 young (6144K), 6 survivors (6144K)
 Metaspace       used 17738K, capacity 18134K, committed 18432K, reserved 270336K
  class space    used 2054K, capacity 2178K, committed 2304K, reserved 253952K
}
Event: 9.725 GC heap before
{Heap before GC invocations=4 (full 0):
 garbage-first heap   total 262144K, used 40384K [0x00000000e0000000, 0x0000000100000000)
  region size 1024K, 31 young (31744K), 6 survivors (6144K)
 Metaspace       used 20733K, capacity 21141K, committed 21296K, reserved 274432K
  class space    used 2489K, capacity 2623K, committed 2688K, reserved 253952K
}
Event: 9.742 GC heap after
{Heap after GC invocations=5 (full 0):
 garbage-first heap   total 262144K, used 17499K [0x00000000e0000000, 0x0000000100000000)
  region size 1024K, 1 young (1024K), 1 survivors (1024K)
 Metaspace       used 20733K, capacity 21141K, committed 21296K, reserved 274432K
  class space    used 2489K, capacity 2623K, committed 2688K, reserved 253952K
}
Event: 12.021 GC heap before
{Heap before GC invocations=6 (full 0):
 garbage-first heap   total 262144K, used 71771K [0x00000000e0000000, 0x0000000100000000)
  region size 1024K, 54 young (55296K), 1 survivors (1024K)
 Metaspace       used 26278K, capacity 26952K, committed 27184K, reserved 278528K
  class space    used 3400K, capacity 3653K, committed 3712K, reserved 253952K
}
Event: 12.030 GC heap after
{Heap after GC invocations=7 (full 0):
 garbage-first heap   total 262144K, used 19570K [0x00000000e0000000, 0x0000000100000000)
  region size 1024K, 3 young (3072K), 3 survivors (3072K)
 Metaspace       used 26278K, capacity 26952K, committed 27184K, reserved 278528K
  class space    used 3400K, capacity 3653K, committed 3712K, reserved 253952K
}
Event: 16.776 GC heap before
{Heap before GC invocations=7 (full 0):
 garbage-first heap   total 262144K, used 88178K [0x00000000e0000000, 0x0000000100000000)
  region size 1024K, 72 young (73728K), 3 survivors (3072K)
 Metaspace       used 35068K, capacity 35817K, committed 35920K, reserved 286720K
  class space    used 4546K, capacity 4864K, committed 4864K, reserved 253952K
}
Event: 16.836 GC heap after
{Heap after GC invocations=8 (full 0):
 garbage-first heap   total 262144K, used 22513K [0x00000000e0000000, 0x0000000100000000)
  region size 1024K, 6 young (6144K), 6 survivors (6144K)
 Metaspace       used 35068K, capacity 35817K, committed 35920K, reserved 286720K
  class space    used 4546K, capacity 4864K, committed 4864K, reserved 253952K
}
Event: 29.481 GC heap before
{Heap before GC invocations=9 (full 0):
 garbage-first heap   total 262144K, used 110577K [0x00000000e0000000, 0x0000000100000000)
  region size 1024K, 92 young (94208K), 6 survivors (6144K)
 Metaspace       used 40111K, capacity 41089K, committed 41424K, reserved 290816K
  class space    used 5259K, capacity 5643K, committed 5760K, reserved 253952K
}
Event: 29.556 GC heap after
{Heap after GC invocations=10 (full 0):
 garbage-first heap   total 262144K, used 26563K [0x00000000e0000000, 0x0000000100000000)
  region size 1024K, 10 young (10240K), 10 survivors (10240K)
 Metaspace       used 40111K, capacity 41089K, committed 41424K, reserved 290816K
  class space    used 5259K, capacity 5643K, committed 5760K, reserved 253952K
}

Deoptimization events (20 events):
Event: 38.021 Thread 0x000001d6fdf06000 Uncommon trap: trap_request=0xffffffde fr.pc=0x000001d6f0e0f2dc relative=0x000000000000043c
Event: 38.021 Thread 0x000001d6fdf06000 Uncommon trap: reason=class_check action=maybe_recompile pc=0x000001d6f0e0f2dc method=java.util.regex.Pattern$Start.match(Ljava/util/regex/Matcher;ILjava/lang/CharSequence;)Z @ 44 c2
Event: 38.021 Thread 0x000001d6fdf06000 DEOPT PACKING pc=0x000001d6f0e0f2dc sp=0x00000084a49f7310
Event: 38.021 Thread 0x000001d6fdf06000 DEOPT UNPACKING pc=0x000001d6e922a1af sp=0x00000084a49f71d8 mode 2
Event: 38.243 Thread 0x000001d6fdf06000 Uncommon trap: trap_request=0xffffff4d fr.pc=0x000001d6f0e28ef0 relative=0x00000000000058f0
Event: 38.243 Thread 0x000001d6fdf06000 Uncommon trap: reason=unstable_if action=reinterpret pc=0x000001d6f0e28ef0 method=java.net.URLClassLoader.defineClass(Ljava/lang/String;Ljdk/internal/loader/Resource;)Ljava/lang/Class; @ 21 c2
Event: 38.243 Thread 0x000001d6fdf06000 DEOPT PACKING pc=0x000001d6f0e28ef0 sp=0x00000084a49f83a0
Event: 38.243 Thread 0x000001d6fdf06000 DEOPT UNPACKING pc=0x000001d6e922a1af sp=0x00000084a49f8368 mode 2
Event: 38.329 Thread 0x000001d6fdf06000 Uncommon trap: trap_request=0xffffffde fr.pc=0x000001d6f0e0f2dc relative=0x000000000000043c
Event: 38.329 Thread 0x000001d6fdf06000 Uncommon trap: reason=class_check action=maybe_recompile pc=0x000001d6f0e0f2dc method=java.util.regex.Pattern$Start.match(Ljava/util/regex/Matcher;ILjava/lang/CharSequence;)Z @ 44 c2
Event: 38.329 Thread 0x000001d6fdf06000 DEOPT PACKING pc=0x000001d6f0e0f2dc sp=0x00000084a49f7880
Event: 38.329 Thread 0x000001d6fdf06000 DEOPT UNPACKING pc=0x000001d6e922a1af sp=0x00000084a49f7748 mode 2
Event: 38.330 Thread 0x000001d6fdf06000 Uncommon trap: trap_request=0xffffffde fr.pc=0x000001d6f0e0f2dc relative=0x000000000000043c
Event: 38.330 Thread 0x000001d6fdf06000 Uncommon trap: reason=class_check action=maybe_recompile pc=0x000001d6f0e0f2dc method=java.util.regex.Pattern$Start.match(Ljava/util/regex/Matcher;ILjava/lang/CharSequence;)Z @ 44 c2
Event: 38.330 Thread 0x000001d6fdf06000 DEOPT PACKING pc=0x000001d6f0e0f2dc sp=0x00000084a49f7880
Event: 38.330 Thread 0x000001d6fdf06000 DEOPT UNPACKING pc=0x000001d6e922a1af sp=0x00000084a49f7748 mode 2
Event: 38.331 Thread 0x000001d6fdf06000 Uncommon trap: trap_request=0xffffffde fr.pc=0x000001d6f0dfde18 relative=0x0000000000000418
Event: 38.331 Thread 0x000001d6fdf06000 Uncommon trap: reason=class_check action=maybe_recompile pc=0x000001d6f0dfde18 method=java.util.regex.Pattern$Start.match(Ljava/util/regex/Matcher;ILjava/lang/CharSequence;)Z @ 44 c2
Event: 38.331 Thread 0x000001d6fdf06000 DEOPT PACKING pc=0x000001d6f0dfde18 sp=0x00000084a49f7800
Event: 38.331 Thread 0x000001d6fdf06000 DEOPT UNPACKING pc=0x000001d6e922a1af sp=0x00000084a49f7740 mode 2

Classes redefined (0 events):
No events

Internal exceptions (20 events):
Event: 38.328 Thread 0x000001d6fdf06000 Exception <a 'java/lang/ClassNotFoundException'{0x00000000ecf80c40}: groovy/lang/ClosureCustomizer> (0x00000000ecf80c40) thrown at [./src/hotspot/share/classfile/systemDictionary.cpp, line 230]
Event: 38.338 Thread 0x000001d6fdf06000 Exception <a 'java/lang/ClassNotFoundException'{0x00000000ecfd58b8}: groovy/lang/Closure$1Customizer> (0x00000000ecfd58b8) thrown at [./src/hotspot/share/classfile/systemDictionary.cpp, line 230]
Event: 38.717 Thread 0x000001d6fdf06000 Exception <a 'java/lang/ClassNotFoundException'{0x00000000ecb67e08}: org/gradle/invocation/DefaultGradle_DecoratedBeanInfo> (0x00000000ecb67e08) thrown at [./src/hotspot/share/classfile/systemDictionary.cpp, line 230]
Event: 38.724 Thread 0x000001d6fdf06000 Exception <a 'java/lang/ClassNotFoundException'{0x00000000ecb8abf8}: org/gradle/invocation/DefaultGradleBeanInfo> (0x00000000ecb8abf8) thrown at [./src/hotspot/share/classfile/systemDictionary.cpp, line 230]
Event: 38.727 Thread 0x000001d6fdf06000 Exception <a 'java/lang/ClassNotFoundException'{0x00000000ecbb1b40}: org/gradle/api/internal/project/AbstractPluginAwareBeanInfo> (0x00000000ecbb1b40) thrown at [./src/hotspot/share/classfile/systemDictionary.cpp, line 230]
Event: 38.729 Thread 0x000001d6fdf06000 Exception <a 'java/lang/ClassNotFoundException'{0x00000000ecbd8bb0}: org/gradle/api/internal/project/AbstractPluginAwareCustomizer> (0x00000000ecbd8bb0) thrown at [./src/hotspot/share/classfile/systemDictionary.cpp, line 230]
Event: 38.734 Thread 0x000001d6fdf06000 Exception <a 'java/lang/ClassNotFoundException'{0x00000000eca01f10}: org/gradle/invocation/DefaultGradleCustomizer> (0x00000000eca01f10) thrown at [./src/hotspot/share/classfile/systemDictionary.cpp, line 230]
Event: 38.742 Thread 0x000001d6fdf06000 Exception <a 'java/lang/ClassNotFoundException'{0x00000000eca58060}: org/gradle/invocation/DefaultGradle_DecoratedCustomizer> (0x00000000eca58060) thrown at [./src/hotspot/share/classfile/systemDictionary.cpp, line 230]
Event: 39.032 Thread 0x000001d6fdf06000 Exception <a 'java/lang/ClassNotFoundException'{0x00000000ec744f80}: settings_6czyig2lifvmyez6vaho427c2BeanInfo> (0x00000000ec744f80) thrown at [./src/hotspot/share/classfile/systemDictionary.cpp, line 230]
Event: 39.034 Thread 0x000001d6fdf06000 Exception <a 'java/lang/ClassNotFoundException'{0x00000000ec75b598}: org/gradle/initialization/SettingsScriptBeanInfo> (0x00000000ec75b598) thrown at [./src/hotspot/share/classfile/systemDictionary.cpp, line 230]
Event: 39.035 Thread 0x000001d6fdf06000 Exception <a 'java/lang/ClassNotFoundException'{0x00000000ec773298}: org/gradle/plugin/use/internal/PluginsAwareScriptBeanInfo> (0x00000000ec773298) thrown at [./src/hotspot/share/classfile/systemDictionary.cpp, line 230]
Event: 39.036 Thread 0x000001d6fdf06000 Exception <a 'java/lang/ClassNotFoundException'{0x00000000ec78c278}: org/gradle/plugin/use/internal/PluginsAwareScriptCustomizer> (0x00000000ec78c278) thrown at [./src/hotspot/share/classfile/systemDictionary.cpp, line 230]
Event: 39.060 Thread 0x000001d6fdf06000 Exception <a 'java/lang/ClassNotFoundException'{0x00000000ec7ab430}: org/gradle/initialization/SettingsScriptCustomizer> (0x00000000ec7ab430) thrown at [./src/hotspot/share/classfile/systemDictionary.cpp, line 230]
Event: 39.062 Thread 0x000001d6fdf06000 Exception <a 'java/lang/ClassNotFoundException'{0x00000000ec7beab0}: settings_6czyig2lifvmyez6vaho427c2Customizer> (0x00000000ec7beab0) thrown at [./src/hotspot/share/classfile/systemDictionary.cpp, line 230]
Event: 39.082 Thread 0x000001d6fdf06000 Exception <a 'java/lang/ClassNotFoundException'{0x00000000ec64d200}: org/gradle/initialization/DefaultSettings_DecoratedBeanInfo> (0x00000000ec64d200) thrown at [./src/hotspot/share/classfile/systemDictionary.cpp, line 230]
Event: 39.085 Thread 0x000001d6fdf06000 Exception <a 'java/lang/ClassNotFoundException'{0x00000000ec671098}: org/gradle/initialization/DefaultSettingsBeanInfo> (0x00000000ec671098) thrown at [./src/hotspot/share/classfile/systemDictionary.cpp, line 230]
Event: 39.087 Thread 0x000001d6fdf06000 Exception <a 'java/lang/ClassNotFoundException'{0x00000000ec696678}: org/gradle/initialization/DefaultSettingsCustomizer> (0x00000000ec696678) thrown at [./src/hotspot/share/classfile/systemDictionary.cpp, line 230]
Event: 39.103 Thread 0x000001d6fdf06000 Exception <a 'java/lang/ClassNotFoundException'{0x00000000ec6ebcd8}: org/gradle/initialization/DefaultSettings_DecoratedCustomizer> (0x00000000ec6ebcd8) thrown at [./src/hotspot/share/classfile/systemDictionary.cpp, line 230]
Event: 39.117 Thread 0x000001d6fdf06000 Exception <a 'java/lang/ClassNotFoundException'{0x00000000ec576838}: org/gradle/initialization/DefaultProjectDescriptorBeanInfo> (0x00000000ec576838) thrown at [./src/hotspot/share/classfile/systemDictionary.cpp, line 230]
Event: 39.121 Thread 0x000001d6fdf06000 Exception <a 'java/lang/ClassNotFoundException'{0x00000000ec59d998}: org/gradle/initialization/DefaultProjectDescriptorCustomizer> (0x00000000ec59d998) thrown at [./src/hotspot/share/classfile/systemDictionary.cpp, line 230]

Events (20 events):
Event: 39.118 loading class org/gradle/initialization/DefaultProjectDescriptorCustomizer
Event: 39.118 loading class org/gradle/initialization/DefaultProjectDescriptorCustomizer done
Event: 39.121 loading class org/gradle/initialization/DefaultProjectDescriptorCustomizer
Event: 39.121 loading class org/gradle/initialization/DefaultProjectDescriptorCustomizer done
Event: 39.125 loading class org/gradle/util/internal/NameValidator
Event: 39.125 loading class org/gradle/util/internal/NameValidator done
Event: 39.137 loading class org/gradle/api/artifacts/repositories/ArtifactRepository
Event: 39.137 loading class org/gradle/api/artifacts/repositories/ArtifactRepository done
Event: 39.137 loading class org/gradle/api/artifacts/repositories/ArtifactRepository
Event: 39.137 loading class org/gradle/api/artifacts/repositories/ArtifactRepository done
Event: 39.137 loading class org/gradle/internal/management/DefaultDependencyResolutionManagement
Event: 39.137 loading class org/gradle/internal/management/DefaultDependencyResolutionManagement done
Event: 39.138 loading class org/gradle/internal/management/DefaultDependencyResolutionManagement
Event: 39.138 loading class org/gradle/internal/management/DefaultDependencyResolutionManagement done
Event: 39.139 loading class org/gradle/caching/local/DirectoryBuildCache
Event: 39.139 loading class org/gradle/caching/local/DirectoryBuildCache done
Event: 39.141 loading class org/gradle/caching/local/internal/DirectoryBuildCacheServiceFactory
Event: 39.141 loading class org/gradle/caching/local/internal/DirectoryBuildCacheServiceFactory done
Event: 39.155 loading class org/gradle/caching/configuration/internal/DefaultBuildCacheConfiguration
Event: 39.155 loading class org/gradle/caching/configuration/internal/DefaultBuildCacheConfiguration done


Dynamic libraries:
0x00007ff631b90000 - 0x00007ff631b9d000 	C:\Program Files\Eclipse Adoptium\jdk-11.0.17.8-hotspot\bin\java.exe
0x00007ff8a3b50000 - 0x00007ff8a3d48000 	C:\Windows\SYSTEM32\ntdll.dll
0x00007ff8a25e0000 - 0x00007ff8a269f000 	C:\Windows\System32\KERNEL32.DLL
0x00007ff8a1260000 - 0x00007ff8a153a000 	C:\Windows\System32\KERNELBASE.dll
0x00007ff89e130000 - 0x00007ff89e1c0000 	C:\Windows\SYSTEM32\apphelp.dll
0x00007ff8a1a10000 - 0x00007ff8a1b10000 	C:\Windows\System32\ucrtbase.dll
0x00007ff8838b0000 - 0x00007ff8838c7000 	C:\Program Files\Eclipse Adoptium\jdk-11.0.17.8-hotspot\bin\jli.dll
0x00007ff8a1c10000 - 0x00007ff8a1dad000 	C:\Windows\System32\USER32.dll
0x00007ff8a1b80000 - 0x00007ff8a1ba2000 	C:\Windows\System32\win32u.dll
0x00007ff884060000 - 0x00007ff884075000 	C:\Program Files\Eclipse Adoptium\jdk-11.0.17.8-hotspot\bin\VCRUNTIME140.dll
0x00007ff8a3a60000 - 0x00007ff8a3a8b000 	C:\Windows\System32\GDI32.dll
0x00007ff8a1710000 - 0x00007ff8a1820000 	C:\Windows\System32\gdi32full.dll
0x00007ff8a1590000 - 0x00007ff8a162d000 	C:\Windows\System32\msvcp_win.dll
0x00007ff8894c0000 - 0x00007ff88975a000 	C:\Windows\WinSxS\amd64_microsoft.windows.common-controls_6595b64144ccf1df_6.0.19041.1110_none_60b5254171f9507e\COMCTL32.dll
0x00007ff8a3540000 - 0x00007ff8a35de000 	C:\Windows\System32\msvcrt.dll
0x00007ff8a2220000 - 0x00007ff8a2250000 	C:\Windows\System32\IMM32.DLL
0x0000000067fa0000 - 0x0000000067fac000 	C:\Program Files (x86)\360\Total Security\safemon\SafeWrapper.dll
0x00007ff8a2530000 - 0x00007ff8a25de000 	C:\Windows\System32\ADVAPI32.dll
0x00007ff8a3420000 - 0x00007ff8a34bc000 	C:\Windows\System32\sechost.dll
0x00007ff8a2250000 - 0x00007ff8a2376000 	C:\Windows\System32\RPCRT4.dll
0x00007ff86ccd0000 - 0x00007ff86cd62000 	C:\Program Files (x86)\360\Total Security\safemon\libzdtp64.dll
0x00007ff8a2cd0000 - 0x00007ff8a3414000 	C:\Windows\System32\SHELL32.dll
0x00007ff8a37d0000 - 0x00007ff8a3825000 	C:\Windows\System32\SHLWAPI.dll
0x00007ff8a0d10000 - 0x00007ff8a0d1a000 	C:\Windows\SYSTEM32\VERSION.dll
0x00007ff882a90000 - 0x00007ff882b2b000 	C:\Program Files\Eclipse Adoptium\jdk-11.0.17.8-hotspot\bin\msvcp140.dll
0x00007ff86a340000 - 0x00007ff86aec2000 	C:\Program Files\Eclipse Adoptium\jdk-11.0.17.8-hotspot\bin\server\jvm.dll
0x00007ff8a38f0000 - 0x00007ff8a38f8000 	C:\Windows\System32\PSAPI.DLL
0x00007ff89fcc0000 - 0x00007ff89fce7000 	C:\Windows\SYSTEM32\WINMM.dll
0x00007ff889c60000 - 0x00007ff889c69000 	C:\Windows\SYSTEM32\WSOCK32.dll
0x00007ff8a34d0000 - 0x00007ff8a353b000 	C:\Windows\System32\WS2_32.dll
0x00007ff89f550000 - 0x00007ff89f562000 	C:\Windows\SYSTEM32\kernel.appcore.dll
0x00007ff894890000 - 0x00007ff8948a0000 	C:\Program Files\Eclipse Adoptium\jdk-11.0.17.8-hotspot\bin\verify.dll
0x00007ff89f340000 - 0x00007ff89f524000 	C:\Windows\SYSTEM32\DBGHELP.DLL
0x00007ff87c250000 - 0x00007ff87c284000 	C:\Windows\SYSTEM32\dbgcore.DLL
0x00007ff8a1820000 - 0x00007ff8a18a2000 	C:\Windows\System32\bcryptPrimitives.dll
0x00007ff883430000 - 0x00007ff883458000 	C:\Program Files\Eclipse Adoptium\jdk-11.0.17.8-hotspot\bin\java.dll
0x00007ff894800000 - 0x00007ff89480a000 	C:\Program Files\Eclipse Adoptium\jdk-11.0.17.8-hotspot\bin\jimage.dll
0x00007ff882a70000 - 0x00007ff882a88000 	C:\Program Files\Eclipse Adoptium\jdk-11.0.17.8-hotspot\bin\zip.dll
0x00007ff89e8e0000 - 0x00007ff89f073000 	C:\Windows\SYSTEM32\windows.storage.dll
0x00007ff8a2970000 - 0x00007ff8a2cc4000 	C:\Windows\System32\combase.dll
0x00007ff8a0b40000 - 0x00007ff8a0b6e000 	C:\Windows\SYSTEM32\Wldp.dll
0x00007ff8a3640000 - 0x00007ff8a36ed000 	C:\Windows\System32\SHCORE.dll
0x00007ff8a11a0000 - 0x00007ff8a11bf000 	C:\Windows\SYSTEM32\profapi.dll
0x00007ff882a50000 - 0x00007ff882a69000 	C:\Program Files\Eclipse Adoptium\jdk-11.0.17.8-hotspot\bin\net.dll
0x00007ff894550000 - 0x00007ff89465a000 	C:\Windows\SYSTEM32\WINHTTP.dll
0x00007ff8a0870000 - 0x00007ff8a08da000 	C:\Windows\system32\mswsock.dll
0x00007ff882a30000 - 0x00007ff882a43000 	C:\Program Files\Eclipse Adoptium\jdk-11.0.17.8-hotspot\bin\nio.dll
0x00007ff886390000 - 0x00007ff8863b7000 	C:\Users\leroc\.gradle\native\e1d6ef7f7dcc3fd88c89a11ec53ec762bb8ba0a96d01ffa2cd45eb1d1d8dd5c5\windows-amd64\native-platform.dll
0x00007ff878eb0000 - 0x00007ff878ff4000 	C:\Users\leroc\.gradle\native\0d407fdbe67a94daf76414ababcb853783967236a71b16ec16e742cd7a986fd3\windows-amd64\native-platform-file-events.dll
0x00007ff883e60000 - 0x00007ff883e69000 	C:\Program Files\Eclipse Adoptium\jdk-11.0.17.8-hotspot\bin\management.dll
0x00007ff8838a0000 - 0x00007ff8838ab000 	C:\Program Files\Eclipse Adoptium\jdk-11.0.17.8-hotspot\bin\management_ext.dll
0x00007ff8a0a90000 - 0x00007ff8a0aa8000 	C:\Windows\SYSTEM32\CRYPTSP.dll
0x00007ff8a0a70000 - 0x00007ff8a0a87000 	C:\Program Files\Common Files\Crypto Pro\AppCompat\cpadvai.dll
0x00007ff8a0190000 - 0x00007ff8a01c4000 	C:\Windows\system32\rsaenh.dll
0x00007ff8a1630000 - 0x00007ff8a1657000 	C:\Windows\System32\bcrypt.dll
0x00007ff8a1120000 - 0x00007ff8a114e000 	C:\Windows\SYSTEM32\USERENV.dll
0x00007ff8a0ab0000 - 0x00007ff8a0abc000 	C:\Windows\SYSTEM32\CRYPTBASE.dll
0x00007ff8a0560000 - 0x00007ff8a059c000 	C:\Windows\SYSTEM32\IPHLPAPI.DLL
0x00007ff8a3830000 - 0x00007ff8a3838000 	C:\Windows\System32\NSI.dll
0x00007ff8947e0000 - 0x00007ff8947f7000 	C:\Windows\SYSTEM32\dhcpcsvc6.DLL
0x00007ff894a00000 - 0x00007ff894a1d000 	C:\Windows\SYSTEM32\dhcpcsvc.DLL
0x00007ff8a05a0000 - 0x00007ff8a066b000 	C:\Windows\SYSTEM32\DNSAPI.dll

dbghelp: loaded successfully - version: 4.0.5 - missing functions: none
symbol engine: initialized successfully - sym options: 0x614 - pdb path: .;C:\Program Files\Eclipse Adoptium\jdk-11.0.17.8-hotspot\bin;C:\Windows\SYSTEM32;C:\Windows\WinSxS\amd64_microsoft.windows.common-controls_6595b64144ccf1df_6.0.19041.1110_none_60b5254171f9507e;C:\Program Files (x86)\360\Total Security\safemon;C:\Program Files\Eclipse Adoptium\jdk-11.0.17.8-hotspot\bin\server;C:\Users\leroc\.gradle\native\e1d6ef7f7dcc3fd88c89a11ec53ec762bb8ba0a96d01ffa2cd45eb1d1d8dd5c5\windows-amd64;C:\Users\leroc\.gradle\native\0d407fdbe67a94daf76414ababcb853783967236a71b16ec16e742cd7a986fd3\windows-amd64;C:\Program Files\Common Files\Crypto Pro\AppCompat

VM Arguments:
jvm_args: --add-opens=java.base/java.util=ALL-UNNAMED --add-opens=java.base/java.lang=ALL-UNNAMED --add-opens=java.base/java.lang.invoke=ALL-UNNAMED --add-opens=java.base/java.util=ALL-UNNAMED --add-opens=java.prefs/java.util.prefs=ALL-UNNAMED --add-opens=java.prefs/java.util.prefs=ALL-UNNAMED --add-opens=java.base/java.nio.charset=ALL-UNNAMED --add-opens=java.base/java.net=ALL-UNNAMED --add-opens=java.base/java.util.concurrent.atomic=ALL-UNNAMED -XX:MaxMetaspaceSize=256m -XX:+HeapDumpOnOutOfMemoryError -Xms256m -Xmx512m -Dfile.encoding=utf8 -Duser.country=RU -Duser.language=ru -Duser.variant 
java_command: org.gradle.launcher.daemon.bootstrap.GradleDaemon 7.5.1
java_class_path (initial): C:\Users\leroc\.gradle\wrapper\dists\gradle-7.5.1-bin\7jzzequgds1hbszbhq3npc5ng\gradle-7.5.1\lib\gradle-launcher-7.5.1.jar
Launcher Type: SUN_STANDARD

[Global flags]
     intx CICompilerCount                          = 3                                         {product} {ergonomic}
   size_t CompressedClassSpaceSize                 = 260046848                                 {product} {ergonomic}
     uint ConcGCThreads                            = 1                                         {product} {ergonomic}
     uint G1ConcRefinementThreads                  = 4                                         {product} {ergonomic}
   size_t G1HeapRegionSize                         = 1048576                                   {product} {ergonomic}
    uintx GCDrainStackTargetSize                   = 64                                        {product} {ergonomic}
     bool HeapDumpOnOutOfMemoryError               = true                                   {manageable} {command line}
   size_t InitialHeapSize                          = 268435456                                 {product} {command line}
   size_t MarkStackSize                            = 4194304                                   {product} {ergonomic}
   size_t MaxHeapSize                              = 536870912                                 {product} {command line}
   size_t MaxMetaspaceSize                         = 268435456                                 {product} {command line}
   size_t MaxNewSize                               = 321912832                                 {product} {ergonomic}
   size_t MinHeapDeltaBytes                        = 1048576                                   {product} {ergonomic}
    uintx NonNMethodCodeHeapSize                   = 5830732                                {pd product} {ergonomic}
    uintx NonProfiledCodeHeapSize                  = 122913754                              {pd product} {ergonomic}
    uintx ProfiledCodeHeapSize                     = 122913754                              {pd product} {ergonomic}
    uintx ReservedCodeCacheSize                    = 251658240                              {pd product} {ergonomic}
     bool SegmentedCodeCache                       = true                                      {product} {ergonomic}
     bool UseCompressedClassPointers               = true                                 {lp64_product} {ergonomic}
     bool UseCompressedOops                        = true                                 {lp64_product} {ergonomic}
     bool UseG1GC                                  = true                                      {product} {ergonomic}
     bool UseLargePagesIndividualAllocation        = false                                  {pd product} {ergonomic}

Logging:
Log output configuration:
 #0: stdout all=warning uptime,level,tags
 #1: stderr all=off uptime,level,tags

Environment Variables:
PATH=C:\Program Files\Common Files\Oracle\Java\javapath;C:\Program Files\Eclipse Adoptium\jdk-11.0.17.8-hotspot\bin;C:\Program Files (x86)\Common Files\Intel\Shared Files\cpp\bin\Intel64;C:\Windows\system32;C:\Windows;C:\Windows\System32\Wbem;C:\Windows\System32\WindowsPowerShell\v1.0\;C:\Windows\System32\OpenSSH\;C:\Program Files\Git\cmd;C:\Users\leroc\AppData\Local\Microsoft\WindowsApps;;C:\Users\leroc\AppData\Local\Programs\Microsoft VS Code\bin
USERNAME=leroc
OS=Windows_NT
PROCESSOR_IDENTIFIER=AMD64 Family 23 Model 24 Stepping 1, AuthenticAMD
TMP=C:\Users\leroc\AppData\Local\Temp
TEMP=C:\Users\leroc\AppData\Local\Temp



---------------  S Y S T E M  ---------------

OS: Windows 10 , 64 bit Build 19041 (10.0.19041.2788)
OS uptime: 2 days 0:59 hours

CPU:total 4 (initial active 4) (4 cores per cpu, 2 threads per core) family 23 model 24 stepping 1 microcode 0x0, cmov, cx8, fxsr, mmx, sse, sse2, sse3, ssse3, sse4.1, sse4.2, popcnt, avx, avx2, aes, clmul, mmxext, 3dnowpref, lzcnt, sse4a, ht, tsc, tscinvbit, tscinv, bmi1, bmi2, adx, sha, fma

Memory: 4k page, system-wide physical 3460M (118M free)
TotalPageFile size 14212M (AvailPageFile size 10M)
current process WorkingSet (physical memory assigned to process): 172M, peak: 180M
current process commit charge ("private bytes"): 428M, peak: 435M

vm_info: OpenJDK 64-Bit Server VM (11.0.17+8) for windows-amd64 JRE (11.0.17+8), built on Oct 19 2022 00:04:05 by "" with MS VC++ 15.9 (VS2017)

END.
