#
# There is insufficient memory for the Java Runtime Environment to continue.
# Native memory allocation (malloc) failed to allocate 1499696 bytes for Chunk::new
# Possible reasons:
#   The system is out of physical RAM or swap space
#   The process is running with CompressedOops enabled, and the Java Heap may be blocking the growth of the native heap
# Possible solutions:
#   Reduce memory load on the system
#   Increase physical memory or swap space
#   Check if swap backing store is full
#   Decrease Java heap size (-Xmx/-Xms)
#   Decrease number of Java threads
#   Decrease Java thread stack sizes (-Xss)
#   Set larger code cache with -XX:ReservedCodeCacheSize=
#   JVM is running with Unscaled Compressed Oops mode in which the Java heap is
#     placed in the first 4GB address space. The Java Heap base address is the
#     maximum limit for the native heap growth. Please use -XX:HeapBaseMinAddress
#     to set the Java Heap base and to place the Java Heap above 4GB virtual address.
# This output file may be truncated or incomplete.
#
#  Out of Memory Error (./src/hotspot/share/memory/arena.cpp:197), pid=14592, tid=23800
#
# JRE version: OpenJDK Runtime Environment Temurin-11.0.17+8 (11.0.17+8) (build 11.0.17+8)
# Java VM: OpenJDK 64-Bit Server VM Temurin-11.0.17+8 (11.0.17+8, mixed mode, tiered, compressed oops, g1 gc, windows-amd64)
# No core dump will be written. Minidumps are not enabled by default on client versions of Windows
#

---------------  S U M M A R Y ------------

Command Line: --add-opens=java.base/java.util=ALL-UNNAMED --add-opens=java.base/java.lang=ALL-UNNAMED --add-opens=java.base/java.lang.invoke=ALL-UNNAMED --add-opens=java.base/java.util=ALL-UNNAMED --add-opens=java.prefs/java.util.prefs=ALL-UNNAMED --add-opens=java.prefs/java.util.prefs=ALL-UNNAMED --add-opens=java.base/java.nio.charset=ALL-UNNAMED --add-opens=java.base/java.net=ALL-UNNAMED --add-opens=java.base/java.util.concurrent.atomic=ALL-UNNAMED -XX:MaxMetaspaceSize=256m -XX:+HeapDumpOnOutOfMemoryError -Xms256m -Xmx512m -Dfile.encoding=utf8 -Duser.country=RU -Duser.language=ru -Duser.variant org.gradle.launcher.daemon.bootstrap.GradleDaemon 7.5.1

Host: AMD Athlon 300U with Radeon Vega Mobile Gfx    , 4 cores, 3G,  Windows 10 , 64 bit Build 19041 (10.0.19041.2788)
Time: Mon Apr 24 19:29:52 2023 RTZ 6 (s 10 , 64 bit Build 19041 (10.0.19041.2788) elapsed time: 48.963799 seconds (0d 0h 0m 48s)

---------------  T H R E A D  ---------------

Current thread (0x000001f7a1daa800):  JavaThread "C2 CompilerThread0" daemon [_thread_in_native, id=23800, stack(0x0000008cc3800000,0x0000008cc3900000)]


Current CompileTask:
C2:  48964 6367       4       org.objectweb.asm.MethodWriter::computeAllFrames (510 bytes)

Stack: [0x0000008cc3800000,0x0000008cc3900000]
Native frames: (J=compiled Java code, j=interpreted, Vv=VM code, C=native code)
V  [jvm.dll+0x61f5ba]
V  [jvm.dll+0x7abf79]
V  [jvm.dll+0x7ad668]
V  [jvm.dll+0x7add43]
V  [jvm.dll+0x24fd88]
V  [jvm.dll+0xc262c]
V  [jvm.dll+0xc2bec]
V  [jvm.dll+0x359f42]
V  [jvm.dll+0x326123]
V  [jvm.dll+0x32545a]
V  [jvm.dll+0x209053]
V  [jvm.dll+0x20815d]
V  [jvm.dll+0x18a3b1]
V  [jvm.dll+0x217a34]
V  [jvm.dll+0x215c7b]
V  [jvm.dll+0x76ea70]
V  [jvm.dll+0x7679a4]
V  [jvm.dll+0x61e425]
C  [ucrtbase.dll+0x21bb2]
C  [KERNEL32.DLL+0x17604]
C  [ntdll.dll+0x526a1]


---------------  P R O C E S S  ---------------

Threads class SMR info:
_java_thread_list=0x000001f7a8914600, length=38, elements={
0x000001f78668b800, 0x000001f7a1d84000, 0x000001f7a25b0800, 0x000001f7a260c000,
0x000001f7a260d000, 0x000001f7a2612000, 0x000001f7a1daa800, 0x000001f7a2640800,
0x000001f7a2653800, 0x000001f7a2774800, 0x000001f7a4953000, 0x000001f7a41e1800,
0x000001f7a2912800, 0x000001f7a472b000, 0x000001f7a3deb800, 0x000001f7a3bd1800,
0x000001f7a2999800, 0x000001f7a348e800, 0x000001f7a348f800, 0x000001f7a3ab0800,
0x000001f7a490e800, 0x000001f7a4911800, 0x000001f7a4912800, 0x000001f7a4910000,
0x000001f7a490c800, 0x000001f7a490f000, 0x000001f7a490d800, 0x000001f7a4913000,
0x000001f7a4910800, 0x000001f7a4e1b000, 0x000001f7a4e18000, 0x000001f7a4e1c000,
0x000001f7a4e16800, 0x000001f7a4e1d000, 0x000001f7a4e17000, 0x000001f7a4e1e800,
0x000001f7a4e19000, 0x000001f7a4e19800
}

Java Threads: ( => current thread )
  0x000001f78668b800 JavaThread "main" [_thread_blocked, id=1684, stack(0x0000008cc2c00000,0x0000008cc2d00000)]
  0x000001f7a1d84000 JavaThread "Reference Handler" daemon [_thread_blocked, id=22664, stack(0x0000008cc3300000,0x0000008cc3400000)]
  0x000001f7a25b0800 JavaThread "Finalizer" daemon [_thread_blocked, id=24536, stack(0x0000008cc3400000,0x0000008cc3500000)]
  0x000001f7a260c000 JavaThread "Signal Dispatcher" daemon [_thread_blocked, id=23032, stack(0x0000008cc3500000,0x0000008cc3600000)]
  0x000001f7a260d000 JavaThread "Attach Listener" daemon [_thread_blocked, id=21568, stack(0x0000008cc3600000,0x0000008cc3700000)]
  0x000001f7a2612000 JavaThread "Service Thread" daemon [_thread_blocked, id=16624, stack(0x0000008cc3700000,0x0000008cc3800000)]
=>0x000001f7a1daa800 JavaThread "C2 CompilerThread0" daemon [_thread_in_native, id=23800, stack(0x0000008cc3800000,0x0000008cc3900000)]
  0x000001f7a2640800 JavaThread "C1 CompilerThread0" daemon [_thread_blocked, id=21832, stack(0x0000008cc3900000,0x0000008cc3a00000)]
  0x000001f7a2653800 JavaThread "Sweeper thread" daemon [_thread_blocked, id=4424, stack(0x0000008cc3a00000,0x0000008cc3b00000)]
  0x000001f7a2774800 JavaThread "Common-Cleaner" daemon [_thread_blocked, id=13364, stack(0x0000008cc3b00000,0x0000008cc3c00000)]
  0x000001f7a4953000 JavaThread "Daemon health stats" [_thread_blocked, id=16548, stack(0x0000008cc4000000,0x0000008cc4100000)]
  0x000001f7a41e1800 JavaThread "Incoming local TCP Connector on port 59934" [_thread_in_native, id=19748, stack(0x0000008cc4100000,0x0000008cc4200000)]
  0x000001f7a2912800 JavaThread "Daemon periodic checks" [_thread_blocked, id=11308, stack(0x0000008cc4200000,0x0000008cc4300000)]
  0x000001f7a472b000 JavaThread "Daemon" [_thread_blocked, id=1628, stack(0x0000008cc4300000,0x0000008cc4400000)]
  0x000001f7a3deb800 JavaThread "Handler for socket connection from /127.0.0.1:59934 to /127.0.0.1:59935" [_thread_in_native, id=10968, stack(0x0000008cc4400000,0x0000008cc4500000)]
  0x000001f7a3bd1800 JavaThread "Cancel handler" [_thread_blocked, id=23736, stack(0x0000008cc4500000,0x0000008cc4600000)]
  0x000001f7a2999800 JavaThread "Daemon worker" [_thread_in_Java, id=25036, stack(0x0000008cc4600000,0x0000008cc4700000)]
  0x000001f7a348e800 JavaThread "Asynchronous log dispatcher for DefaultDaemonConnection: socket connection from /127.0.0.1:59934 to /127.0.0.1:59935" [_thread_blocked, id=8904, stack(0x0000008cc4700000,0x0000008cc4800000)]
  0x000001f7a348f800 JavaThread "Stdin handler" [_thread_blocked, id=13796, stack(0x0000008cc4800000,0x0000008cc4900000)]
  0x000001f7a3ab0800 JavaThread "Daemon client event forwarder" [_thread_blocked, id=23532, stack(0x0000008cc4900000,0x0000008cc4a00000)]
  0x000001f7a490e800 JavaThread "Cache worker for journal cache (C:\Users\leroc\.gradle\caches\journal-1)" [_thread_blocked, id=20484, stack(0x0000008cc4a00000,0x0000008cc4b00000)]
  0x000001f7a4911800 JavaThread "File lock request listener" [_thread_in_native, id=25076, stack(0x0000008cc4b00000,0x0000008cc4c00000)]
  0x000001f7a4912800 JavaThread "Cache worker for file hash cache (C:\Users\leroc\.gradle\caches\7.5.1\fileHashes)" [_thread_blocked, id=24916, stack(0x0000008cc4c00000,0x0000008cc4d00000)]
  0x000001f7a4910000 JavaThread "File watcher server" daemon [_thread_in_native, id=8784, stack(0x0000008cc4d00000,0x0000008cc4e00000)]
  0x000001f7a490c800 JavaThread "File watcher consumer" daemon [_thread_blocked, id=9864, stack(0x0000008cc4e00000,0x0000008cc4f00000)]
  0x000001f7a490f000 JavaThread "jar transforms" [_thread_blocked, id=5652, stack(0x0000008cc4f00000,0x0000008cc5000000)]
  0x000001f7a490d800 JavaThread "jar transforms Thread 2" [_thread_blocked, id=16588, stack(0x0000008cc5000000,0x0000008cc5100000)]
  0x000001f7a4913000 JavaThread "Cache worker for checksums cache (C:\Users\leroc\OneDrive\AllHomeWorks\HomeWork1.1\.gradle\7.5.1\checksums)" [_thread_blocked, id=22328, stack(0x0000008cc5100000,0x0000008cc5200000)]
  0x000001f7a4910800 JavaThread "Cache worker for cache directory md-rule (C:\Users\leroc\.gradle\caches\7.5.1\md-rule)" [_thread_blocked, id=24132, stack(0x0000008cc5200000,0x0000008cc5300000)]
  0x000001f7a4e1b000 JavaThread "Cache worker for file content cache (C:\Users\leroc\.gradle\caches\7.5.1\fileContent)" [_thread_blocked, id=4152, stack(0x0000008cc5300000,0x0000008cc5400000)]
  0x000001f7a4e18000 JavaThread "Cache worker for file hash cache (C:\Users\leroc\OneDrive\AllHomeWorks\HomeWork1.1\.gradle\7.5.1\fileHashes)" [_thread_blocked, id=19492, stack(0x0000008cc5400000,0x0000008cc5500000)]
  0x000001f7a4e1c000 JavaThread "Cache worker for cache directory md-supplier (C:\Users\leroc\.gradle\caches\7.5.1\md-supplier)" [_thread_blocked, id=23240, stack(0x0000008cc5500000,0x0000008cc5600000)]
  0x000001f7a4e16800 JavaThread "Cache worker for execution history cache (C:\Users\leroc\.gradle\caches\7.5.1\executionHistory)" [_thread_blocked, id=19972, stack(0x0000008cc5600000,0x0000008cc5700000)]
  0x000001f7a4e1d000 JavaThread "jar transforms Thread 3" [_thread_blocked, id=24456, stack(0x0000008cc5700000,0x0000008cc5800000)]
  0x000001f7a4e17000 JavaThread "jar transforms Thread 4" [_thread_blocked, id=7608, stack(0x0000008cc5800000,0x0000008cc5900000)]
  0x000001f7a4e1e800 JavaThread "Cache worker for dependencies-accessors (C:\Users\leroc\OneDrive\AllHomeWorks\HomeWork1.1\.gradle\7.5.1\dependencies-accessors)" [_thread_blocked, id=15380, stack(0x0000008cc5b00000,0x0000008cc5c00000)]
  0x000001f7a4e19000 JavaThread "Cache worker for Build Output Cleanup Cache (C:\Users\leroc\OneDrive\AllHomeWorks\HomeWork1.1\.gradle\buildOutputCleanup)" [_thread_blocked, id=260, stack(0x0000008cc5c00000,0x0000008cc5d00000)]
  0x000001f7a4e19800 JavaThread "Memory manager" [_thread_blocked, id=7484, stack(0x0000008cc5d00000,0x0000008cc5e00000)]

Other Threads:
  0x000001f7a1da8000 VMThread "VM Thread" [stack: 0x0000008cc3200000,0x0000008cc3300000] [id=21452]
  0x000001f7a27a2800 WatcherThread [stack: 0x0000008cc3c00000,0x0000008cc3d00000] [id=23548]
  0x000001f7866a6800 GCTaskThread "GC Thread#0" [stack: 0x0000008cc2d00000,0x0000008cc2e00000] [id=19400]
  0x000001f7a2fde000 GCTaskThread "GC Thread#1" [stack: 0x0000008cc3d00000,0x0000008cc3e00000] [id=7424]
  0x000001f7a3073800 GCTaskThread "GC Thread#2" [stack: 0x0000008cc3e00000,0x0000008cc3f00000] [id=17820]
  0x000001f7a2c40000 GCTaskThread "GC Thread#3" [stack: 0x0000008cc3f00000,0x0000008cc4000000] [id=20344]
  0x000001f7866b8000 ConcurrentGCThread "G1 Main Marker" [stack: 0x0000008cc2e00000,0x0000008cc2f00000] [id=24720]
  0x000001f7866b9000 ConcurrentGCThread "G1 Conc#0" [stack: 0x0000008cc2f00000,0x0000008cc3000000] [id=22268]
  0x000001f7a1c1a800 ConcurrentGCThread "G1 Refine#0" [stack: 0x0000008cc3000000,0x0000008cc3100000] [id=15996]
  0x000001f7a1c1d000 ConcurrentGCThread "G1 Young RemSet Sampling" [stack: 0x0000008cc3100000,0x0000008cc3200000] [id=13332]

Threads with active compile tasks:
C2 CompilerThread0    49139 6367       4       org.objectweb.asm.MethodWriter::computeAllFrames (510 bytes)

VM state:not at safepoint (normal execution)

VM Mutex/Monitor currently owned by a thread: None

Heap address: 0x00000000e0000000, size: 512 MB, Compressed Oops mode: 32-bit
Narrow klass base: 0x0000000000000000, Narrow klass shift: 3
Compressed class space size: 260046848 Address: 0x0000000100000000

Heap:
 garbage-first heap   total 262144K, used 134328K [0x00000000e0000000, 0x0000000100000000)
  region size 1024K, 99 young (101376K), 7 survivors (7168K)
 Metaspace       used 58092K, capacity 59761K, committed 59952K, reserved 307200K
  class space    used 7440K, capacity 8052K, committed 8064K, reserved 253952K
Heap Regions: E=young(eden), S=young(survivor), O=old, HS=humongous(starts), HC=humongous(continues), CS=collection set, F=free, A=archive, TAMS=top-at-mark-start (previous, next)
|   0|0x00000000e0000000, 0x00000000e0100000, 0x00000000e0100000|100%|HS|  |TAMS 0x00000000e0100000, 0x00000000e0000000| Complete 
|   1|0x00000000e0100000, 0x00000000e0200000, 0x00000000e0200000|100%|HC|  |TAMS 0x00000000e0200000, 0x00000000e0100000| Complete 
|   2|0x00000000e0200000, 0x00000000e0300000, 0x00000000e0300000|100%|HC|  |TAMS 0x00000000e0300000, 0x00000000e0200000| Complete 
|   3|0x00000000e0300000, 0x00000000e0400000, 0x00000000e0400000|100%| O|  |TAMS 0x00000000e0400000, 0x00000000e0300000| Untracked 
|   4|0x00000000e0400000, 0x00000000e0500000, 0x00000000e0500000|100%| O|  |TAMS 0x00000000e0500000, 0x00000000e0400000| Untracked 
|   5|0x00000000e0500000, 0x00000000e0600000, 0x00000000e0600000|100%| O|  |TAMS 0x00000000e0600000, 0x00000000e0500000| Untracked 
|   6|0x00000000e0600000, 0x00000000e0700000, 0x00000000e0700000|100%| O|  |TAMS 0x00000000e0700000, 0x00000000e0600000| Untracked 
|   7|0x00000000e0700000, 0x00000000e0800000, 0x00000000e0800000|100%| O|  |TAMS 0x00000000e0800000, 0x00000000e0700000| Untracked 
|   8|0x00000000e0800000, 0x00000000e0900000, 0x00000000e0900000|100%| O|  |TAMS 0x00000000e0900000, 0x00000000e0800000| Untracked 
|   9|0x00000000e0900000, 0x00000000e0a00000, 0x00000000e0a00000|100%| O|  |TAMS 0x00000000e0a00000, 0x00000000e0900000| Untracked 
|  10|0x00000000e0a00000, 0x00000000e0b00000, 0x00000000e0b00000|100%| O|  |TAMS 0x00000000e0b00000, 0x00000000e0a00000| Untracked 
|  11|0x00000000e0b00000, 0x00000000e0c00000, 0x00000000e0c00000|100%| O|  |TAMS 0x00000000e0c00000, 0x00000000e0b00000| Untracked 
|  12|0x00000000e0c00000, 0x00000000e0d00000, 0x00000000e0d00000|100%| O|  |TAMS 0x00000000e0d00000, 0x00000000e0c00000| Untracked 
|  13|0x00000000e0d00000, 0x00000000e0e00000, 0x00000000e0e00000|100%| O|  |TAMS 0x00000000e0e00000, 0x00000000e0d00000| Untracked 
|  14|0x00000000e0e00000, 0x00000000e0f00000, 0x00000000e0f00000|100%| O|  |TAMS 0x00000000e0f00000, 0x00000000e0e00000| Untracked 
|  15|0x00000000e0f00000, 0x00000000e1000000, 0x00000000e1000000|100%| O|  |TAMS 0x00000000e0f5de00, 0x00000000e0f00000| Untracked 
|  16|0x00000000e1000000, 0x00000000e1100000, 0x00000000e1100000|100%| O|  |TAMS 0x00000000e1000000, 0x00000000e1000000| Untracked 
|  17|0x00000000e1100000, 0x00000000e1200000, 0x00000000e1200000|100%| O|  |TAMS 0x00000000e1100000, 0x00000000e1100000| Untracked 
|  18|0x00000000e1200000, 0x00000000e1300000, 0x00000000e1300000|100%| O|  |TAMS 0x00000000e1200000, 0x00000000e1200000| Untracked 
|  19|0x00000000e1300000, 0x00000000e1400000, 0x00000000e1400000|100%| O|  |TAMS 0x00000000e1300000, 0x00000000e1300000| Untracked 
|  20|0x00000000e1400000, 0x00000000e1500000, 0x00000000e1500000|100%| O|  |TAMS 0x00000000e1400000, 0x00000000e1400000| Untracked 
|  21|0x00000000e1500000, 0x00000000e1600000, 0x00000000e1600000|100%| O|  |TAMS 0x00000000e1500000, 0x00000000e1500000| Untracked 
|  22|0x00000000e1600000, 0x00000000e1700000, 0x00000000e1700000|100%| O|  |TAMS 0x00000000e1600000, 0x00000000e1600000| Untracked 
|  23|0x00000000e1700000, 0x00000000e1800000, 0x00000000e1800000|100%| O|  |TAMS 0x00000000e1700000, 0x00000000e1700000| Untracked 
|  24|0x00000000e1800000, 0x00000000e1900000, 0x00000000e1900000|100%| O|  |TAMS 0x00000000e1800000, 0x00000000e1800000| Untracked 
|  25|0x00000000e1900000, 0x00000000e1a00000, 0x00000000e1a00000|100%| O|  |TAMS 0x00000000e1900000, 0x00000000e1900000| Untracked 
|  26|0x00000000e1a00000, 0x00000000e1b00000, 0x00000000e1b00000|100%| O|  |TAMS 0x00000000e1a00000, 0x00000000e1a00000| Untracked 
|  27|0x00000000e1b00000, 0x00000000e1c00000, 0x00000000e1c00000|100%| O|  |TAMS 0x00000000e1b00000, 0x00000000e1b00000| Untracked 
|  28|0x00000000e1c00000, 0x00000000e1d00000, 0x00000000e1d00000|100%| O|  |TAMS 0x00000000e1c00000, 0x00000000e1c00000| Untracked 
|  29|0x00000000e1d00000, 0x00000000e1e00000, 0x00000000e1e00000|100%| O|  |TAMS 0x00000000e1d00000, 0x00000000e1d00000| Untracked 
|  30|0x00000000e1e00000, 0x00000000e1f00000, 0x00000000e1f00000|100%| O|  |TAMS 0x00000000e1e00000, 0x00000000e1e00000| Untracked 
|  31|0x00000000e1f00000, 0x00000000e2000000, 0x00000000e2000000|100%| O|  |TAMS 0x00000000e1f00000, 0x00000000e1f00000| Untracked 
|  32|0x00000000e2000000, 0x00000000e202e200, 0x00000000e2100000| 18%| O|  |TAMS 0x00000000e2000000, 0x00000000e2000000| Untracked 
|  33|0x00000000e2100000, 0x00000000e2200000, 0x00000000e2200000|100%|HS|  |TAMS 0x00000000e2100000, 0x00000000e2100000| Complete 
|  34|0x00000000e2200000, 0x00000000e2200000, 0x00000000e2300000|  0%| F|  |TAMS 0x00000000e2200000, 0x00000000e2200000| Untracked 
|  35|0x00000000e2300000, 0x00000000e2300000, 0x00000000e2400000|  0%| F|  |TAMS 0x00000000e2300000, 0x00000000e2300000| Untracked 
|  36|0x00000000e2400000, 0x00000000e2400000, 0x00000000e2500000|  0%| F|  |TAMS 0x00000000e2400000, 0x00000000e2400000| Untracked 
|  37|0x00000000e2500000, 0x00000000e2500000, 0x00000000e2600000|  0%| F|  |TAMS 0x00000000e2500000, 0x00000000e2500000| Untracked 
|  38|0x00000000e2600000, 0x00000000e2600000, 0x00000000e2700000|  0%| F|  |TAMS 0x00000000e2600000, 0x00000000e2600000| Untracked 
|  39|0x00000000e2700000, 0x00000000e2700000, 0x00000000e2800000|  0%| F|  |TAMS 0x00000000e2700000, 0x00000000e2700000| Untracked 
|  40|0x00000000e2800000, 0x00000000e2800000, 0x00000000e2900000|  0%| F|  |TAMS 0x00000000e2800000, 0x00000000e2800000| Untracked 
|  41|0x00000000e2900000, 0x00000000e2900000, 0x00000000e2a00000|  0%| F|  |TAMS 0x00000000e2900000, 0x00000000e2900000| Untracked 
|  42|0x00000000e2a00000, 0x00000000e2a00000, 0x00000000e2b00000|  0%| F|  |TAMS 0x00000000e2a00000, 0x00000000e2a00000| Untracked 
|  43|0x00000000e2b00000, 0x00000000e2b00000, 0x00000000e2c00000|  0%| F|  |TAMS 0x00000000e2b00000, 0x00000000e2b00000| Untracked 
|  44|0x00000000e2c00000, 0x00000000e2c00000, 0x00000000e2d00000|  0%| F|  |TAMS 0x00000000e2c00000, 0x00000000e2c00000| Untracked 
|  45|0x00000000e2d00000, 0x00000000e2d00000, 0x00000000e2e00000|  0%| F|  |TAMS 0x00000000e2d00000, 0x00000000e2d00000| Untracked 
|  46|0x00000000e2e00000, 0x00000000e2e00000, 0x00000000e2f00000|  0%| F|  |TAMS 0x00000000e2e00000, 0x00000000e2e00000| Untracked 
|  47|0x00000000e2f00000, 0x00000000e2f00000, 0x00000000e3000000|  0%| F|  |TAMS 0x00000000e2f00000, 0x00000000e2f00000| Untracked 
|  48|0x00000000e3000000, 0x00000000e3000000, 0x00000000e3100000|  0%| F|  |TAMS 0x00000000e3000000, 0x00000000e3000000| Untracked 
|  49|0x00000000e3100000, 0x00000000e3100000, 0x00000000e3200000|  0%| F|  |TAMS 0x00000000e3100000, 0x00000000e3100000| Untracked 
|  50|0x00000000e3200000, 0x00000000e3200000, 0x00000000e3300000|  0%| F|  |TAMS 0x00000000e3200000, 0x00000000e3200000| Untracked 
|  51|0x00000000e3300000, 0x00000000e3300000, 0x00000000e3400000|  0%| F|  |TAMS 0x00000000e3300000, 0x00000000e3300000| Untracked 
|  52|0x00000000e3400000, 0x00000000e3400000, 0x00000000e3500000|  0%| F|  |TAMS 0x00000000e3400000, 0x00000000e3400000| Untracked 
|  53|0x00000000e3500000, 0x00000000e3500000, 0x00000000e3600000|  0%| F|  |TAMS 0x00000000e3500000, 0x00000000e3500000| Untracked 
|  54|0x00000000e3600000, 0x00000000e3600000, 0x00000000e3700000|  0%| F|  |TAMS 0x00000000e3600000, 0x00000000e3600000| Untracked 
|  55|0x00000000e3700000, 0x00000000e3700000, 0x00000000e3800000|  0%| F|  |TAMS 0x00000000e3700000, 0x00000000e3700000| Untracked 
|  56|0x00000000e3800000, 0x00000000e3800000, 0x00000000e3900000|  0%| F|  |TAMS 0x00000000e3800000, 0x00000000e3800000| Untracked 
|  57|0x00000000e3900000, 0x00000000e3900000, 0x00000000e3a00000|  0%| F|  |TAMS 0x00000000e3900000, 0x00000000e3900000| Untracked 
|  58|0x00000000e3a00000, 0x00000000e3a00000, 0x00000000e3b00000|  0%| F|  |TAMS 0x00000000e3a00000, 0x00000000e3a00000| Untracked 
|  59|0x00000000e3b00000, 0x00000000e3b00000, 0x00000000e3c00000|  0%| F|  |TAMS 0x00000000e3b00000, 0x00000000e3b00000| Untracked 
|  60|0x00000000e3c00000, 0x00000000e3c00000, 0x00000000e3d00000|  0%| F|  |TAMS 0x00000000e3c00000, 0x00000000e3c00000| Untracked 
|  61|0x00000000e3d00000, 0x00000000e3d00000, 0x00000000e3e00000|  0%| F|  |TAMS 0x00000000e3d00000, 0x00000000e3d00000| Untracked 
|  62|0x00000000e3e00000, 0x00000000e3e00000, 0x00000000e3f00000|  0%| F|  |TAMS 0x00000000e3e00000, 0x00000000e3e00000| Untracked 
|  63|0x00000000e3f00000, 0x00000000e3f00000, 0x00000000e4000000|  0%| F|  |TAMS 0x00000000e3f00000, 0x00000000e3f00000| Untracked 
|  64|0x00000000e4000000, 0x00000000e4000000, 0x00000000e4100000|  0%| F|  |TAMS 0x00000000e4000000, 0x00000000e4000000| Untracked 
|  65|0x00000000e4100000, 0x00000000e4100000, 0x00000000e4200000|  0%| F|  |TAMS 0x00000000e4100000, 0x00000000e4100000| Untracked 
|  66|0x00000000e4200000, 0x00000000e4200000, 0x00000000e4300000|  0%| F|  |TAMS 0x00000000e4200000, 0x00000000e4200000| Untracked 
|  67|0x00000000e4300000, 0x00000000e4300000, 0x00000000e4400000|  0%| F|  |TAMS 0x00000000e4300000, 0x00000000e4300000| Untracked 
|  68|0x00000000e4400000, 0x00000000e4400000, 0x00000000e4500000|  0%| F|  |TAMS 0x00000000e4400000, 0x00000000e4400000| Untracked 
|  69|0x00000000e4500000, 0x00000000e4500000, 0x00000000e4600000|  0%| F|  |TAMS 0x00000000e4500000, 0x00000000e4500000| Untracked 
|  70|0x00000000e4600000, 0x00000000e4600000, 0x00000000e4700000|  0%| F|  |TAMS 0x00000000e4600000, 0x00000000e4600000| Untracked 
|  71|0x00000000e4700000, 0x00000000e4700000, 0x00000000e4800000|  0%| F|  |TAMS 0x00000000e4700000, 0x00000000e4700000| Untracked 
|  72|0x00000000e4800000, 0x00000000e4800000, 0x00000000e4900000|  0%| F|  |TAMS 0x00000000e4800000, 0x00000000e4800000| Untracked 
|  73|0x00000000e4900000, 0x00000000e4900000, 0x00000000e4a00000|  0%| F|  |TAMS 0x00000000e4900000, 0x00000000e4900000| Untracked 
|  74|0x00000000e4a00000, 0x00000000e4a00000, 0x00000000e4b00000|  0%| F|  |TAMS 0x00000000e4a00000, 0x00000000e4a00000| Untracked 
|  75|0x00000000e4b00000, 0x00000000e4b00000, 0x00000000e4c00000|  0%| F|  |TAMS 0x00000000e4b00000, 0x00000000e4b00000| Untracked 
|  76|0x00000000e4c00000, 0x00000000e4c00000, 0x00000000e4d00000|  0%| F|  |TAMS 0x00000000e4c00000, 0x00000000e4c00000| Untracked 
|  77|0x00000000e4d00000, 0x00000000e4d00000, 0x00000000e4e00000|  0%| F|  |TAMS 0x00000000e4d00000, 0x00000000e4d00000| Untracked 
|  78|0x00000000e4e00000, 0x00000000e4e00000, 0x00000000e4f00000|  0%| F|  |TAMS 0x00000000e4e00000, 0x00000000e4e00000| Untracked 
|  79|0x00000000e4f00000, 0x00000000e4f00000, 0x00000000e5000000|  0%| F|  |TAMS 0x00000000e4f00000, 0x00000000e4f00000| Untracked 
|  80|0x00000000e5000000, 0x00000000e5000000, 0x00000000e5100000|  0%| F|  |TAMS 0x00000000e5000000, 0x00000000e5000000| Untracked 
|  81|0x00000000e5100000, 0x00000000e5100000, 0x00000000e5200000|  0%| F|  |TAMS 0x00000000e5100000, 0x00000000e5100000| Untracked 
|  82|0x00000000e5200000, 0x00000000e5200000, 0x00000000e5300000|  0%| F|  |TAMS 0x00000000e5200000, 0x00000000e5200000| Untracked 
|  83|0x00000000e5300000, 0x00000000e5300000, 0x00000000e5400000|  0%| F|  |TAMS 0x00000000e5300000, 0x00000000e5300000| Untracked 
|  84|0x00000000e5400000, 0x00000000e5400000, 0x00000000e5500000|  0%| F|  |TAMS 0x00000000e5400000, 0x00000000e5400000| Untracked 
|  85|0x00000000e5500000, 0x00000000e5500000, 0x00000000e5600000|  0%| F|  |TAMS 0x00000000e5500000, 0x00000000e5500000| Untracked 
|  86|0x00000000e5600000, 0x00000000e5600000, 0x00000000e5700000|  0%| F|  |TAMS 0x00000000e5600000, 0x00000000e5600000| Untracked 
|  87|0x00000000e5700000, 0x00000000e5700000, 0x00000000e5800000|  0%| F|  |TAMS 0x00000000e5700000, 0x00000000e5700000| Untracked 
|  88|0x00000000e5800000, 0x00000000e5800000, 0x00000000e5900000|  0%| F|  |TAMS 0x00000000e5800000, 0x00000000e5800000| Untracked 
|  89|0x00000000e5900000, 0x00000000e5900000, 0x00000000e5a00000|  0%| F|  |TAMS 0x00000000e5900000, 0x00000000e5900000| Untracked 
|  90|0x00000000e5a00000, 0x00000000e5a00000, 0x00000000e5b00000|  0%| F|  |TAMS 0x00000000e5a00000, 0x00000000e5a00000| Untracked 
|  91|0x00000000e5b00000, 0x00000000e5b00000, 0x00000000e5c00000|  0%| F|  |TAMS 0x00000000e5b00000, 0x00000000e5b00000| Untracked 
|  92|0x00000000e5c00000, 0x00000000e5c00000, 0x00000000e5d00000|  0%| F|  |TAMS 0x00000000e5c00000, 0x00000000e5c00000| Untracked 
|  93|0x00000000e5d00000, 0x00000000e5d00000, 0x00000000e5e00000|  0%| F|  |TAMS 0x00000000e5d00000, 0x00000000e5d00000| Untracked 
|  94|0x00000000e5e00000, 0x00000000e5e00000, 0x00000000e5f00000|  0%| F|  |TAMS 0x00000000e5e00000, 0x00000000e5e00000| Untracked 
|  95|0x00000000e5f00000, 0x00000000e5f00000, 0x00000000e6000000|  0%| F|  |TAMS 0x00000000e5f00000, 0x00000000e5f00000| Untracked 
|  96|0x00000000e6000000, 0x00000000e6000000, 0x00000000e6100000|  0%| F|  |TAMS 0x00000000e6000000, 0x00000000e6000000| Untracked 
|  97|0x00000000e6100000, 0x00000000e6100000, 0x00000000e6200000|  0%| F|  |TAMS 0x00000000e6100000, 0x00000000e6100000| Untracked 
|  98|0x00000000e6200000, 0x00000000e6200000, 0x00000000e6300000|  0%| F|  |TAMS 0x00000000e6200000, 0x00000000e6200000| Untracked 
|  99|0x00000000e6300000, 0x00000000e6300000, 0x00000000e6400000|  0%| F|  |TAMS 0x00000000e6300000, 0x00000000e6300000| Untracked 
| 100|0x00000000e6400000, 0x00000000e6400000, 0x00000000e6500000|  0%| F|  |TAMS 0x00000000e6400000, 0x00000000e6400000| Untracked 
| 101|0x00000000e6500000, 0x00000000e6500000, 0x00000000e6600000|  0%| F|  |TAMS 0x00000000e6500000, 0x00000000e6500000| Untracked 
| 102|0x00000000e6600000, 0x00000000e6600000, 0x00000000e6700000|  0%| F|  |TAMS 0x00000000e6600000, 0x00000000e6600000| Untracked 
| 103|0x00000000e6700000, 0x00000000e6700000, 0x00000000e6800000|  0%| F|  |TAMS 0x00000000e6700000, 0x00000000e6700000| Untracked 
| 104|0x00000000e6800000, 0x00000000e6800000, 0x00000000e6900000|  0%| F|  |TAMS 0x00000000e6800000, 0x00000000e6800000| Untracked 
| 105|0x00000000e6900000, 0x00000000e6900000, 0x00000000e6a00000|  0%| F|  |TAMS 0x00000000e6900000, 0x00000000e6900000| Untracked 
| 106|0x00000000e6a00000, 0x00000000e6a00000, 0x00000000e6b00000|  0%| F|  |TAMS 0x00000000e6a00000, 0x00000000e6a00000| Untracked 
| 107|0x00000000e6b00000, 0x00000000e6b00000, 0x00000000e6c00000|  0%| F|  |TAMS 0x00000000e6b00000, 0x00000000e6b00000| Untracked 
| 108|0x00000000e6c00000, 0x00000000e6c00000, 0x00000000e6d00000|  0%| F|  |TAMS 0x00000000e6c00000, 0x00000000e6c00000| Untracked 
| 109|0x00000000e6d00000, 0x00000000e6d00000, 0x00000000e6e00000|  0%| F|  |TAMS 0x00000000e6d00000, 0x00000000e6d00000| Untracked 
| 110|0x00000000e6e00000, 0x00000000e6e00000, 0x00000000e6f00000|  0%| F|  |TAMS 0x00000000e6e00000, 0x00000000e6e00000| Untracked 
| 111|0x00000000e6f00000, 0x00000000e6f00000, 0x00000000e7000000|  0%| F|  |TAMS 0x00000000e6f00000, 0x00000000e6f00000| Untracked 
| 112|0x00000000e7000000, 0x00000000e7000000, 0x00000000e7100000|  0%| F|  |TAMS 0x00000000e7000000, 0x00000000e7000000| Untracked 
| 113|0x00000000e7100000, 0x00000000e7100000, 0x00000000e7200000|  0%| F|  |TAMS 0x00000000e7100000, 0x00000000e7100000| Untracked 
| 114|0x00000000e7200000, 0x00000000e7200000, 0x00000000e7300000|  0%| F|  |TAMS 0x00000000e7200000, 0x00000000e7200000| Untracked 
| 115|0x00000000e7300000, 0x00000000e7400000, 0x00000000e7400000|100%| S|CS|TAMS 0x00000000e7300000, 0x00000000e7300000| Complete 
| 116|0x00000000e7400000, 0x00000000e7500000, 0x00000000e7500000|100%| S|CS|TAMS 0x00000000e7400000, 0x00000000e7400000| Complete 
| 117|0x00000000e7500000, 0x00000000e7600000, 0x00000000e7600000|100%| S|CS|TAMS 0x00000000e7500000, 0x00000000e7500000| Complete 
| 118|0x00000000e7600000, 0x00000000e7700000, 0x00000000e7700000|100%| S|CS|TAMS 0x00000000e7600000, 0x00000000e7600000| Complete 
| 119|0x00000000e7700000, 0x00000000e7800000, 0x00000000e7800000|100%| S|CS|TAMS 0x00000000e7700000, 0x00000000e7700000| Complete 
| 120|0x00000000e7800000, 0x00000000e7900000, 0x00000000e7900000|100%| S|CS|TAMS 0x00000000e7800000, 0x00000000e7800000| Complete 
| 121|0x00000000e7900000, 0x00000000e7a00000, 0x00000000e7a00000|100%| S|CS|TAMS 0x00000000e7900000, 0x00000000e7900000| Complete 
| 122|0x00000000e7a00000, 0x00000000e7a00000, 0x00000000e7b00000|  0%| F|  |TAMS 0x00000000e7a00000, 0x00000000e7a00000| Untracked 
| 123|0x00000000e7b00000, 0x00000000e7b00000, 0x00000000e7c00000|  0%| F|  |TAMS 0x00000000e7b00000, 0x00000000e7b00000| Untracked 
| 124|0x00000000e7c00000, 0x00000000e7c00000, 0x00000000e7d00000|  0%| F|  |TAMS 0x00000000e7c00000, 0x00000000e7c00000| Untracked 
| 125|0x00000000e7d00000, 0x00000000e7d00000, 0x00000000e7e00000|  0%| F|  |TAMS 0x00000000e7d00000, 0x00000000e7d00000| Untracked 
| 126|0x00000000e7e00000, 0x00000000e7e00000, 0x00000000e7f00000|  0%| F|  |TAMS 0x00000000e7e00000, 0x00000000e7e00000| Untracked 
| 127|0x00000000e7f00000, 0x00000000e7f00000, 0x00000000e8000000|  0%| F|  |TAMS 0x00000000e7f00000, 0x00000000e7f00000| Untracked 
| 128|0x00000000e8000000, 0x00000000e8000000, 0x00000000e8100000|  0%| F|  |TAMS 0x00000000e8000000, 0x00000000e8000000| Untracked 
| 129|0x00000000e8100000, 0x00000000e8100000, 0x00000000e8200000|  0%| F|  |TAMS 0x00000000e8100000, 0x00000000e8100000| Untracked 
| 130|0x00000000e8200000, 0x00000000e8200000, 0x00000000e8300000|  0%| F|  |TAMS 0x00000000e8200000, 0x00000000e8200000| Untracked 
| 131|0x00000000e8300000, 0x00000000e8300000, 0x00000000e8400000|  0%| F|  |TAMS 0x00000000e8300000, 0x00000000e8300000| Untracked 
| 132|0x00000000e8400000, 0x00000000e8400000, 0x00000000e8500000|  0%| F|  |TAMS 0x00000000e8400000, 0x00000000e8400000| Untracked 
| 133|0x00000000e8500000, 0x00000000e8500000, 0x00000000e8600000|  0%| F|  |TAMS 0x00000000e8500000, 0x00000000e8500000| Untracked 
| 134|0x00000000e8600000, 0x00000000e8600000, 0x00000000e8700000|  0%| F|  |TAMS 0x00000000e8600000, 0x00000000e8600000| Untracked 
| 135|0x00000000e8700000, 0x00000000e8700000, 0x00000000e8800000|  0%| F|  |TAMS 0x00000000e8700000, 0x00000000e8700000| Untracked 
| 136|0x00000000e8800000, 0x00000000e8800000, 0x00000000e8900000|  0%| F|  |TAMS 0x00000000e8800000, 0x00000000e8800000| Untracked 
| 137|0x00000000e8900000, 0x00000000e8900000, 0x00000000e8a00000|  0%| F|  |TAMS 0x00000000e8900000, 0x00000000e8900000| Untracked 
| 138|0x00000000e8a00000, 0x00000000e8a00000, 0x00000000e8b00000|  0%| F|  |TAMS 0x00000000e8a00000, 0x00000000e8a00000| Untracked 
| 139|0x00000000e8b00000, 0x00000000e8b00000, 0x00000000e8c00000|  0%| F|  |TAMS 0x00000000e8b00000, 0x00000000e8b00000| Untracked 
| 140|0x00000000e8c00000, 0x00000000e8c00000, 0x00000000e8d00000|  0%| F|  |TAMS 0x00000000e8c00000, 0x00000000e8c00000| Untracked 
| 141|0x00000000e8d00000, 0x00000000e8d00000, 0x00000000e8e00000|  0%| F|  |TAMS 0x00000000e8d00000, 0x00000000e8d00000| Untracked 
| 142|0x00000000e8e00000, 0x00000000e8e00000, 0x00000000e8f00000|  0%| F|  |TAMS 0x00000000e8e00000, 0x00000000e8e00000| Untracked 
| 143|0x00000000e8f00000, 0x00000000e8f00000, 0x00000000e9000000|  0%| F|  |TAMS 0x00000000e8f00000, 0x00000000e8f00000| Untracked 
| 144|0x00000000e9000000, 0x00000000e9000000, 0x00000000e9100000|  0%| F|  |TAMS 0x00000000e9000000, 0x00000000e9000000| Untracked 
| 145|0x00000000e9100000, 0x00000000e9100000, 0x00000000e9200000|  0%| F|  |TAMS 0x00000000e9100000, 0x00000000e9100000| Untracked 
| 146|0x00000000e9200000, 0x00000000e9200000, 0x00000000e9300000|  0%| F|  |TAMS 0x00000000e9200000, 0x00000000e9200000| Untracked 
| 147|0x00000000e9300000, 0x00000000e9300000, 0x00000000e9400000|  0%| F|  |TAMS 0x00000000e9300000, 0x00000000e9300000| Untracked 
| 148|0x00000000e9400000, 0x00000000e9400000, 0x00000000e9500000|  0%| F|  |TAMS 0x00000000e9400000, 0x00000000e9400000| Untracked 
| 149|0x00000000e9500000, 0x00000000e9500000, 0x00000000e9600000|  0%| F|  |TAMS 0x00000000e9500000, 0x00000000e9500000| Untracked 
| 150|0x00000000e9600000, 0x00000000e9600000, 0x00000000e9700000|  0%| F|  |TAMS 0x00000000e9600000, 0x00000000e9600000| Untracked 
| 151|0x00000000e9700000, 0x00000000e9700000, 0x00000000e9800000|  0%| F|  |TAMS 0x00000000e9700000, 0x00000000e9700000| Untracked 
| 152|0x00000000e9800000, 0x00000000e9800000, 0x00000000e9900000|  0%| F|  |TAMS 0x00000000e9800000, 0x00000000e9800000| Untracked 
| 153|0x00000000e9900000, 0x00000000e9900000, 0x00000000e9a00000|  0%| F|  |TAMS 0x00000000e9900000, 0x00000000e9900000| Untracked 
| 154|0x00000000e9a00000, 0x00000000e9a00000, 0x00000000e9b00000|  0%| F|  |TAMS 0x00000000e9a00000, 0x00000000e9a00000| Untracked 
| 155|0x00000000e9b00000, 0x00000000e9b00000, 0x00000000e9c00000|  0%| F|  |TAMS 0x00000000e9b00000, 0x00000000e9b00000| Untracked 
| 156|0x00000000e9c00000, 0x00000000e9c00000, 0x00000000e9d00000|  0%| F|  |TAMS 0x00000000e9c00000, 0x00000000e9c00000| Untracked 
| 157|0x00000000e9d00000, 0x00000000e9d00000, 0x00000000e9e00000|  0%| F|  |TAMS 0x00000000e9d00000, 0x00000000e9d00000| Untracked 
| 158|0x00000000e9e00000, 0x00000000e9e00000, 0x00000000e9f00000|  0%| F|  |TAMS 0x00000000e9e00000, 0x00000000e9e00000| Untracked 
| 159|0x00000000e9f00000, 0x00000000e9f00000, 0x00000000ea000000|  0%| F|  |TAMS 0x00000000e9f00000, 0x00000000e9f00000| Untracked 
| 160|0x00000000ea000000, 0x00000000ea000000, 0x00000000ea100000|  0%| F|  |TAMS 0x00000000ea000000, 0x00000000ea000000| Untracked 
| 161|0x00000000ea100000, 0x00000000ea100000, 0x00000000ea200000|  0%| F|  |TAMS 0x00000000ea100000, 0x00000000ea100000| Untracked 
| 162|0x00000000ea200000, 0x00000000ea200000, 0x00000000ea300000|  0%| F|  |TAMS 0x00000000ea200000, 0x00000000ea200000| Untracked 
| 163|0x00000000ea300000, 0x00000000ea300000, 0x00000000ea400000|  0%| F|  |TAMS 0x00000000ea300000, 0x00000000ea300000| Untracked 
| 164|0x00000000ea400000, 0x00000000ea4177f0, 0x00000000ea500000|  9%| E|  |TAMS 0x00000000ea400000, 0x00000000ea400000| Complete 
| 165|0x00000000ea500000, 0x00000000ea600000, 0x00000000ea600000|100%| E|CS|TAMS 0x00000000ea500000, 0x00000000ea500000| Complete 
| 166|0x00000000ea600000, 0x00000000ea700000, 0x00000000ea700000|100%| E|CS|TAMS 0x00000000ea600000, 0x00000000ea600000| Complete 
| 167|0x00000000ea700000, 0x00000000ea800000, 0x00000000ea800000|100%| E|CS|TAMS 0x00000000ea700000, 0x00000000ea700000| Complete 
| 168|0x00000000ea800000, 0x00000000ea900000, 0x00000000ea900000|100%| E|CS|TAMS 0x00000000ea800000, 0x00000000ea800000| Complete 
| 169|0x00000000ea900000, 0x00000000eaa00000, 0x00000000eaa00000|100%| E|CS|TAMS 0x00000000ea900000, 0x00000000ea900000| Complete 
| 170|0x00000000eaa00000, 0x00000000eab00000, 0x00000000eab00000|100%| E|CS|TAMS 0x00000000eaa00000, 0x00000000eaa00000| Complete 
| 171|0x00000000eab00000, 0x00000000eac00000, 0x00000000eac00000|100%| E|CS|TAMS 0x00000000eab00000, 0x00000000eab00000| Complete 
| 172|0x00000000eac00000, 0x00000000ead00000, 0x00000000ead00000|100%| E|CS|TAMS 0x00000000eac00000, 0x00000000eac00000| Complete 
| 173|0x00000000ead00000, 0x00000000eae00000, 0x00000000eae00000|100%| E|CS|TAMS 0x00000000ead00000, 0x00000000ead00000| Complete 
| 174|0x00000000eae00000, 0x00000000eaf00000, 0x00000000eaf00000|100%| E|CS|TAMS 0x00000000eae00000, 0x00000000eae00000| Complete 
| 175|0x00000000eaf00000, 0x00000000eb000000, 0x00000000eb000000|100%| E|CS|TAMS 0x00000000eaf00000, 0x00000000eaf00000| Complete 
| 176|0x00000000eb000000, 0x00000000eb100000, 0x00000000eb100000|100%| E|CS|TAMS 0x00000000eb000000, 0x00000000eb000000| Complete 
| 177|0x00000000eb100000, 0x00000000eb200000, 0x00000000eb200000|100%| E|CS|TAMS 0x00000000eb100000, 0x00000000eb100000| Complete 
| 178|0x00000000eb200000, 0x00000000eb300000, 0x00000000eb300000|100%| E|CS|TAMS 0x00000000eb200000, 0x00000000eb200000| Complete 
| 179|0x00000000eb300000, 0x00000000eb400000, 0x00000000eb400000|100%| E|CS|TAMS 0x00000000eb300000, 0x00000000eb300000| Complete 
| 180|0x00000000eb400000, 0x00000000eb500000, 0x00000000eb500000|100%| E|CS|TAMS 0x00000000eb400000, 0x00000000eb400000| Complete 
| 181|0x00000000eb500000, 0x00000000eb600000, 0x00000000eb600000|100%| E|CS|TAMS 0x00000000eb500000, 0x00000000eb500000| Complete 
| 182|0x00000000eb600000, 0x00000000eb700000, 0x00000000eb700000|100%| E|CS|TAMS 0x00000000eb600000, 0x00000000eb600000| Complete 
| 183|0x00000000eb700000, 0x00000000eb800000, 0x00000000eb800000|100%| E|CS|TAMS 0x00000000eb700000, 0x00000000eb700000| Complete 
| 184|0x00000000eb800000, 0x00000000eb900000, 0x00000000eb900000|100%| E|CS|TAMS 0x00000000eb800000, 0x00000000eb800000| Complete 
| 185|0x00000000eb900000, 0x00000000eba00000, 0x00000000eba00000|100%| E|CS|TAMS 0x00000000eb900000, 0x00000000eb900000| Complete 
| 186|0x00000000eba00000, 0x00000000ebb00000, 0x00000000ebb00000|100%| E|CS|TAMS 0x00000000eba00000, 0x00000000eba00000| Complete 
| 187|0x00000000ebb00000, 0x00000000ebc00000, 0x00000000ebc00000|100%| E|CS|TAMS 0x00000000ebb00000, 0x00000000ebb00000| Complete 
| 188|0x00000000ebc00000, 0x00000000ebd00000, 0x00000000ebd00000|100%| E|CS|TAMS 0x00000000ebc00000, 0x00000000ebc00000| Complete 
| 189|0x00000000ebd00000, 0x00000000ebe00000, 0x00000000ebe00000|100%| E|CS|TAMS 0x00000000ebd00000, 0x00000000ebd00000| Complete 
| 190|0x00000000ebe00000, 0x00000000ebf00000, 0x00000000ebf00000|100%| E|CS|TAMS 0x00000000ebe00000, 0x00000000ebe00000| Complete 
| 191|0x00000000ebf00000, 0x00000000ec000000, 0x00000000ec000000|100%| E|CS|TAMS 0x00000000ebf00000, 0x00000000ebf00000| Complete 
| 192|0x00000000ec000000, 0x00000000ec100000, 0x00000000ec100000|100%| E|CS|TAMS 0x00000000ec000000, 0x00000000ec000000| Complete 
| 193|0x00000000ec100000, 0x00000000ec200000, 0x00000000ec200000|100%| E|CS|TAMS 0x00000000ec100000, 0x00000000ec100000| Complete 
| 194|0x00000000ec200000, 0x00000000ec300000, 0x00000000ec300000|100%| E|CS|TAMS 0x00000000ec200000, 0x00000000ec200000| Complete 
| 195|0x00000000ec300000, 0x00000000ec400000, 0x00000000ec400000|100%| E|CS|TAMS 0x00000000ec300000, 0x00000000ec300000| Complete 
| 196|0x00000000ec400000, 0x00000000ec500000, 0x00000000ec500000|100%| E|CS|TAMS 0x00000000ec400000, 0x00000000ec400000| Complete 
| 197|0x00000000ec500000, 0x00000000ec600000, 0x00000000ec600000|100%| E|CS|TAMS 0x00000000ec500000, 0x00000000ec500000| Complete 
| 198|0x00000000ec600000, 0x00000000ec700000, 0x00000000ec700000|100%| E|CS|TAMS 0x00000000ec600000, 0x00000000ec600000| Complete 
| 199|0x00000000ec700000, 0x00000000ec800000, 0x00000000ec800000|100%| E|CS|TAMS 0x00000000ec700000, 0x00000000ec700000| Complete 
| 200|0x00000000ec800000, 0x00000000ec900000, 0x00000000ec900000|100%| E|CS|TAMS 0x00000000ec800000, 0x00000000ec800000| Complete 
| 201|0x00000000ec900000, 0x00000000eca00000, 0x00000000eca00000|100%| E|CS|TAMS 0x00000000ec900000, 0x00000000ec900000| Complete 
| 202|0x00000000eca00000, 0x00000000ecb00000, 0x00000000ecb00000|100%| E|CS|TAMS 0x00000000eca00000, 0x00000000eca00000| Complete 
| 203|0x00000000ecb00000, 0x00000000ecc00000, 0x00000000ecc00000|100%| E|CS|TAMS 0x00000000ecb00000, 0x00000000ecb00000| Complete 
| 204|0x00000000ecc00000, 0x00000000ecd00000, 0x00000000ecd00000|100%| E|CS|TAMS 0x00000000ecc00000, 0x00000000ecc00000| Complete 
| 205|0x00000000ecd00000, 0x00000000ece00000, 0x00000000ece00000|100%| E|CS|TAMS 0x00000000ecd00000, 0x00000000ecd00000| Complete 
| 206|0x00000000ece00000, 0x00000000ecf00000, 0x00000000ecf00000|100%| E|CS|TAMS 0x00000000ece00000, 0x00000000ece00000| Complete 
| 207|0x00000000ecf00000, 0x00000000ed000000, 0x00000000ed000000|100%| E|CS|TAMS 0x00000000ecf00000, 0x00000000ecf00000| Complete 
| 208|0x00000000ed000000, 0x00000000ed100000, 0x00000000ed100000|100%| E|CS|TAMS 0x00000000ed000000, 0x00000000ed000000| Complete 
| 209|0x00000000ed100000, 0x00000000ed200000, 0x00000000ed200000|100%| E|CS|TAMS 0x00000000ed100000, 0x00000000ed100000| Complete 
| 210|0x00000000ed200000, 0x00000000ed300000, 0x00000000ed300000|100%| E|CS|TAMS 0x00000000ed200000, 0x00000000ed200000| Complete 
| 211|0x00000000ed300000, 0x00000000ed400000, 0x00000000ed400000|100%| E|CS|TAMS 0x00000000ed300000, 0x00000000ed300000| Complete 
| 212|0x00000000ed400000, 0x00000000ed500000, 0x00000000ed500000|100%| E|CS|TAMS 0x00000000ed400000, 0x00000000ed400000| Complete 
| 213|0x00000000ed500000, 0x00000000ed600000, 0x00000000ed600000|100%| E|CS|TAMS 0x00000000ed500000, 0x00000000ed500000| Complete 
| 214|0x00000000ed600000, 0x00000000ed700000, 0x00000000ed700000|100%| E|CS|TAMS 0x00000000ed600000, 0x00000000ed600000| Complete 
| 215|0x00000000ed700000, 0x00000000ed800000, 0x00000000ed800000|100%| E|CS|TAMS 0x00000000ed700000, 0x00000000ed700000| Complete 
| 216|0x00000000ed800000, 0x00000000ed900000, 0x00000000ed900000|100%| E|CS|TAMS 0x00000000ed800000, 0x00000000ed800000| Complete 
| 217|0x00000000ed900000, 0x00000000eda00000, 0x00000000eda00000|100%| E|CS|TAMS 0x00000000ed900000, 0x00000000ed900000| Complete 
| 218|0x00000000eda00000, 0x00000000edb00000, 0x00000000edb00000|100%| E|CS|TAMS 0x00000000eda00000, 0x00000000eda00000| Complete 
| 219|0x00000000edb00000, 0x00000000edc00000, 0x00000000edc00000|100%| E|CS|TAMS 0x00000000edb00000, 0x00000000edb00000| Complete 
| 220|0x00000000edc00000, 0x00000000edd00000, 0x00000000edd00000|100%| E|CS|TAMS 0x00000000edc00000, 0x00000000edc00000| Complete 
| 221|0x00000000edd00000, 0x00000000ede00000, 0x00000000ede00000|100%| E|CS|TAMS 0x00000000edd00000, 0x00000000edd00000| Complete 
| 222|0x00000000ede00000, 0x00000000edf00000, 0x00000000edf00000|100%| E|CS|TAMS 0x00000000ede00000, 0x00000000ede00000| Complete 
| 223|0x00000000edf00000, 0x00000000ee000000, 0x00000000ee000000|100%| E|CS|TAMS 0x00000000edf00000, 0x00000000edf00000| Complete 
| 224|0x00000000ee000000, 0x00000000ee100000, 0x00000000ee100000|100%| E|CS|TAMS 0x00000000ee000000, 0x00000000ee000000| Complete 
| 225|0x00000000ee100000, 0x00000000ee200000, 0x00000000ee200000|100%| E|CS|TAMS 0x00000000ee100000, 0x00000000ee100000| Complete 
| 226|0x00000000ee200000, 0x00000000ee300000, 0x00000000ee300000|100%| E|CS|TAMS 0x00000000ee200000, 0x00000000ee200000| Complete 
| 227|0x00000000ee300000, 0x00000000ee400000, 0x00000000ee400000|100%| E|CS|TAMS 0x00000000ee300000, 0x00000000ee300000| Complete 
| 228|0x00000000ee400000, 0x00000000ee500000, 0x00000000ee500000|100%| E|CS|TAMS 0x00000000ee400000, 0x00000000ee400000| Complete 
| 229|0x00000000ee500000, 0x00000000ee600000, 0x00000000ee600000|100%| E|CS|TAMS 0x00000000ee500000, 0x00000000ee500000| Complete 
| 230|0x00000000ee600000, 0x00000000ee700000, 0x00000000ee700000|100%| E|CS|TAMS 0x00000000ee600000, 0x00000000ee600000| Complete 
| 231|0x00000000ee700000, 0x00000000ee800000, 0x00000000ee800000|100%| E|CS|TAMS 0x00000000ee700000, 0x00000000ee700000| Complete 
| 232|0x00000000ee800000, 0x00000000ee900000, 0x00000000ee900000|100%| E|CS|TAMS 0x00000000ee800000, 0x00000000ee800000| Complete 
| 233|0x00000000ee900000, 0x00000000eea00000, 0x00000000eea00000|100%| E|CS|TAMS 0x00000000ee900000, 0x00000000ee900000| Complete 
| 234|0x00000000eea00000, 0x00000000eeb00000, 0x00000000eeb00000|100%| E|CS|TAMS 0x00000000eea00000, 0x00000000eea00000| Complete 
| 235|0x00000000eeb00000, 0x00000000eec00000, 0x00000000eec00000|100%| E|CS|TAMS 0x00000000eeb00000, 0x00000000eeb00000| Complete 
| 236|0x00000000eec00000, 0x00000000eed00000, 0x00000000eed00000|100%| E|CS|TAMS 0x00000000eec00000, 0x00000000eec00000| Complete 
| 237|0x00000000eed00000, 0x00000000eee00000, 0x00000000eee00000|100%| E|CS|TAMS 0x00000000eed00000, 0x00000000eed00000| Complete 
| 238|0x00000000eee00000, 0x00000000eef00000, 0x00000000eef00000|100%| E|CS|TAMS 0x00000000eee00000, 0x00000000eee00000| Complete 
| 239|0x00000000eef00000, 0x00000000ef000000, 0x00000000ef000000|100%| E|CS|TAMS 0x00000000eef00000, 0x00000000eef00000| Complete 
| 240|0x00000000ef000000, 0x00000000ef100000, 0x00000000ef100000|100%| E|CS|TAMS 0x00000000ef000000, 0x00000000ef000000| Complete 
| 241|0x00000000ef100000, 0x00000000ef200000, 0x00000000ef200000|100%| E|CS|TAMS 0x00000000ef100000, 0x00000000ef100000| Complete 
| 242|0x00000000ef200000, 0x00000000ef300000, 0x00000000ef300000|100%| E|CS|TAMS 0x00000000ef200000, 0x00000000ef200000| Complete 
| 243|0x00000000ef300000, 0x00000000ef400000, 0x00000000ef400000|100%| E|CS|TAMS 0x00000000ef300000, 0x00000000ef300000| Complete 
| 244|0x00000000ef400000, 0x00000000ef500000, 0x00000000ef500000|100%| E|CS|TAMS 0x00000000ef400000, 0x00000000ef400000| Complete 
| 245|0x00000000ef500000, 0x00000000ef600000, 0x00000000ef600000|100%| E|CS|TAMS 0x00000000ef500000, 0x00000000ef500000| Complete 
| 246|0x00000000ef600000, 0x00000000ef700000, 0x00000000ef700000|100%| E|CS|TAMS 0x00000000ef600000, 0x00000000ef600000| Complete 
| 247|0x00000000ef700000, 0x00000000ef800000, 0x00000000ef800000|100%| E|CS|TAMS 0x00000000ef700000, 0x00000000ef700000| Complete 
| 248|0x00000000ef800000, 0x00000000ef900000, 0x00000000ef900000|100%| E|CS|TAMS 0x00000000ef800000, 0x00000000ef800000| Complete 
| 249|0x00000000ef900000, 0x00000000efa00000, 0x00000000efa00000|100%| E|CS|TAMS 0x00000000ef900000, 0x00000000ef900000| Complete 
| 250|0x00000000efa00000, 0x00000000efb00000, 0x00000000efb00000|100%| E|CS|TAMS 0x00000000efa00000, 0x00000000efa00000| Complete 
| 251|0x00000000efb00000, 0x00000000efc00000, 0x00000000efc00000|100%| E|CS|TAMS 0x00000000efb00000, 0x00000000efb00000| Complete 
| 252|0x00000000efc00000, 0x00000000efd00000, 0x00000000efd00000|100%| E|CS|TAMS 0x00000000efc00000, 0x00000000efc00000| Complete 
| 253|0x00000000efd00000, 0x00000000efe00000, 0x00000000efe00000|100%| E|CS|TAMS 0x00000000efd00000, 0x00000000efd00000| Complete 
| 254|0x00000000efe00000, 0x00000000eff00000, 0x00000000eff00000|100%| E|CS|TAMS 0x00000000efe00000, 0x00000000efe00000| Complete 
| 255|0x00000000eff00000, 0x00000000f0000000, 0x00000000f0000000|100%| E|CS|TAMS 0x00000000eff00000, 0x00000000eff00000| Complete 

Card table byte_map: [0x000001f79e540000,0x000001f79e640000] _byte_map_base: 0x000001f79de40000

Marking Bits (Prev, Next): (CMBitMap*) 0x000001f7866b4fb8, (CMBitMap*) 0x000001f7866b4ff0
 Prev Bits: [0x000001f79e740000, 0x000001f79ef40000)
 Next Bits: [0x000001f79ef40000, 0x000001f79f740000)

Polling page: 0x000001f786740000

Metaspace:

Usage:
  Non-class:     50.50 MB capacity,    49.47 MB ( 98%) used,   885.83 KB (  2%) free+waste,   170.69 KB ( <1%) overhead. 
      Class:      7.86 MB capacity,     7.27 MB ( 92%) used,   529.19 KB (  7%) free+waste,    82.63 KB (  1%) overhead. 
       Both:     58.36 MB capacity,    56.73 MB ( 97%) used,     1.38 MB (  2%) free+waste,   253.31 KB ( <1%) overhead. 

Virtual space:
  Non-class space:       52.00 MB reserved,      50.67 MB ( 97%) committed 
      Class space:      248.00 MB reserved,       7.88 MB (  3%) committed 
             Both:      300.00 MB reserved,      58.55 MB ( 20%) committed 

Chunk freelists:
   Non-Class:  51.00 KB
       Class:  0 bytes
        Both:  51.00 KB

MaxMetaspaceSize: 256.00 MB
CompressedClassSpaceSize: 248.00 MB
Initial GC threshold: 20.80 MB
Current GC threshold: 58.83 MB
CDS: off

CodeHeap 'non-profiled nmethods': size=120064Kb used=3959Kb max_used=3959Kb free=116104Kb
 bounds [0x000001f7968d0000, 0x000001f796cb0000, 0x000001f79de10000]
CodeHeap 'profiled nmethods': size=120000Kb used=13954Kb max_used=13954Kb free=106045Kb
 bounds [0x000001f78f3a0000, 0x000001f790150000, 0x000001f7968d0000]
CodeHeap 'non-nmethods': size=5696Kb used=2322Kb max_used=2378Kb free=3373Kb
 bounds [0x000001f78ee10000, 0x000001f78f080000, 0x000001f78f3a0000]
 total_blobs=7200 nmethods=6371 adapters=739
 compilation: enabled
              stopped_count=0, restarted_count=0
 full_count=0

Compilation events (20 events):
Event: 48.914 Thread 0x000001f7a2640800 6417       3       com.google.common.collect.AbstractSetMultimap::wrapCollection (14 bytes)
Event: 48.914 Thread 0x000001f7a2640800 nmethod 6417 0x000001f790133690 code [0x000001f790133860, 0x000001f790133be8]
Event: 48.914 Thread 0x000001f7a2640800 6418       3       com.google.common.collect.AbstractMapBasedMultimap$WrappedSet::<init> (14 bytes)
Event: 48.914 Thread 0x000001f7a2640800 nmethod 6418 0x000001f790133d10 code [0x000001f790133ec0, 0x000001f790134048]
Event: 48.915 Thread 0x000001f7a2640800 6419       3       com.google.common.collect.LinkedHashMultimap::get (6 bytes)
Event: 48.915 Thread 0x000001f7a2640800 nmethod 6419 0x000001f790134110 code [0x000001f790134340, 0x000001f790134b88]
Event: 48.915 Thread 0x000001f7a2640800 6420       3       com.google.common.collect.AbstractSetMultimap::get (9 bytes)
Event: 48.916 Thread 0x000001f7a2640800 nmethod 6420 0x000001f790134e10 code [0x000001f790135020, 0x000001f7901357c8]
Event: 48.916 Thread 0x000001f7a2640800 6421       3       com.google.common.collect.AbstractMapBasedMultimap$WrappedCollection::iterator (13 bytes)
Event: 48.917 Thread 0x000001f7a2640800 nmethod 6421 0x000001f790135990 code [0x000001f790135bc0, 0x000001f790136428]
Event: 48.917 Thread 0x000001f7a2640800 6426       3       org.gradle.internal.instantiation.generator.AbstractClassGenerator$DslMixInPropertyType::findClosureOverload (109 bytes)
Event: 48.918 Thread 0x000001f7a2640800 nmethod 6426 0x000001f790136610 code [0x000001f790136880, 0x000001f790137498]
Event: 48.918 Thread 0x000001f7a2640800 6422       3       com.google.common.collect.AbstractMapBasedMultimap$WrappedCollection$WrappedIterator::<init> (32 bytes)
Event: 48.919 Thread 0x000001f7a2640800 nmethod 6422 0x000001f790137890 code [0x000001f790137aa0, 0x000001f7901381b8]
Event: 48.919 Thread 0x000001f7a2640800 6423       3       com.google.common.collect.AbstractMapBasedMultimap::access$100 (5 bytes)
Event: 48.919 Thread 0x000001f7a2640800 nmethod 6423 0x000001f790138390 code [0x000001f790138580, 0x000001f790138a98]
Event: 48.919 Thread 0x000001f7a2640800 6424       3       com.google.common.collect.AbstractMapBasedMultimap::iteratorOrListIterator (26 bytes)
Event: 48.919 Thread 0x000001f7a2640800 nmethod 6424 0x000001f790138c10 code [0x000001f790138e00, 0x000001f7901392b8]
Event: 48.920 Thread 0x000001f7a2640800 6425       3       com.google.common.collect.LinkedHashMultimap$ValueSet::iterator (9 bytes)
Event: 48.920 Thread 0x000001f7a2640800 nmethod 6425 0x000001f790139410 code [0x000001f7901395e0, 0x000001f7901398d8]

GC Heap History (18 events):
Event: 2.442 GC heap before
{Heap before GC invocations=0 (full 0):
 garbage-first heap   total 262144K, used 16384K [0x00000000e0000000, 0x0000000100000000)
  region size 1024K, 14 young (14336K), 0 survivors (0K)
 Metaspace       used 6793K, capacity 6997K, committed 7168K, reserved 262144K
  class space    used 573K, capacity 650K, committed 768K, reserved 253952K
}
Event: 2.455 GC heap after
{Heap after GC invocations=1 (full 0):
 garbage-first heap   total 262144K, used 3831K [0x00000000e0000000, 0x0000000100000000)
  region size 1024K, 2 young (2048K), 2 survivors (2048K)
 Metaspace       used 6793K, capacity 6997K, committed 7168K, reserved 262144K
  class space    used 573K, capacity 650K, committed 768K, reserved 253952K
}
Event: 3.307 GC heap before
{Heap before GC invocations=1 (full 0):
 garbage-first heap   total 262144K, used 17143K [0x00000000e0000000, 0x0000000100000000)
  region size 1024K, 13 young (13312K), 2 survivors (2048K)
 Metaspace       used 10170K, capacity 10460K, committed 10624K, reserved 264192K
  class space    used 1034K, capacity 1105K, committed 1152K, reserved 253952K
}
Event: 3.312 GC heap after
{Heap after GC invocations=2 (full 0):
 garbage-first heap   total 262144K, used 9415K [0x00000000e0000000, 0x0000000100000000)
  region size 1024K, 2 young (2048K), 2 survivors (2048K)
 Metaspace       used 10170K, capacity 10460K, committed 10624K, reserved 264192K
  class space    used 1034K, capacity 1105K, committed 1152K, reserved 253952K
}
Event: 4.472 GC heap before
{Heap before GC invocations=2 (full 0):
 garbage-first heap   total 262144K, used 32967K [0x00000000e0000000, 0x0000000100000000)
  region size 1024K, 25 young (25600K), 2 survivors (2048K)
 Metaspace       used 11229K, capacity 11513K, committed 11776K, reserved 266240K
  class space    used 1146K, capacity 1243K, committed 1280K, reserved 253952K
}
Event: 4.478 GC heap after
{Heap after GC invocations=3 (full 0):
 garbage-first heap   total 262144K, used 10134K [0x00000000e0000000, 0x0000000100000000)
  region size 1024K, 3 young (3072K), 3 survivors (3072K)
 Metaspace       used 11229K, capacity 11513K, committed 11776K, reserved 266240K
  class space    used 1146K, capacity 1243K, committed 1280K, reserved 253952K
}
Event: 9.802 GC heap before
{Heap before GC invocations=3 (full 0):
 garbage-first heap   total 262144K, used 45974K [0x00000000e0000000, 0x0000000100000000)
  region size 1024K, 37 young (37888K), 3 survivors (3072K)
 Metaspace       used 16551K, capacity 16979K, committed 17152K, reserved 270336K
  class space    used 1866K, capacity 2003K, committed 2048K, reserved 253952K
}
Event: 9.816 GC heap after
{Heap after GC invocations=4 (full 0):
 garbage-first heap   total 262144K, used 16139K [0x00000000e0000000, 0x0000000100000000)
  region size 1024K, 5 young (5120K), 5 survivors (5120K)
 Metaspace       used 16551K, capacity 16979K, committed 17152K, reserved 270336K
  class space    used 1866K, capacity 2003K, committed 2048K, reserved 253952K
}
Event: 11.606 GC heap before
{Heap before GC invocations=4 (full 0):
 garbage-first heap   total 262144K, used 46859K [0x00000000e0000000, 0x0000000100000000)
  region size 1024K, 36 young (36864K), 5 survivors (5120K)
 Metaspace       used 20757K, capacity 21153K, committed 21296K, reserved 274432K
  class space    used 2488K, capacity 2638K, committed 2688K, reserved 253952K
}
Event: 11.619 GC heap after
{Heap after GC invocations=5 (full 0):
 garbage-first heap   total 262144K, used 17102K [0x00000000e0000000, 0x0000000100000000)
  region size 1024K, 2 young (2048K), 2 survivors (2048K)
 Metaspace       used 20757K, capacity 21153K, committed 21296K, reserved 274432K
  class space    used 2488K, capacity 2638K, committed 2688K, reserved 253952K
}
Event: 14.717 GC heap before
{Heap before GC invocations=6 (full 0):
 garbage-first heap   total 262144K, used 67278K [0x00000000e0000000, 0x0000000100000000)
  region size 1024K, 51 young (52224K), 2 survivors (2048K)
 Metaspace       used 25681K, capacity 26335K, committed 26544K, reserved 278528K
  class space    used 3296K, capacity 3500K, committed 3584K, reserved 253952K
}
Event: 14.726 GC heap after
{Heap after GC invocations=7 (full 0):
 garbage-first heap   total 262144K, used 19052K [0x00000000e0000000, 0x0000000100000000)
  region size 1024K, 4 young (4096K), 4 survivors (4096K)
 Metaspace       used 25681K, capacity 26335K, committed 26544K, reserved 278528K
  class space    used 3296K, capacity 3500K, committed 3584K, reserved 253952K
}
Event: 19.053 GC heap before
{Heap before GC invocations=7 (full 0):
 garbage-first heap   total 262144K, used 99948K [0x00000000e0000000, 0x0000000100000000)
  region size 1024K, 85 young (87040K), 4 survivors (4096K)
 Metaspace       used 34863K, capacity 35847K, committed 35888K, reserved 286720K
  class space    used 4599K, capacity 4953K, committed 4992K, reserved 253952K
}
Event: 19.082 GC heap after
{Heap after GC invocations=8 (full 0):
 garbage-first heap   total 262144K, used 23038K [0x00000000e0000000, 0x0000000100000000)
  region size 1024K, 8 young (8192K), 8 survivors (8192K)
 Metaspace       used 34863K, capacity 35847K, committed 35888K, reserved 286720K
  class space    used 4599K, capacity 4953K, committed 4992K, reserved 253952K
}
Event: 29.639 GC heap before
{Heap before GC invocations=9 (full 0):
 garbage-first heap   total 262144K, used 171518K [0x00000000e0000000, 0x0000000100000000)
  region size 1024K, 151 young (154624K), 8 survivors (8192K)
 Metaspace       used 48426K, capacity 49687K, committed 49840K, reserved 299008K
  class space    used 6123K, capacity 6598K, committed 6656K, reserved 253952K
}
Event: 29.837 GC heap after
{Heap after GC invocations=10 (full 0):
 garbage-first heap   total 262144K, used 34639K [0x00000000e0000000, 0x0000000100000000)
  region size 1024K, 19 young (19456K), 19 survivors (19456K)
 Metaspace       used 48426K, capacity 49687K, committed 49840K, reserved 299008K
  class space    used 6123K, capacity 6598K, committed 6656K, reserved 253952K
}
Event: 39.037 GC heap before
{Heap before GC invocations=10 (full 0):
 garbage-first heap   total 262144K, used 171855K [0x00000000e0000000, 0x0000000100000000)
  region size 1024K, 153 young (156672K), 19 survivors (19456K)
 Metaspace       used 49580K, capacity 50980K, committed 51248K, reserved 299008K
  class space    used 6223K, capacity 6742K, committed 6784K, reserved 253952K
}
Event: 39.312 GC heap after
{Heap after GC invocations=11 (full 0):
 garbage-first heap   total 262144K, used 40120K [0x00000000e0000000, 0x0000000100000000)
  region size 1024K, 7 young (7168K), 7 survivors (7168K)
 Metaspace       used 49580K, capacity 50980K, committed 51248K, reserved 299008K
  class space    used 6223K, capacity 6742K, committed 6784K, reserved 253952K
}

Deoptimization events (20 events):
Event: 45.996 Thread 0x000001f7a2999800 DEOPT PACKING pc=0x000001f796c8b4e8 sp=0x0000008cc46f6690
Event: 45.996 Thread 0x000001f7a2999800 DEOPT UNPACKING pc=0x000001f78ee5a1af sp=0x0000008cc46f6648 mode 2
Event: 47.895 Thread 0x000001f7a2999800 Uncommon trap: trap_request=0xffffffde fr.pc=0x000001f796c1fd28 relative=0x0000000000000508
Event: 47.895 Thread 0x000001f7a2999800 Uncommon trap: reason=class_check action=maybe_recompile pc=0x000001f796c1fd28 method=java.util.regex.Matcher.search(I)Z @ 121 c2
Event: 47.895 Thread 0x000001f7a2999800 DEOPT PACKING pc=0x000001f796c1fd28 sp=0x0000008cc46f7ab0
Event: 47.896 Thread 0x000001f7a2999800 DEOPT UNPACKING pc=0x000001f78ee5a1af sp=0x0000008cc46f7a60 mode 2
Event: 47.896 Thread 0x000001f7a2999800 Uncommon trap: trap_request=0xffffffde fr.pc=0x000001f796c1fd28 relative=0x0000000000000508
Event: 47.896 Thread 0x000001f7a2999800 Uncommon trap: reason=class_check action=maybe_recompile pc=0x000001f796c1fd28 method=java.util.regex.Matcher.search(I)Z @ 121 c2
Event: 47.896 Thread 0x000001f7a2999800 DEOPT PACKING pc=0x000001f796c1fd28 sp=0x0000008cc46f7ab0
Event: 47.896 Thread 0x000001f7a2999800 DEOPT UNPACKING pc=0x000001f78ee5a1af sp=0x0000008cc46f7a60 mode 2
Event: 47.898 Thread 0x000001f7a2999800 Uncommon trap: trap_request=0xffffffde fr.pc=0x000001f796c1fd28 relative=0x0000000000000508
Event: 47.898 Thread 0x000001f7a2999800 Uncommon trap: reason=class_check action=maybe_recompile pc=0x000001f796c1fd28 method=java.util.regex.Matcher.search(I)Z @ 121 c2
Event: 47.898 Thread 0x000001f7a2999800 DEOPT PACKING pc=0x000001f796c1fd28 sp=0x0000008cc46f7a40
Event: 47.898 Thread 0x000001f7a2999800 DEOPT UNPACKING pc=0x000001f78ee5a1af sp=0x0000008cc46f79f0 mode 2
Event: 47.898 Thread 0x000001f7a2999800 Uncommon trap: trap_request=0xffffffde fr.pc=0x000001f796c1fd28 relative=0x0000000000000508
Event: 47.898 Thread 0x000001f7a2999800 Uncommon trap: reason=class_check action=maybe_recompile pc=0x000001f796c1fd28 method=java.util.regex.Matcher.search(I)Z @ 121 c2
Event: 47.898 Thread 0x000001f7a2999800 DEOPT PACKING pc=0x000001f796c1fd28 sp=0x0000008cc46f7a40
Event: 47.898 Thread 0x000001f7a2999800 DEOPT UNPACKING pc=0x000001f78ee5a1af sp=0x0000008cc46f79f0 mode 2
Event: 48.311 Thread 0x000001f7a3ab0800 DEOPT PACKING pc=0x000001f78f4769da sp=0x0000008cc49ff1d0
Event: 48.311 Thread 0x000001f7a3ab0800 DEOPT UNPACKING pc=0x000001f78ee5a95e sp=0x0000008cc49fe658 mode 0

Classes redefined (0 events):
No events

Internal exceptions (20 events):
Event: 42.033 Thread 0x000001f7a2999800 Exception <a 'java/lang/NoSuchMethodError'{0x00000000ee323708}: 'java.lang.Object java.lang.invoke.DirectMethodHandle$Holder.invokeStatic(java.lang.Object, java.lang.Object, java.lang.Object, java.lang.Object, java.lang.Object, java.lang.Object, java.lang.Object, java.lang.Object, java.lang.Object, java.lang.Object, java.lang.Object, java.lang.Object, java.lang.Object, java.lang.Object, java.lang.Object, java.lang.Object)'> (0x00000000ee323708) thrown at [./src/hotspot/share/interpreter/linkResolver.cpp, l
Event: 42.087 Thread 0x000001f7a2999800 Exception <a 'java/lang/NoSuchMethodError'{0x00000000ee3346f0}: 'java.lang.Object java.lang.invoke.DelegatingMethodHandle$Holder.reinvoke_L(java.lang.Object, java.lang.Object, java.lang.Object, java.lang.Object, java.lang.Object, java.lang.Object, java.lang.Object, java.lang.Object, java.lang.Object, java.lang.Object, java.lang.Object, java.lang.Object, java.lang.Object, java.lang.Object, java.lang.Object, java.lang.Object, java.lang.Object, java.lang.Object, java.lang.Object, java.lang.Object)'> (0x000000
Event: 42.712 Thread 0x000001f7a3ab0800 Exception <a 'java/lang/NoSuchMethodError'{0x00000000eda909c8}: <clinit>> (0x00000000eda909c8) thrown at [./src/hotspot/share/prims/jni.cpp, line 1367]
Event: 43.705 Thread 0x000001f7a2999800 Exception <a 'java/lang/ClassNotFoundException'{0x00000000ecff2ae8}: build_2q0kx7j2c82r64b2zf8uraljyBeanInfo> (0x00000000ecff2ae8) thrown at [./src/hotspot/share/classfile/systemDictionary.cpp, line 230]
Event: 43.722 Thread 0x000001f7a2999800 Exception <a 'java/lang/ClassNotFoundException'{0x00000000ece099b0}: org/gradle/api/internal/project/ProjectScriptBeanInfo> (0x00000000ece099b0) thrown at [./src/hotspot/share/classfile/systemDictionary.cpp, line 230]
Event: 43.724 Thread 0x000001f7a2999800 Exception <a 'java/lang/ClassNotFoundException'{0x00000000ece20560}: org/gradle/api/internal/project/ProjectScriptCustomizer> (0x00000000ece20560) thrown at [./src/hotspot/share/classfile/systemDictionary.cpp, line 230]
Event: 43.730 Thread 0x000001f7a2999800 Exception <a 'java/lang/ClassNotFoundException'{0x00000000ece3c058}: build_2q0kx7j2c82r64b2zf8uraljyCustomizer> (0x00000000ece3c058) thrown at [./src/hotspot/share/classfile/systemDictionary.cpp, line 230]
Event: 43.797 Thread 0x000001f7a2999800 Exception <a 'java/lang/ClassNotFoundException'{0x00000000ecec97f8}: org/gradle/plugin/use/internal/PluginRequestCollector$PluginDependenciesSpecImplBeanInfo> (0x00000000ecec97f8) thrown at [./src/hotspot/share/classfile/systemDictionary.cpp, line 230]
Event: 43.806 Thread 0x000001f7a2999800 Exception <a 'java/lang/ClassNotFoundException'{0x00000000ecef9e00}: org/gradle/plugin/use/internal/PluginRequestCollector$PluginDependenciesSpecImplCustomizer> (0x00000000ecef9e00) thrown at [./src/hotspot/share/classfile/systemDictionary.cpp, line 230]
Event: 44.078 Thread 0x000001f7a2999800 Exception <a 'java/lang/NoSuchMethodError'{0x00000000ecaf40c0}: 'void java.lang.invoke.DirectMethodHandle$Holder.invokeInterface(java.lang.Object, java.lang.Object)'> (0x00000000ecaf40c0) thrown at [./src/hotspot/share/interpreter/linkResolver.cpp, line 773]
Event: 45.048 Thread 0x000001f7a2999800 Exception <a 'java/lang/NoSuchMethodError'{0x00000000ebac73c0}: 'java.lang.Object java.lang.invoke.DirectMethodHandle$Holder.invokeStatic(java.lang.Object, java.lang.Object, java.lang.Object, java.lang.Object, int)'> (0x00000000ebac73c0) thrown at [./src/hotspot/share/interpreter/linkResolver.cpp, line 773]
Event: 45.050 Thread 0x000001f7a2999800 Exception <a 'java/lang/NoSuchMethodError'{0x00000000ebacc308}: 'java.lang.Object java.lang.invoke.DirectMethodHandle$Holder.invokeSpecial(java.lang.Object, java.lang.Object, java.lang.Object, java.lang.Object, java.lang.Object, int)'> (0x00000000ebacc308) thrown at [./src/hotspot/share/interpreter/linkResolver.cpp, line 773]
Event: 45.052 Thread 0x000001f7a2999800 Exception <a 'java/lang/NoSuchMethodError'{0x00000000ebad0e98}: 'java.lang.Object java.lang.invoke.Invokers$Holder.linkToTargetMethod(java.lang.Object, java.lang.Object, java.lang.Object, int, java.lang.Object)'> (0x00000000ebad0e98) thrown at [./src/hotspot/share/interpreter/linkResolver.cpp, line 773]
Event: 45.060 Thread 0x000001f7a2999800 Exception <a 'java/lang/NoSuchMethodError'{0x00000000ebafb550}: 'java.lang.Object java.lang.invoke.Invokers$Holder.linkToTargetMethod(java.lang.Object, int, int, java.lang.Object)'> (0x00000000ebafb550) thrown at [./src/hotspot/share/interpreter/linkResolver.cpp, line 773]
Event: 45.066 Thread 0x000001f7a2999800 Exception <a 'java/lang/NoSuchMethodError'{0x00000000eb9139a8}: 'java.lang.Object java.lang.invoke.DirectMethodHandle$Holder.invokeStatic(java.lang.Object, java.lang.Object, int, int, java.lang.Object, java.lang.Object)'> (0x00000000eb9139a8) thrown at [./src/hotspot/share/interpreter/linkResolver.cpp, line 773]
Event: 45.155 Thread 0x000001f7a2999800 Exception <a 'java/lang/NoSuchMethodError'{0x00000000eb899520}: 'java.lang.Object java.lang.invoke.DirectMethodHandle$Holder.invokeSpecial(java.lang.Object, java.lang.Object, int, int, java.lang.Object, java.lang.Object, java.lang.Object)'> (0x00000000eb899520) thrown at [./src/hotspot/share/interpreter/linkResolver.cpp, line 773]
Event: 45.155 Thread 0x000001f7a2999800 Exception <a 'java/lang/NoSuchMethodError'{0x00000000eb89dff0}: 'java.lang.Object java.lang.invoke.DelegatingMethodHandle$Holder.reinvoke_L(java.lang.Object, int, int, java.lang.Object, java.lang.Object, java.lang.Object)'> (0x00000000eb89dff0) thrown at [./src/hotspot/share/interpreter/linkResolver.cpp, line 773]
Event: 45.314 Thread 0x000001f7a2999800 Exception <a 'java/lang/IncompatibleClassChangeError'{0x00000000eb6193f0}: Found class java.lang.Object, but interface was expected> (0x00000000eb6193f0) thrown at [./src/hotspot/share/interpreter/linkResolver.cpp, line 839]
Event: 47.937 Thread 0x000001f7a2999800 Exception <a 'java/lang/NoSuchMethodError'{0x00000000eac90c58}: 'java.lang.Object java.lang.invoke.DirectMethodHandle$Holder.invokeStatic(java.lang.Object, int, java.lang.Object, java.lang.Object, java.lang.Object)'> (0x00000000eac90c58) thrown at [./src/hotspot/share/interpreter/linkResolver.cpp, line 773]
Event: 47.939 Thread 0x000001f7a2999800 Exception <a 'java/lang/NoSuchMethodError'{0x00000000eac95690}: 'java.lang.Object java.lang.invoke.DirectMethodHandle$Holder.invokeSpecial(java.lang.Object, java.lang.Object, int, java.lang.Object, java.lang.Object, java.lang.Object)'> (0x00000000eac95690) thrown at [./src/hotspot/share/interpreter/linkResolver.cpp, line 773]

Events (20 events):
Event: 48.829 loading class org/gradle/api/artifacts/Configuration
Event: 48.829 loading class org/gradle/api/artifacts/Configuration done
Event: 48.829 loading class org/gradle/api/plugins/jvm/internal/DefaultJvmPluginServices
Event: 48.829 loading class org/gradle/api/plugins/jvm/internal/DefaultJvmPluginServices done
Event: 48.870 loading class org/gradle/api/internal/FactoryNamedDomainObjectContainer
Event: 48.870 loading class org/gradle/api/internal/FactoryNamedDomainObjectContainer done
Event: 48.872 loading class org/gradle/api/internal/DynamicPropertyNamer
Event: 48.872 loading class org/gradle/api/internal/DynamicPropertyNamer done
Event: 48.878 loading class org/gradle/api/internal/NoNamingPropertyException
Event: 48.878 loading class org/gradle/api/internal/NoNamingPropertyException done
Event: 48.880 loading class org/gradle/api/internal/NullNamingPropertyException
Event: 48.880 loading class org/gradle/api/internal/NullNamingPropertyException done
Event: 48.926 loading class org/gradle/api/internal/artifacts/configurations/DefaultVariant
Event: 48.926 loading class org/gradle/api/internal/artifacts/configurations/DefaultVariant done
Event: 48.929 loading class org/gradle/api/internal/artifacts/ConfigurationVariantInternal
Event: 48.929 loading class org/gradle/api/internal/artifacts/ConfigurationVariantInternal done
Event: 48.939 loading class org/gradle/internal/Describables$ThreePartDescribable
Event: 48.939 loading class org/gradle/internal/Describables$ThreePartDescribable done
Event: 48.945 loading class org/gradle/api/plugins/jvm/internal/DefaultJvmPluginServices$1
Event: 48.945 loading class org/gradle/api/plugins/jvm/internal/DefaultJvmPluginServices$1 done


Dynamic libraries:
0x00007ff631b90000 - 0x00007ff631b9d000 	C:\Program Files\Eclipse Adoptium\jdk-11.0.17.8-hotspot\bin\java.exe
0x00007ff8a3b50000 - 0x00007ff8a3d48000 	C:\Windows\SYSTEM32\ntdll.dll
0x00007ff8a25e0000 - 0x00007ff8a269f000 	C:\Windows\System32\KERNEL32.DLL
0x00007ff8a1260000 - 0x00007ff8a153a000 	C:\Windows\System32\KERNELBASE.dll
0x00007ff89e130000 - 0x00007ff89e1c0000 	C:\Windows\SYSTEM32\apphelp.dll
0x00007ff8a1a10000 - 0x00007ff8a1b10000 	C:\Windows\System32\ucrtbase.dll
0x00007ff884060000 - 0x00007ff884077000 	C:\Program Files\Eclipse Adoptium\jdk-11.0.17.8-hotspot\bin\jli.dll
0x00007ff8a1c10000 - 0x00007ff8a1dad000 	C:\Windows\System32\USER32.dll
0x00007ff8a1b80000 - 0x00007ff8a1ba2000 	C:\Windows\System32\win32u.dll
0x00007ff8a3a60000 - 0x00007ff8a3a8b000 	C:\Windows\System32\GDI32.dll
0x00007ff8a1710000 - 0x00007ff8a1820000 	C:\Windows\System32\gdi32full.dll
0x00007ff8a1590000 - 0x00007ff8a162d000 	C:\Windows\System32\msvcp_win.dll
0x00007ff8838b0000 - 0x00007ff8838c5000 	C:\Program Files\Eclipse Adoptium\jdk-11.0.17.8-hotspot\bin\VCRUNTIME140.dll
0x00007ff8894c0000 - 0x00007ff88975a000 	C:\Windows\WinSxS\amd64_microsoft.windows.common-controls_6595b64144ccf1df_6.0.19041.1110_none_60b5254171f9507e\COMCTL32.dll
0x00007ff8a3540000 - 0x00007ff8a35de000 	C:\Windows\System32\msvcrt.dll
0x00007ff8a2220000 - 0x00007ff8a2250000 	C:\Windows\System32\IMM32.DLL
0x0000000067fa0000 - 0x0000000067fac000 	C:\Program Files (x86)\360\Total Security\safemon\SafeWrapper.dll
0x00007ff8a2530000 - 0x00007ff8a25de000 	C:\Windows\System32\ADVAPI32.dll
0x00007ff8a3420000 - 0x00007ff8a34bc000 	C:\Windows\System32\sechost.dll
0x00007ff8a2250000 - 0x00007ff8a2376000 	C:\Windows\System32\RPCRT4.dll
0x00007ff86ccd0000 - 0x00007ff86cd62000 	C:\Program Files (x86)\360\Total Security\safemon\libzdtp64.dll
0x00007ff8a2cd0000 - 0x00007ff8a3414000 	C:\Windows\System32\SHELL32.dll
0x00007ff8a37d0000 - 0x00007ff8a3825000 	C:\Windows\System32\SHLWAPI.dll
0x00007ff8a0d10000 - 0x00007ff8a0d1a000 	C:\Windows\SYSTEM32\VERSION.dll
0x00007ff882890000 - 0x00007ff88292b000 	C:\Program Files\Eclipse Adoptium\jdk-11.0.17.8-hotspot\bin\msvcp140.dll
0x00007ff86a340000 - 0x00007ff86aec2000 	C:\Program Files\Eclipse Adoptium\jdk-11.0.17.8-hotspot\bin\server\jvm.dll
0x00007ff8a38f0000 - 0x00007ff8a38f8000 	C:\Windows\System32\PSAPI.DLL
0x00007ff889c60000 - 0x00007ff889c69000 	C:\Windows\SYSTEM32\WSOCK32.dll
0x00007ff8a34d0000 - 0x00007ff8a353b000 	C:\Windows\System32\WS2_32.dll
0x00007ff89fcc0000 - 0x00007ff89fce7000 	C:\Windows\SYSTEM32\WINMM.dll
0x00007ff89f550000 - 0x00007ff89f562000 	C:\Windows\SYSTEM32\kernel.appcore.dll
0x00007ff894890000 - 0x00007ff8948a0000 	C:\Program Files\Eclipse Adoptium\jdk-11.0.17.8-hotspot\bin\verify.dll
0x00007ff89f340000 - 0x00007ff89f524000 	C:\Windows\SYSTEM32\DBGHELP.DLL
0x00007ff87c250000 - 0x00007ff87c284000 	C:\Windows\SYSTEM32\dbgcore.DLL
0x00007ff8a1820000 - 0x00007ff8a18a2000 	C:\Windows\System32\bcryptPrimitives.dll
0x00007ff882990000 - 0x00007ff8829b8000 	C:\Program Files\Eclipse Adoptium\jdk-11.0.17.8-hotspot\bin\java.dll
0x00007ff894800000 - 0x00007ff89480a000 	C:\Program Files\Eclipse Adoptium\jdk-11.0.17.8-hotspot\bin\jimage.dll
0x00007ff882970000 - 0x00007ff882988000 	C:\Program Files\Eclipse Adoptium\jdk-11.0.17.8-hotspot\bin\zip.dll
0x00007ff89e8e0000 - 0x00007ff89f073000 	C:\Windows\SYSTEM32\windows.storage.dll
0x00007ff8a2970000 - 0x00007ff8a2cc4000 	C:\Windows\System32\combase.dll
0x00007ff8a0b40000 - 0x00007ff8a0b6e000 	C:\Windows\SYSTEM32\Wldp.dll
0x00007ff8a3640000 - 0x00007ff8a36ed000 	C:\Windows\System32\SHCORE.dll
0x00007ff8a11a0000 - 0x00007ff8a11bf000 	C:\Windows\SYSTEM32\profapi.dll
0x00007ff882840000 - 0x00007ff882859000 	C:\Program Files\Eclipse Adoptium\jdk-11.0.17.8-hotspot\bin\net.dll
0x00007ff894550000 - 0x00007ff89465a000 	C:\Windows\SYSTEM32\WINHTTP.dll
0x00007ff8a0870000 - 0x00007ff8a08da000 	C:\Windows\system32\mswsock.dll
0x00007ff880f50000 - 0x00007ff880f63000 	C:\Program Files\Eclipse Adoptium\jdk-11.0.17.8-hotspot\bin\nio.dll
0x00007ff886390000 - 0x00007ff8863b7000 	C:\Users\leroc\.gradle\native\e1d6ef7f7dcc3fd88c89a11ec53ec762bb8ba0a96d01ffa2cd45eb1d1d8dd5c5\windows-amd64\native-platform.dll
0x00007ff878eb0000 - 0x00007ff878ff4000 	C:\Users\leroc\.gradle\native\0d407fdbe67a94daf76414ababcb853783967236a71b16ec16e742cd7a986fd3\windows-amd64\native-platform-file-events.dll
0x00007ff883e60000 - 0x00007ff883e69000 	C:\Program Files\Eclipse Adoptium\jdk-11.0.17.8-hotspot\bin\management.dll
0x00007ff8838a0000 - 0x00007ff8838ab000 	C:\Program Files\Eclipse Adoptium\jdk-11.0.17.8-hotspot\bin\management_ext.dll
0x00007ff8a0a90000 - 0x00007ff8a0aa8000 	C:\Windows\SYSTEM32\CRYPTSP.dll
0x00007ff8a0a70000 - 0x00007ff8a0a87000 	C:\Program Files\Common Files\Crypto Pro\AppCompat\cpadvai.dll
0x00007ff8a0190000 - 0x00007ff8a01c4000 	C:\Windows\system32\rsaenh.dll
0x00007ff8a1630000 - 0x00007ff8a1657000 	C:\Windows\System32\bcrypt.dll
0x00007ff8a1120000 - 0x00007ff8a114e000 	C:\Windows\SYSTEM32\USERENV.dll
0x00007ff8a0ab0000 - 0x00007ff8a0abc000 	C:\Windows\SYSTEM32\CRYPTBASE.dll
0x00007ff8a0560000 - 0x00007ff8a059c000 	C:\Windows\SYSTEM32\IPHLPAPI.DLL
0x00007ff8a3830000 - 0x00007ff8a3838000 	C:\Windows\System32\NSI.dll
0x00007ff8947e0000 - 0x00007ff8947f7000 	C:\Windows\SYSTEM32\dhcpcsvc6.DLL
0x00007ff894a00000 - 0x00007ff894a1d000 	C:\Windows\SYSTEM32\dhcpcsvc.DLL
0x00007ff8a05a0000 - 0x00007ff8a066b000 	C:\Windows\SYSTEM32\DNSAPI.dll
0x00007ff8a02d0000 - 0x00007ff8a0303000 	C:\Windows\SYSTEM32\ntmarta.dll

dbghelp: loaded successfully - version: 4.0.5 - missing functions: none
symbol engine: initialized successfully - sym options: 0x614 - pdb path: .;C:\Program Files\Eclipse Adoptium\jdk-11.0.17.8-hotspot\bin;C:\Windows\SYSTEM32;C:\Windows\WinSxS\amd64_microsoft.windows.common-controls_6595b64144ccf1df_6.0.19041.1110_none_60b5254171f9507e;C:\Program Files (x86)\360\Total Security\safemon;C:\Program Files\Eclipse Adoptium\jdk-11.0.17.8-hotspot\bin\server;C:\Users\leroc\.gradle\native\e1d6ef7f7dcc3fd88c89a11ec53ec762bb8ba0a96d01ffa2cd45eb1d1d8dd5c5\windows-amd64;C:\Users\leroc\.gradle\native\0d407fdbe67a94daf76414ababcb853783967236a71b16ec16e742cd7a986fd3\windows-amd64;C:\Program Files\Common Files\Crypto Pro\AppCompat

VM Arguments:
jvm_args: --add-opens=java.base/java.util=ALL-UNNAMED --add-opens=java.base/java.lang=ALL-UNNAMED --add-opens=java.base/java.lang.invoke=ALL-UNNAMED --add-opens=java.base/java.util=ALL-UNNAMED --add-opens=java.prefs/java.util.prefs=ALL-UNNAMED --add-opens=java.prefs/java.util.prefs=ALL-UNNAMED --add-opens=java.base/java.nio.charset=ALL-UNNAMED --add-opens=java.base/java.net=ALL-UNNAMED --add-opens=java.base/java.util.concurrent.atomic=ALL-UNNAMED -XX:MaxMetaspaceSize=256m -XX:+HeapDumpOnOutOfMemoryError -Xms256m -Xmx512m -Dfile.encoding=utf8 -Duser.country=RU -Duser.language=ru -Duser.variant 
java_command: org.gradle.launcher.daemon.bootstrap.GradleDaemon 7.5.1
java_class_path (initial): C:\Users\leroc\.gradle\wrapper\dists\gradle-7.5.1-bin\7jzzequgds1hbszbhq3npc5ng\gradle-7.5.1\lib\gradle-launcher-7.5.1.jar
Launcher Type: SUN_STANDARD

[Global flags]
     intx CICompilerCount                          = 3                                         {product} {ergonomic}
   size_t CompressedClassSpaceSize                 = 260046848                                 {product} {ergonomic}
     uint ConcGCThreads                            = 1                                         {product} {ergonomic}
     uint G1ConcRefinementThreads                  = 4                                         {product} {ergonomic}
   size_t G1HeapRegionSize                         = 1048576                                   {product} {ergonomic}
    uintx GCDrainStackTargetSize                   = 64                                        {product} {ergonomic}
     bool HeapDumpOnOutOfMemoryError               = true                                   {manageable} {command line}
   size_t InitialHeapSize                          = 268435456                                 {product} {command line}
   size_t MarkStackSize                            = 4194304                                   {product} {ergonomic}
   size_t MaxHeapSize                              = 536870912                                 {product} {command line}
   size_t MaxMetaspaceSize                         = 268435456                                 {product} {command line}
   size_t MaxNewSize                               = 321912832                                 {product} {ergonomic}
   size_t MinHeapDeltaBytes                        = 1048576                                   {product} {ergonomic}
    uintx NonNMethodCodeHeapSize                   = 5830732                                {pd product} {ergonomic}
    uintx NonProfiledCodeHeapSize                  = 122913754                              {pd product} {ergonomic}
    uintx ProfiledCodeHeapSize                     = 122913754                              {pd product} {ergonomic}
    uintx ReservedCodeCacheSize                    = 251658240                              {pd product} {ergonomic}
     bool SegmentedCodeCache                       = true                                      {product} {ergonomic}
     bool UseCompressedClassPointers               = true                                 {lp64_product} {ergonomic}
     bool UseCompressedOops                        = true                                 {lp64_product} {ergonomic}
     bool UseG1GC                                  = true                                      {product} {ergonomic}
     bool UseLargePagesIndividualAllocation        = false                                  {pd product} {ergonomic}

Logging:
Log output configuration:
 #0: stdout all=warning uptime,level,tags
 #1: stderr all=off uptime,level,tags

Environment Variables:
PATH=C:\Program Files\Common Files\Oracle\Java\javapath;C:\Program Files\Eclipse Adoptium\jdk-11.0.17.8-hotspot\bin;C:\Program Files (x86)\Common Files\Intel\Shared Files\cpp\bin\Intel64;C:\Windows\system32;C:\Windows;C:\Windows\System32\Wbem;C:\Windows\System32\WindowsPowerShell\v1.0\;C:\Windows\System32\OpenSSH\;C:\Program Files\Git\cmd;C:\Users\leroc\AppData\Local\Microsoft\WindowsApps;;C:\Users\leroc\AppData\Local\Programs\Microsoft VS Code\bin
USERNAME=leroc
OS=Windows_NT
PROCESSOR_IDENTIFIER=AMD64 Family 23 Model 24 Stepping 1, AuthenticAMD
TMP=C:\Users\leroc\AppData\Local\Temp
TEMP=C:\Users\leroc\AppData\Local\Temp



---------------  S Y S T E M  ---------------

OS: Windows 10 , 64 bit Build 19041 (10.0.19041.2788)
OS uptime: 2 days 0:58 hours

CPU:total 4 (initial active 4) (4 cores per cpu, 2 threads per core) family 23 model 24 stepping 1 microcode 0x0, cmov, cx8, fxsr, mmx, sse, sse2, sse3, ssse3, sse4.1, sse4.2, popcnt, avx, avx2, aes, clmul, mmxext, 3dnowpref, lzcnt, sse4a, ht, tsc, tscinvbit, tscinv, bmi1, bmi2, adx, sha, fma

Memory: 4k page, system-wide physical 3460M (225M free)
TotalPageFile size 14212M (AvailPageFile size 4M)
current process WorkingSet (physical memory assigned to process): 217M, peak: 248M
current process commit charge ("private bytes"): 457M, peak: 477M

vm_info: OpenJDK 64-Bit Server VM (11.0.17+8) for windows-amd64 JRE (11.0.17+8), built on Oct 19 2022 00:04:05 by "" with MS VC++ 15.9 (VS2017)

END.
